{"/Users/Ivan_Habor/myprojects/agoryx-chat/lib/api/auth.ts": {"path":"/Users/Ivan_Habor/myprojects/agoryx-chat/lib/api/auth.ts","statementMap":{"0":{"start":{"line":42,"column":18},"end":{"line":42,"column":null}},"1":{"start":{"line":44,"column":2},"end":{"line":46,"column":null}},"2":{"start":{"line":45,"column":4},"end":{"line":45,"column":null}},"3":{"start":{"line":48,"column":2},"end":{"line":50,"column":null}},"4":{"start":{"line":49,"column":4},"end":{"line":49,"column":null}},"5":{"start":{"line":52,"column":2},"end":{"line":63,"column":null}},"6":{"start":{"line":83,"column":15},"end":{"line":83,"column":null}},"7":{"start":{"line":85,"column":2},"end":{"line":87,"column":null}},"8":{"start":{"line":86,"column":4},"end":{"line":86,"column":null}},"9":{"start":{"line":89,"column":2},"end":{"line":91,"column":null}},"10":{"start":{"line":90,"column":4},"end":{"line":90,"column":null}},"11":{"start":{"line":93,"column":2},"end":{"line":93,"column":null}},"12":{"start":{"line":100,"column":2},"end":{"line":100,"column":null}},"13":{"start":{"line":107,"column":2},"end":{"line":107,"column":null}}},"fnMap":{"0":{"name":"requireAuth","decl":{"start":{"line":41,"column":22},"end":{"line":41,"column":69}},"loc":{"start":{"line":41,"column":69},"end":{"line":64,"column":null}},"line":41},"1":{"name":"requireAdmin","decl":{"start":{"line":82,"column":22},"end":{"line":82,"column":70}},"loc":{"start":{"line":82,"column":70},"end":{"line":94,"column":null}},"line":82},"2":{"name":"isAuthError","decl":{"start":{"line":99,"column":16},"end":{"line":99,"column":28}},"loc":{"start":{"line":99,"column":81},"end":{"line":101,"column":null}},"line":99},"3":{"name":"authErrorResponse","decl":{"start":{"line":106,"column":16},"end":{"line":106,"column":34}},"loc":{"start":{"line":106,"column":66},"end":{"line":108,"column":null}},"line":106}},"branchMap":{"0":{"loc":{"start":{"line":44,"column":2},"end":{"line":46,"column":null}},"type":"if","locations":[{"start":{"line":44,"column":2},"end":{"line":46,"column":null}},{"start":{},"end":{}}],"line":44},"1":{"loc":{"start":{"line":48,"column":2},"end":{"line":50,"column":null}},"type":"if","locations":[{"start":{"line":48,"column":2},"end":{"line":50,"column":null}},{"start":{},"end":{}}],"line":48},"2":{"loc":{"start":{"line":85,"column":2},"end":{"line":87,"column":null}},"type":"if","locations":[{"start":{"line":85,"column":2},"end":{"line":87,"column":null}},{"start":{},"end":{}}],"line":85},"3":{"loc":{"start":{"line":89,"column":2},"end":{"line":91,"column":null}},"type":"if","locations":[{"start":{"line":89,"column":2},"end":{"line":91,"column":null}},{"start":{},"end":{}}],"line":89}},"s":{"0":9,"1":9,"2":3,"3":6,"4":2,"5":4,"6":4,"7":4,"8":2,"9":2,"10":1,"11":1,"12":5,"13":4},"f":{"0":9,"1":4,"2":5,"3":4},"b":{"0":[3,6],"1":[2,4],"2":[2,2],"3":[1,1]},"meta":{"lastBranch":4,"lastFunction":4,"lastStatement":14,"seen":{"f:41:22:41:69":0,"s:42:18:42:Infinity":0,"b:44:2:46:Infinity:undefined:undefined:undefined:undefined":0,"s:44:2:46:Infinity":1,"s:45:4:45:Infinity":2,"b:48:2:50:Infinity:undefined:undefined:undefined:undefined":1,"s:48:2:50:Infinity":3,"s:49:4:49:Infinity":4,"s:52:2:63:Infinity":5,"f:82:22:82:70":1,"s:83:15:83:Infinity":6,"b:85:2:87:Infinity:undefined:undefined:undefined:undefined":2,"s:85:2:87:Infinity":7,"s:86:4:86:Infinity":8,"b:89:2:91:Infinity:undefined:undefined:undefined:undefined":3,"s:89:2:91:Infinity":9,"s:90:4:90:Infinity":10,"s:93:2:93:Infinity":11,"f:99:16:99:28":2,"s:100:2:100:Infinity":12,"f:106:16:106:34":3,"s:107:2:107:Infinity":13}}}
,"/Users/Ivan_Habor/myprojects/agoryx-chat/lib/db/models/Conversation.ts": {"path":"/Users/Ivan_Habor/myprojects/agoryx-chat/lib/db/models/Conversation.ts","statementMap":{"0":{"start":{"line":30,"column":38},"end":{"line":40,"column":null}},"1":{"start":{"line":42,"column":35},"end":{"line":48,"column":null}},"2":{"start":{"line":50,"column":27},"end":{"line":76,"column":null}},"3":{"start":{"line":67,"column":22},"end":{"line":67,"column":null}},"4":{"start":{"line":72,"column":22},"end":{"line":72,"column":null}},"5":{"start":{"line":79,"column":0},"end":{"line":79,"column":null}},"6":{"start":{"line":82,"column":2},"end":{"line":82,"column":null}}},"fnMap":{"0":{"name":"(anonymous_0)","decl":{"start":{"line":67,"column":15},"end":{"line":67,"column":22}},"loc":{"start":{"line":67,"column":22},"end":{"line":67,"column":null}},"line":67},"1":{"name":"(anonymous_1)","decl":{"start":{"line":72,"column":15},"end":{"line":72,"column":22}},"loc":{"start":{"line":72,"column":22},"end":{"line":72,"column":null}},"line":72}},"branchMap":{"0":{"loc":{"start":{"line":82,"column":2},"end":{"line":82,"column":null}},"type":"binary-expr","locations":[{"start":{"line":82,"column":2},"end":{"line":82,"column":34}},{"start":{"line":82,"column":34},"end":{"line":82,"column":null}}],"line":82}},"s":{"0":2,"1":2,"2":2,"3":0,"4":0,"5":2,"6":2},"f":{"0":0,"1":0},"b":{"0":[2,2]},"meta":{"lastBranch":1,"lastFunction":2,"lastStatement":7,"seen":{"s:30:38:40:Infinity":0,"s:42:35:48:Infinity":1,"s:50:27:76:Infinity":2,"f:67:15:67:22":0,"s:67:22:67:Infinity":3,"f:72:15:72:22":1,"s:72:22:72:Infinity":4,"s:79:0:79:Infinity":5,"s:82:2:82:Infinity":6,"b:82:2:82:34:82:34:82:Infinity":0}}}
,"/Users/Ivan_Habor/myprojects/agoryx-chat/lib/db/models/Message.ts": {"path":"/Users/Ivan_Habor/myprojects/agoryx-chat/lib/db/models/Message.ts","statementMap":{"0":{"start":{"line":32,"column":25},"end":{"line":42,"column":null}},"1":{"start":{"line":44,"column":30},"end":{"line":50,"column":null}},"2":{"start":{"line":52,"column":22},"end":{"line":74,"column":null}},"3":{"start":{"line":77,"column":0},"end":{"line":77,"column":null}},"4":{"start":{"line":80,"column":2},"end":{"line":80,"column":null}}},"fnMap":{},"branchMap":{"0":{"loc":{"start":{"line":80,"column":2},"end":{"line":80,"column":null}},"type":"binary-expr","locations":[{"start":{"line":80,"column":2},"end":{"line":80,"column":29}},{"start":{"line":80,"column":29},"end":{"line":80,"column":null}}],"line":80}},"s":{"0":2,"1":2,"2":2,"3":2,"4":2},"f":{},"b":{"0":[2,2]},"meta":{"lastBranch":1,"lastFunction":0,"lastStatement":5,"seen":{"s:32:25:42:Infinity":0,"s:44:30:50:Infinity":1,"s:52:22:74:Infinity":2,"s:77:0:77:Infinity":3,"s:80:2:80:Infinity":4,"b:80:2:80:29:80:29:80:Infinity":0}}}
,"/Users/Ivan_Habor/myprojects/agoryx-chat/lib/db/models/UsageLog.ts": {"path":"/Users/Ivan_Habor/myprojects/agoryx-chat/lib/db/models/UsageLog.ts","statementMap":{"0":{"start":{"line":16,"column":23},"end":{"line":38,"column":null}},"1":{"start":{"line":41,"column":0},"end":{"line":41,"column":null}},"2":{"start":{"line":44,"column":2},"end":{"line":44,"column":null}}},"fnMap":{},"branchMap":{"0":{"loc":{"start":{"line":44,"column":2},"end":{"line":44,"column":null}},"type":"binary-expr","locations":[{"start":{"line":44,"column":2},"end":{"line":44,"column":30}},{"start":{"line":44,"column":30},"end":{"line":44,"column":null}}],"line":44}},"s":{"0":1,"1":1,"2":1},"f":{},"b":{"0":[1,1]},"meta":{"lastBranch":1,"lastFunction":0,"lastStatement":3,"seen":{"s:16:23:38:Infinity":0,"s:41:0:41:Infinity":1,"s:44:2:44:Infinity":2,"b:44:2:44:30:44:30:44:Infinity":0}}}
,"/Users/Ivan_Habor/myprojects/agoryx-chat/lib/db/models/User.ts": {"path":"/Users/Ivan_Habor/myprojects/agoryx-chat/lib/db/models/User.ts","statementMap":{"0":{"start":{"line":28,"column":19},"end":{"line":62,"column":null}},"1":{"start":{"line":66,"column":27},"end":{"line":66,"column":null}}},"fnMap":{},"branchMap":{"0":{"loc":{"start":{"line":66,"column":27},"end":{"line":66,"column":null}},"type":"binary-expr","locations":[{"start":{"line":66,"column":27},"end":{"line":66,"column":51}},{"start":{"line":66,"column":51},"end":{"line":66,"column":null}}],"line":66}},"s":{"0":1,"1":1},"f":{},"b":{"0":[1,1]},"meta":{"lastBranch":1,"lastFunction":0,"lastStatement":2,"seen":{"s:28:19:62:Infinity":0,"s:66:27:66:Infinity":1,"b:66:27:66:51:66:51:66:Infinity":0}}}
,"/Users/Ivan_Habor/myprojects/agoryx-chat/lib/hooks/useAgentStream.ts": {"path":"/Users/Ivan_Habor/myprojects/agoryx-chat/lib/hooks/useAgentStream.ts","statementMap":{"0":{"start":{"line":56,"column":8},"end":{"line":56,"column":null}},"1":{"start":{"line":57,"column":8},"end":{"line":57,"column":null}},"2":{"start":{"line":59,"column":36},"end":{"line":59,"column":null}},"3":{"start":{"line":60,"column":48},"end":{"line":62,"column":null}},"4":{"start":{"line":63,"column":40},"end":{"line":63,"column":null}},"5":{"start":{"line":64,"column":36},"end":{"line":64,"column":null}},"6":{"start":{"line":65,"column":32},"end":{"line":65,"column":null}},"7":{"start":{"line":66,"column":24},"end":{"line":66,"column":null}},"8":{"start":{"line":68,"column":8},"end":{"line":74,"column":null}},"9":{"start":{"line":69,"column":4},"end":{"line":72,"column":null}},"10":{"start":{"line":70,"column":6},"end":{"line":70,"column":null}},"11":{"start":{"line":71,"column":6},"end":{"line":71,"column":null}},"12":{"start":{"line":73,"column":4},"end":{"line":73,"column":null}},"13":{"start":{"line":76,"column":8},"end":{"line":236,"column":null}},"14":{"start":{"line":83,"column":6},"end":{"line":83,"column":null}},"15":{"start":{"line":84,"column":6},"end":{"line":84,"column":null}},"16":{"start":{"line":85,"column":6},"end":{"line":85,"column":null}},"17":{"start":{"line":86,"column":6},"end":{"line":86,"column":null}},"18":{"start":{"line":87,"column":6},"end":{"line":87,"column":null}},"19":{"start":{"line":88,"column":6},"end":{"line":88,"column":null}},"20":{"start":{"line":91,"column":6},"end":{"line":91,"column":null}},"21":{"start":{"line":93,"column":6},"end":{"line":163,"column":null}},"22":{"start":{"line":94,"column":25},"end":{"line":102,"column":null}},"23":{"start":{"line":104,"column":8},"end":{"line":107,"column":null}},"24":{"start":{"line":105,"column":28},"end":{"line":105,"column":null}},"25":{"start":{"line":105,"column":63},"end":{"line":105,"column":66}},"26":{"start":{"line":106,"column":10},"end":{"line":106,"column":null}},"27":{"start":{"line":109,"column":8},"end":{"line":111,"column":null}},"28":{"start":{"line":110,"column":10},"end":{"line":110,"column":null}},"29":{"start":{"line":113,"column":23},"end":{"line":113,"column":null}},"30":{"start":{"line":114,"column":24},"end":{"line":114,"column":null}},"31":{"start":{"line":115,"column":21},"end":{"line":115,"column":null}},"32":{"start":{"line":117,"column":8},"end":{"line":137,"column":null}},"33":{"start":{"line":118,"column":34},"end":{"line":118,"column":null}},"34":{"start":{"line":119,"column":10},"end":{"line":119,"column":null}},"35":{"start":{"line":119,"column":20},"end":{"line":119,"column":null}},"36":{"start":{"line":121,"column":10},"end":{"line":121,"column":null}},"37":{"start":{"line":124,"column":24},"end":{"line":124,"column":null}},"38":{"start":{"line":125,"column":10},"end":{"line":125,"column":null}},"39":{"start":{"line":127,"column":10},"end":{"line":136,"column":null}},"40":{"start":{"line":128,"column":12},"end":{"line":135,"column":null}},"41":{"start":{"line":129,"column":14},"end":{"line":134,"column":null}},"42":{"start":{"line":130,"column":43},"end":{"line":130,"column":null}},"43":{"start":{"line":131,"column":16},"end":{"line":131,"column":null}},"44":{"start":{"line":133,"column":16},"end":{"line":133,"column":null}},"45":{"start":{"line":140,"column":8},"end":{"line":147,"column":null}},"46":{"start":{"line":141,"column":10},"end":{"line":146,"column":null}},"47":{"start":{"line":142,"column":39},"end":{"line":142,"column":null}},"48":{"start":{"line":143,"column":12},"end":{"line":143,"column":null}},"49":{"start":{"line":150,"column":8},"end":{"line":152,"column":null}},"50":{"start":{"line":153,"column":8},"end":{"line":153,"column":null}},"51":{"start":{"line":155,"column":8},"end":{"line":158,"column":null}},"52":{"start":{"line":157,"column":10},"end":{"line":157,"column":null}},"53":{"start":{"line":159,"column":8},"end":{"line":159,"column":null}},"54":{"start":{"line":161,"column":8},"end":{"line":161,"column":null}},"55":{"start":{"line":162,"column":8},"end":{"line":162,"column":null}},"56":{"start":{"line":166,"column":8},"end":{"line":232,"column":null}},"57":{"start":{"line":168,"column":12},"end":{"line":168,"column":null}},"58":{"start":{"line":169,"column":12},"end":{"line":169,"column":null}},"59":{"start":{"line":172,"column":12},"end":{"line":183,"column":null}},"60":{"start":{"line":173,"column":14},"end":{"line":182,"column":null}},"61":{"start":{"line":174,"column":29},"end":{"line":174,"column":null}},"62":{"start":{"line":175,"column":16},"end":{"line":180,"column":null}},"63":{"start":{"line":181,"column":16},"end":{"line":181,"column":null}},"64":{"start":{"line":184,"column":12},"end":{"line":184,"column":null}},"65":{"start":{"line":187,"column":12},"end":{"line":199,"column":null}},"66":{"start":{"line":188,"column":14},"end":{"line":198,"column":null}},"67":{"start":{"line":189,"column":29},"end":{"line":189,"column":null}},"68":{"start":{"line":190,"column":33},"end":{"line":190,"column":null}},"69":{"start":{"line":191,"column":16},"end":{"line":196,"column":null}},"70":{"start":{"line":192,"column":18},"end":{"line":195,"column":null}},"71":{"start":{"line":197,"column":16},"end":{"line":197,"column":null}},"72":{"start":{"line":200,"column":12},"end":{"line":200,"column":null}},"73":{"start":{"line":203,"column":12},"end":{"line":218,"column":null}},"74":{"start":{"line":204,"column":14},"end":{"line":214,"column":null}},"75":{"start":{"line":205,"column":29},"end":{"line":205,"column":null}},"76":{"start":{"line":206,"column":33},"end":{"line":206,"column":null}},"77":{"start":{"line":207,"column":16},"end":{"line":212,"column":null}},"78":{"start":{"line":208,"column":18},"end":{"line":211,"column":null}},"79":{"start":{"line":213,"column":16},"end":{"line":213,"column":null}},"80":{"start":{"line":215,"column":14},"end":{"line":217,"column":null}},"81":{"start":{"line":216,"column":16},"end":{"line":216,"column":null}},"82":{"start":{"line":216,"column":39},"end":{"line":216,"column":57}},"83":{"start":{"line":219,"column":12},"end":{"line":219,"column":null}},"84":{"start":{"line":222,"column":12},"end":{"line":222,"column":null}},"85":{"start":{"line":223,"column":12},"end":{"line":223,"column":null}},"86":{"start":{"line":227,"column":12},"end":{"line":227,"column":null}},"87":{"start":{"line":230,"column":12},"end":{"line":230,"column":null}},"88":{"start":{"line":231,"column":12},"end":{"line":231,"column":null}},"89":{"start":{"line":238,"column":2},"end":{"line":247,"column":null}}},"fnMap":{"0":{"name":"useAgentStream","decl":{"start":{"line":55,"column":16},"end":{"line":55,"column":55}},"loc":{"start":{"line":55,"column":55},"end":{"line":248,"column":null}},"line":55},"1":{"name":"(anonymous_1)","decl":{"start":{"line":68,"column":34},"end":{"line":68,"column":40}},"loc":{"start":{"line":68,"column":40},"end":{"line":74,"column":5}},"line":68},"2":{"name":"(anonymous_2)","decl":{"start":{"line":77,"column":4},"end":{"line":77,"column":null}},"loc":{"start":{"line":81,"column":9},"end":{"line":234,"column":null}},"line":81},"3":{"name":"(anonymous_3)","decl":{"start":{"line":105,"column":56},"end":{"line":105,"column":63}},"loc":{"start":{"line":105,"column":63},"end":{"line":105,"column":66}},"line":105},"4":{"name":"processEvent","decl":{"start":{"line":165,"column":15},"end":{"line":165,"column":28}},"loc":{"start":{"line":165,"column":48},"end":{"line":233,"column":null}},"line":165},"5":{"name":"(anonymous_5)","decl":{"start":{"line":173,"column":35},"end":{"line":173,"column":36}},"loc":{"start":{"line":173,"column":45},"end":{"line":182,"column":15}},"line":173},"6":{"name":"(anonymous_6)","decl":{"start":{"line":188,"column":35},"end":{"line":188,"column":36}},"loc":{"start":{"line":188,"column":45},"end":{"line":198,"column":15}},"line":188},"7":{"name":"(anonymous_7)","decl":{"start":{"line":204,"column":35},"end":{"line":204,"column":36}},"loc":{"start":{"line":204,"column":45},"end":{"line":214,"column":15}},"line":204},"8":{"name":"(anonymous_8)","decl":{"start":{"line":216,"column":29},"end":{"line":216,"column":30}},"loc":{"start":{"line":216,"column":39},"end":{"line":216,"column":57}},"line":216}},"branchMap":{"0":{"loc":{"start":{"line":69,"column":4},"end":{"line":72,"column":null}},"type":"if","locations":[{"start":{"line":69,"column":4},"end":{"line":72,"column":null}},{"start":{},"end":{}}],"line":69},"1":{"loc":{"start":{"line":104,"column":8},"end":{"line":107,"column":null}},"type":"if","locations":[{"start":{"line":104,"column":8},"end":{"line":107,"column":null}},{"start":{},"end":{}}],"line":104},"2":{"loc":{"start":{"line":106,"column":26},"end":{"line":106,"column":70}},"type":"binary-expr","locations":[{"start":{"line":106,"column":26},"end":{"line":106,"column":45}},{"start":{"line":106,"column":45},"end":{"line":106,"column":70}}],"line":106},"3":{"loc":{"start":{"line":109,"column":8},"end":{"line":111,"column":null}},"type":"if","locations":[{"start":{"line":109,"column":8},"end":{"line":111,"column":null}},{"start":{},"end":{}}],"line":109},"4":{"loc":{"start":{"line":119,"column":10},"end":{"line":119,"column":null}},"type":"if","locations":[{"start":{"line":119,"column":10},"end":{"line":119,"column":null}},{"start":{},"end":{}}],"line":119},"5":{"loc":{"start":{"line":125,"column":19},"end":{"line":125,"column":null}},"type":"binary-expr","locations":[{"start":{"line":125,"column":19},"end":{"line":125,"column":34}},{"start":{"line":125,"column":34},"end":{"line":125,"column":null}}],"line":125},"6":{"loc":{"start":{"line":128,"column":12},"end":{"line":135,"column":null}},"type":"if","locations":[{"start":{"line":128,"column":12},"end":{"line":135,"column":null}},{"start":{},"end":{}}],"line":128},"7":{"loc":{"start":{"line":140,"column":8},"end":{"line":147,"column":null}},"type":"if","locations":[{"start":{"line":140,"column":8},"end":{"line":147,"column":null}},{"start":{},"end":{}}],"line":140},"8":{"loc":{"start":{"line":155,"column":8},"end":{"line":158,"column":null}},"type":"if","locations":[{"start":{"line":155,"column":8},"end":{"line":158,"column":null}},{"start":{},"end":{}}],"line":155},"9":{"loc":{"start":{"line":166,"column":8},"end":{"line":232,"column":null}},"type":"switch","locations":[{"start":{"line":167,"column":10},"end":{"line":169,"column":null}},{"start":{"line":171,"column":10},"end":{"line":184,"column":null}},{"start":{"line":186,"column":10},"end":{"line":200,"column":null}},{"start":{"line":202,"column":10},"end":{"line":219,"column":null}},{"start":{"line":221,"column":10},"end":{"line":223,"column":null}},{"start":{"line":225,"column":10},"end":{"line":227,"column":null}},{"start":{"line":229,"column":10},"end":{"line":231,"column":null}}],"line":166},"10":{"loc":{"start":{"line":168,"column":29},"end":{"line":168,"column":52}},"type":"binary-expr","locations":[{"start":{"line":168,"column":29},"end":{"line":168,"column":48}},{"start":{"line":168,"column":48},"end":{"line":168,"column":52}}],"line":168},"11":{"loc":{"start":{"line":172,"column":12},"end":{"line":183,"column":null}},"type":"if","locations":[{"start":{"line":172,"column":12},"end":{"line":183,"column":null}},{"start":{},"end":{}}],"line":172},"12":{"loc":{"start":{"line":172,"column":16},"end":{"line":172,"column":50}},"type":"binary-expr","locations":[{"start":{"line":172,"column":16},"end":{"line":172,"column":35}},{"start":{"line":172,"column":35},"end":{"line":172,"column":50}}],"line":172},"13":{"loc":{"start":{"line":187,"column":12},"end":{"line":199,"column":null}},"type":"if","locations":[{"start":{"line":187,"column":12},"end":{"line":199,"column":null}},{"start":{},"end":{}}],"line":187},"14":{"loc":{"start":{"line":187,"column":16},"end":{"line":187,"column":50}},"type":"binary-expr","locations":[{"start":{"line":187,"column":16},"end":{"line":187,"column":35}},{"start":{"line":187,"column":35},"end":{"line":187,"column":50}}],"line":187},"15":{"loc":{"start":{"line":191,"column":16},"end":{"line":196,"column":null}},"type":"if","locations":[{"start":{"line":191,"column":16},"end":{"line":196,"column":null}},{"start":{},"end":{}}],"line":191},"16":{"loc":{"start":{"line":203,"column":12},"end":{"line":218,"column":null}},"type":"if","locations":[{"start":{"line":203,"column":12},"end":{"line":218,"column":null}},{"start":{},"end":{}}],"line":203},"17":{"loc":{"start":{"line":207,"column":16},"end":{"line":212,"column":null}},"type":"if","locations":[{"start":{"line":207,"column":16},"end":{"line":212,"column":null}},{"start":{},"end":{}}],"line":207},"18":{"loc":{"start":{"line":215,"column":14},"end":{"line":217,"column":null}},"type":"if","locations":[{"start":{"line":215,"column":14},"end":{"line":217,"column":null}},{"start":{},"end":{}}],"line":215},"19":{"loc":{"start":{"line":222,"column":27},"end":{"line":222,"column":42}},"type":"binary-expr","locations":[{"start":{"line":222,"column":27},"end":{"line":222,"column":41}},{"start":{"line":222,"column":41},"end":{"line":222,"column":42}}],"line":222},"20":{"loc":{"start":{"line":230,"column":21},"end":{"line":230,"column":51}},"type":"binary-expr","locations":[{"start":{"line":230,"column":21},"end":{"line":230,"column":36}},{"start":{"line":230,"column":36},"end":{"line":230,"column":51}}],"line":230}},"s":{"0":43,"1":43,"2":43,"3":43,"4":43,"5":43,"6":43,"7":43,"8":43,"9":2,"10":2,"11":2,"12":2,"13":43,"14":17,"15":17,"16":17,"17":17,"18":17,"19":17,"20":17,"21":17,"22":17,"23":15,"24":2,"25":1,"26":2,"27":13,"28":1,"29":12,"30":12,"31":12,"32":12,"33":47,"34":47,"35":12,"36":35,"37":35,"38":35,"39":47,"40":70,"41":35,"42":35,"43":35,"44":0,"45":12,"46":0,"47":0,"48":0,"49":12,"50":12,"51":4,"52":1,"53":3,"54":16,"55":16,"56":35,"57":2,"58":2,"59":7,"60":7,"61":7,"62":7,"63":7,"64":7,"65":7,"66":7,"67":7,"68":7,"69":7,"70":7,"71":7,"72":7,"73":5,"74":5,"75":5,"76":5,"77":5,"78":5,"79":5,"80":5,"81":5,"82":5,"83":5,"84":3,"85":3,"86":10,"87":1,"88":1,"89":43},"f":{"0":43,"1":2,"2":17,"3":1,"4":35,"5":7,"6":7,"7":5,"8":5},"b":{"0":[2,0],"1":[2,13],"2":[2,1],"3":[1,12],"4":[12,35],"5":[35,35],"6":[35,35],"7":[0,12],"8":[1,3],"9":[2,7,7,5,3,10,1],"10":[2,0],"11":[7,0],"12":[7,7],"13":[7,0],"14":[7,7],"15":[7,0],"16":[5,0],"17":[5,0],"18":[5,0],"19":[3,0],"20":[1,0]},"meta":{"lastBranch":21,"lastFunction":9,"lastStatement":90,"seen":{"f:55:16:55:55":0,"s:56:8:56:Infinity":0,"s:57:8:57:Infinity":1,"s:59:36:59:Infinity":2,"s:60:48:62:Infinity":3,"s:63:40:63:Infinity":4,"s:64:36:64:Infinity":5,"s:65:32:65:Infinity":6,"s:66:24:66:Infinity":7,"s:68:8:74:Infinity":8,"f:68:34:68:40":1,"b:69:4:72:Infinity:undefined:undefined:undefined:undefined":0,"s:69:4:72:Infinity":9,"s:70:6:70:Infinity":10,"s:71:6:71:Infinity":11,"s:73:4:73:Infinity":12,"s:76:8:236:Infinity":13,"f:77:4:77:Infinity":2,"s:83:6:83:Infinity":14,"s:84:6:84:Infinity":15,"s:85:6:85:Infinity":16,"s:86:6:86:Infinity":17,"s:87:6:87:Infinity":18,"s:88:6:88:Infinity":19,"s:91:6:91:Infinity":20,"s:93:6:163:Infinity":21,"s:94:25:102:Infinity":22,"b:104:8:107:Infinity:undefined:undefined:undefined:undefined":1,"s:104:8:107:Infinity":23,"s:105:28:105:Infinity":24,"f:105:56:105:63":3,"s:105:63:105:66":25,"s:106:10:106:Infinity":26,"b:106:26:106:45:106:45:106:70":2,"b:109:8:111:Infinity:undefined:undefined:undefined:undefined":3,"s:109:8:111:Infinity":27,"s:110:10:110:Infinity":28,"s:113:23:113:Infinity":29,"s:114:24:114:Infinity":30,"s:115:21:115:Infinity":31,"s:117:8:137:Infinity":32,"s:118:34:118:Infinity":33,"b:119:10:119:Infinity:undefined:undefined:undefined:undefined":4,"s:119:10:119:Infinity":34,"s:119:20:119:Infinity":35,"s:121:10:121:Infinity":36,"s:124:24:124:Infinity":37,"s:125:10:125:Infinity":38,"b:125:19:125:34:125:34:125:Infinity":5,"s:127:10:136:Infinity":39,"b:128:12:135:Infinity:undefined:undefined:undefined:undefined":6,"s:128:12:135:Infinity":40,"s:129:14:134:Infinity":41,"s:130:43:130:Infinity":42,"s:131:16:131:Infinity":43,"s:133:16:133:Infinity":44,"b:140:8:147:Infinity:undefined:undefined:undefined:undefined":7,"s:140:8:147:Infinity":45,"s:141:10:146:Infinity":46,"s:142:39:142:Infinity":47,"s:143:12:143:Infinity":48,"s:150:8:152:Infinity":49,"s:153:8:153:Infinity":50,"b:155:8:158:Infinity:undefined:undefined:undefined:undefined":8,"s:155:8:158:Infinity":51,"s:157:10:157:Infinity":52,"s:159:8:159:Infinity":53,"s:161:8:161:Infinity":54,"s:162:8:162:Infinity":55,"f:165:15:165:28":4,"b:167:10:169:Infinity:171:10:184:Infinity:186:10:200:Infinity:202:10:219:Infinity:221:10:223:Infinity:225:10:227:Infinity:229:10:231:Infinity":9,"s:166:8:232:Infinity":56,"s:168:12:168:Infinity":57,"b:168:29:168:48:168:48:168:52":10,"s:169:12:169:Infinity":58,"b:172:12:183:Infinity:undefined:undefined:undefined:undefined":11,"s:172:12:183:Infinity":59,"b:172:16:172:35:172:35:172:50":12,"s:173:14:182:Infinity":60,"f:173:35:173:36":5,"s:174:29:174:Infinity":61,"s:175:16:180:Infinity":62,"s:181:16:181:Infinity":63,"s:184:12:184:Infinity":64,"b:187:12:199:Infinity:undefined:undefined:undefined:undefined":13,"s:187:12:199:Infinity":65,"b:187:16:187:35:187:35:187:50":14,"s:188:14:198:Infinity":66,"f:188:35:188:36":6,"s:189:29:189:Infinity":67,"s:190:33:190:Infinity":68,"b:191:16:196:Infinity:undefined:undefined:undefined:undefined":15,"s:191:16:196:Infinity":69,"s:192:18:195:Infinity":70,"s:197:16:197:Infinity":71,"s:200:12:200:Infinity":72,"b:203:12:218:Infinity:undefined:undefined:undefined:undefined":16,"s:203:12:218:Infinity":73,"s:204:14:214:Infinity":74,"f:204:35:204:36":7,"s:205:29:205:Infinity":75,"s:206:33:206:Infinity":76,"b:207:16:212:Infinity:undefined:undefined:undefined:undefined":17,"s:207:16:212:Infinity":77,"s:208:18:211:Infinity":78,"s:213:16:213:Infinity":79,"b:215:14:217:Infinity:undefined:undefined:undefined:undefined":18,"s:215:14:217:Infinity":80,"s:216:16:216:Infinity":81,"f:216:29:216:30":8,"s:216:39:216:57":82,"s:219:12:219:Infinity":83,"s:222:12:222:Infinity":84,"b:222:27:222:41:222:41:222:42":19,"s:223:12:223:Infinity":85,"s:227:12:227:Infinity":86,"s:230:12:230:Infinity":87,"b:230:21:230:36:230:36:230:51":20,"s:231:12:231:Infinity":88,"s:238:2:247:Infinity":89}}}
,"/Users/Ivan_Habor/myprojects/agoryx-chat/lib/hooks/useAgents.ts": {"path":"/Users/Ivan_Habor/myprojects/agoryx-chat/lib/hooks/useAgents.ts","statementMap":{"0":{"start":{"line":33,"column":14},"end":{"line":33,"column":null}},"1":{"start":{"line":34,"column":2},"end":{"line":36,"column":null}},"2":{"start":{"line":35,"column":4},"end":{"line":35,"column":null}},"3":{"start":{"line":37,"column":2},"end":{"line":37,"column":null}},"4":{"start":{"line":41,"column":14},"end":{"line":45,"column":null}},"5":{"start":{"line":46,"column":2},"end":{"line":49,"column":null}},"6":{"start":{"line":47,"column":18},"end":{"line":47,"column":null}},"7":{"start":{"line":47,"column":48},"end":{"line":47,"column":51}},"8":{"start":{"line":48,"column":4},"end":{"line":48,"column":null}},"9":{"start":{"line":50,"column":2},"end":{"line":50,"column":null}},"10":{"start":{"line":54,"column":14},"end":{"line":58,"column":null}},"11":{"start":{"line":59,"column":2},"end":{"line":62,"column":null}},"12":{"start":{"line":60,"column":18},"end":{"line":60,"column":null}},"13":{"start":{"line":60,"column":48},"end":{"line":60,"column":51}},"14":{"start":{"line":61,"column":4},"end":{"line":61,"column":null}},"15":{"start":{"line":63,"column":2},"end":{"line":63,"column":null}},"16":{"start":{"line":67,"column":14},"end":{"line":69,"column":null}},"17":{"start":{"line":70,"column":2},"end":{"line":73,"column":null}},"18":{"start":{"line":71,"column":18},"end":{"line":71,"column":null}},"19":{"start":{"line":71,"column":48},"end":{"line":71,"column":51}},"20":{"start":{"line":72,"column":4},"end":{"line":72,"column":null}},"21":{"start":{"line":84,"column":2},"end":{"line":88,"column":null}},"22":{"start":{"line":95,"column":28},"end":{"line":95,"column":null}},"23":{"start":{"line":97,"column":20},"end":{"line":105,"column":null}},"24":{"start":{"line":100,"column":10},"end":{"line":100,"column":null}},"25":{"start":{"line":101,"column":10},"end":{"line":101,"column":null}},"26":{"start":{"line":107,"column":2},"end":{"line":107,"column":null}},"27":{"start":{"line":114,"column":8},"end":{"line":114,"column":null}},"28":{"start":{"line":116,"column":2},"end":{"line":121,"column":null}},"29":{"start":{"line":119,"column":6},"end":{"line":119,"column":null}},"30":{"start":{"line":128,"column":8},"end":{"line":128,"column":null}},"31":{"start":{"line":130,"column":2},"end":{"line":135,"column":null}},"32":{"start":{"line":133,"column":6},"end":{"line":133,"column":null}},"33":{"start":{"line":142,"column":8},"end":{"line":142,"column":null}},"34":{"start":{"line":144,"column":2},"end":{"line":149,"column":null}},"35":{"start":{"line":147,"column":6},"end":{"line":147,"column":null}}},"fnMap":{"0":{"name":"fetchAgents","decl":{"start":{"line":32,"column":15},"end":{"line":32,"column":57}},"loc":{"start":{"line":32,"column":57},"end":{"line":38,"column":null}},"line":32},"1":{"name":"createAgent","decl":{"start":{"line":40,"column":15},"end":{"line":40,"column":27}},"loc":{"start":{"line":40,"column":68},"end":{"line":51,"column":null}},"line":40},"2":{"name":"(anonymous_2)","decl":{"start":{"line":47,"column":41},"end":{"line":47,"column":48}},"loc":{"start":{"line":47,"column":48},"end":{"line":47,"column":51}},"line":47},"3":{"name":"updateAgent","decl":{"start":{"line":53,"column":15},"end":{"line":53,"column":27}},"loc":{"start":{"line":53,"column":79},"end":{"line":64,"column":null}},"line":53},"4":{"name":"(anonymous_4)","decl":{"start":{"line":60,"column":41},"end":{"line":60,"column":48}},"loc":{"start":{"line":60,"column":48},"end":{"line":60,"column":51}},"line":60},"5":{"name":"deleteAgent","decl":{"start":{"line":66,"column":15},"end":{"line":66,"column":27}},"loc":{"start":{"line":66,"column":54},"end":{"line":74,"column":null}},"line":66},"6":{"name":"(anonymous_6)","decl":{"start":{"line":71,"column":41},"end":{"line":71,"column":48}},"loc":{"start":{"line":71,"column":48},"end":{"line":71,"column":51}},"line":71},"7":{"name":"useAgents","decl":{"start":{"line":83,"column":16},"end":{"line":83,"column":28}},"loc":{"start":{"line":83,"column":28},"end":{"line":89,"column":null}},"line":83},"8":{"name":"useAgentsMap","decl":{"start":{"line":94,"column":16},"end":{"line":94,"column":31}},"loc":{"start":{"line":94,"column":31},"end":{"line":108,"column":null}},"line":94},"9":{"name":"(anonymous_9)","decl":{"start":{"line":99,"column":8},"end":{"line":99,"column":9}},"loc":{"start":{"line":99,"column":24},"end":{"line":102,"column":null}},"line":99},"10":{"name":"useCreateAgent","decl":{"start":{"line":113,"column":16},"end":{"line":113,"column":33}},"loc":{"start":{"line":113,"column":33},"end":{"line":122,"column":null}},"line":113},"11":{"name":"(anonymous_11)","decl":{"start":{"line":118,"column":15},"end":{"line":118,"column":21}},"loc":{"start":{"line":118,"column":21},"end":{"line":120,"column":null}},"line":118},"12":{"name":"useUpdateAgent","decl":{"start":{"line":127,"column":16},"end":{"line":127,"column":33}},"loc":{"start":{"line":127,"column":33},"end":{"line":136,"column":null}},"line":127},"13":{"name":"(anonymous_13)","decl":{"start":{"line":132,"column":15},"end":{"line":132,"column":21}},"loc":{"start":{"line":132,"column":21},"end":{"line":134,"column":null}},"line":132},"14":{"name":"useDeleteAgent","decl":{"start":{"line":141,"column":16},"end":{"line":141,"column":33}},"loc":{"start":{"line":141,"column":33},"end":{"line":150,"column":null}},"line":141},"15":{"name":"(anonymous_15)","decl":{"start":{"line":146,"column":15},"end":{"line":146,"column":21}},"loc":{"start":{"line":146,"column":21},"end":{"line":148,"column":null}},"line":146}},"branchMap":{"0":{"loc":{"start":{"line":34,"column":2},"end":{"line":36,"column":null}},"type":"if","locations":[{"start":{"line":34,"column":2},"end":{"line":36,"column":null}},{"start":{},"end":{}}],"line":34},"1":{"loc":{"start":{"line":46,"column":2},"end":{"line":49,"column":null}},"type":"if","locations":[{"start":{"line":46,"column":2},"end":{"line":49,"column":null}},{"start":{},"end":{}}],"line":46},"2":{"loc":{"start":{"line":48,"column":20},"end":{"line":48,"column":59}},"type":"binary-expr","locations":[{"start":{"line":48,"column":20},"end":{"line":48,"column":35}},{"start":{"line":48,"column":35},"end":{"line":48,"column":59}}],"line":48},"3":{"loc":{"start":{"line":59,"column":2},"end":{"line":62,"column":null}},"type":"if","locations":[{"start":{"line":59,"column":2},"end":{"line":62,"column":null}},{"start":{},"end":{}}],"line":59},"4":{"loc":{"start":{"line":61,"column":20},"end":{"line":61,"column":59}},"type":"binary-expr","locations":[{"start":{"line":61,"column":20},"end":{"line":61,"column":35}},{"start":{"line":61,"column":35},"end":{"line":61,"column":59}}],"line":61},"5":{"loc":{"start":{"line":70,"column":2},"end":{"line":73,"column":null}},"type":"if","locations":[{"start":{"line":70,"column":2},"end":{"line":73,"column":null}},{"start":{},"end":{}}],"line":70},"6":{"loc":{"start":{"line":72,"column":20},"end":{"line":72,"column":59}},"type":"binary-expr","locations":[{"start":{"line":72,"column":20},"end":{"line":72,"column":35}},{"start":{"line":72,"column":35},"end":{"line":72,"column":59}}],"line":72},"7":{"loc":{"start":{"line":97,"column":20},"end":{"line":105,"column":null}},"type":"cond-expr","locations":[{"start":{"line":98,"column":6},"end":{"line":104,"column":null}},{"start":{"line":105,"column":6},"end":{"line":105,"column":null}}],"line":97}},"s":{"0":6,"1":5,"2":1,"3":4,"4":3,"5":3,"6":1,"7":0,"8":1,"9":2,"10":3,"11":3,"12":1,"13":0,"14":1,"15":2,"16":3,"17":3,"18":2,"19":0,"20":2,"21":11,"22":5,"23":5,"24":4,"25":4,"26":5,"27":5,"28":5,"29":2,"30":5,"31":5,"32":2,"33":4,"34":4,"35":1},"f":{"0":6,"1":3,"2":0,"3":3,"4":0,"5":3,"6":0,"7":11,"8":5,"9":4,"10":5,"11":2,"12":5,"13":2,"14":4,"15":1},"b":{"0":[1,4],"1":[1,2],"2":[1,0],"3":[1,2],"4":[1,0],"5":[2,1],"6":[2,0],"7":[2,3]},"meta":{"lastBranch":8,"lastFunction":16,"lastStatement":36,"seen":{"f:32:15:32:57":0,"s:33:14:33:Infinity":0,"b:34:2:36:Infinity:undefined:undefined:undefined:undefined":0,"s:34:2:36:Infinity":1,"s:35:4:35:Infinity":2,"s:37:2:37:Infinity":3,"f:40:15:40:27":1,"s:41:14:45:Infinity":4,"b:46:2:49:Infinity:undefined:undefined:undefined:undefined":1,"s:46:2:49:Infinity":5,"s:47:18:47:Infinity":6,"f:47:41:47:48":2,"s:47:48:47:51":7,"s:48:4:48:Infinity":8,"b:48:20:48:35:48:35:48:59":2,"s:50:2:50:Infinity":9,"f:53:15:53:27":3,"s:54:14:58:Infinity":10,"b:59:2:62:Infinity:undefined:undefined:undefined:undefined":3,"s:59:2:62:Infinity":11,"s:60:18:60:Infinity":12,"f:60:41:60:48":4,"s:60:48:60:51":13,"s:61:4:61:Infinity":14,"b:61:20:61:35:61:35:61:59":4,"s:63:2:63:Infinity":15,"f:66:15:66:27":5,"s:67:14:69:Infinity":16,"b:70:2:73:Infinity:undefined:undefined:undefined:undefined":5,"s:70:2:73:Infinity":17,"s:71:18:71:Infinity":18,"f:71:41:71:48":6,"s:71:48:71:51":19,"s:72:4:72:Infinity":20,"b:72:20:72:35:72:35:72:59":6,"f:83:16:83:28":7,"s:84:2:88:Infinity":21,"f:94:16:94:31":8,"s:95:28:95:Infinity":22,"s:97:20:105:Infinity":23,"b:98:6:104:Infinity:105:6:105:Infinity":7,"f:99:8:99:9":9,"s:100:10:100:Infinity":24,"s:101:10:101:Infinity":25,"s:107:2:107:Infinity":26,"f:113:16:113:33":10,"s:114:8:114:Infinity":27,"s:116:2:121:Infinity":28,"f:118:15:118:21":11,"s:119:6:119:Infinity":29,"f:127:16:127:33":12,"s:128:8:128:Infinity":30,"s:130:2:135:Infinity":31,"f:132:15:132:21":13,"s:133:6:133:Infinity":32,"f:141:16:141:33":14,"s:142:8:142:Infinity":33,"s:144:2:149:Infinity":34,"f:146:15:146:21":15,"s:147:6:147:Infinity":35}}}
,"/Users/Ivan_Habor/myprojects/agoryx-chat/lib/hooks/useBilling.ts": {"path":"/Users/Ivan_Habor/myprojects/agoryx-chat/lib/hooks/useBilling.ts","statementMap":{"0":{"start":{"line":31,"column":14},"end":{"line":31,"column":null}},"1":{"start":{"line":32,"column":2},"end":{"line":34,"column":null}},"2":{"start":{"line":33,"column":4},"end":{"line":33,"column":null}},"3":{"start":{"line":35,"column":2},"end":{"line":35,"column":null}},"4":{"start":{"line":39,"column":14},"end":{"line":43,"column":null}},"5":{"start":{"line":44,"column":2},"end":{"line":47,"column":null}},"6":{"start":{"line":45,"column":18},"end":{"line":45,"column":null}},"7":{"start":{"line":45,"column":48},"end":{"line":45,"column":51}},"8":{"start":{"line":46,"column":4},"end":{"line":46,"column":null}},"9":{"start":{"line":48,"column":2},"end":{"line":48,"column":null}},"10":{"start":{"line":52,"column":14},"end":{"line":54,"column":null}},"11":{"start":{"line":55,"column":2},"end":{"line":58,"column":null}},"12":{"start":{"line":56,"column":18},"end":{"line":56,"column":null}},"13":{"start":{"line":56,"column":48},"end":{"line":56,"column":51}},"14":{"start":{"line":57,"column":4},"end":{"line":57,"column":null}},"15":{"start":{"line":59,"column":2},"end":{"line":59,"column":null}},"16":{"start":{"line":63,"column":14},"end":{"line":67,"column":null}},"17":{"start":{"line":68,"column":2},"end":{"line":71,"column":null}},"18":{"start":{"line":69,"column":18},"end":{"line":69,"column":null}},"19":{"start":{"line":69,"column":48},"end":{"line":69,"column":51}},"20":{"start":{"line":70,"column":4},"end":{"line":70,"column":null}},"21":{"start":{"line":72,"column":2},"end":{"line":72,"column":null}},"22":{"start":{"line":76,"column":14},"end":{"line":78,"column":null}},"23":{"start":{"line":79,"column":2},"end":{"line":82,"column":null}},"24":{"start":{"line":80,"column":18},"end":{"line":80,"column":null}},"25":{"start":{"line":80,"column":48},"end":{"line":80,"column":51}},"26":{"start":{"line":81,"column":4},"end":{"line":81,"column":null}},"27":{"start":{"line":83,"column":2},"end":{"line":83,"column":null}},"28":{"start":{"line":87,"column":2},"end":{"line":91,"column":null}},"29":{"start":{"line":95,"column":2},"end":{"line":103,"column":null}},"30":{"start":{"line":99,"column":6},"end":{"line":101,"column":null}},"31":{"start":{"line":100,"column":8},"end":{"line":100,"column":null}},"32":{"start":{"line":107,"column":2},"end":{"line":115,"column":null}},"33":{"start":{"line":111,"column":6},"end":{"line":113,"column":null}},"34":{"start":{"line":112,"column":8},"end":{"line":112,"column":null}},"35":{"start":{"line":119,"column":8},"end":{"line":119,"column":null}},"36":{"start":{"line":121,"column":2},"end":{"line":127,"column":null}},"37":{"start":{"line":124,"column":6},"end":{"line":124,"column":null}},"38":{"start":{"line":125,"column":6},"end":{"line":125,"column":null}},"39":{"start":{"line":131,"column":8},"end":{"line":131,"column":null}},"40":{"start":{"line":133,"column":2},"end":{"line":139,"column":null}},"41":{"start":{"line":136,"column":6},"end":{"line":136,"column":null}},"42":{"start":{"line":137,"column":6},"end":{"line":137,"column":null}}},"fnMap":{"0":{"name":"fetchBillingHistory","decl":{"start":{"line":30,"column":15},"end":{"line":30,"column":70}},"loc":{"start":{"line":30,"column":70},"end":{"line":36,"column":null}},"line":30},"1":{"name":"createCheckoutSession","decl":{"start":{"line":38,"column":15},"end":{"line":38,"column":37}},"loc":{"start":{"line":38,"column":78},"end":{"line":49,"column":null}},"line":38},"2":{"name":"(anonymous_2)","decl":{"start":{"line":45,"column":41},"end":{"line":45,"column":48}},"loc":{"start":{"line":45,"column":48},"end":{"line":45,"column":51}},"line":45},"3":{"name":"createPortalSession","decl":{"start":{"line":51,"column":15},"end":{"line":51,"column":64}},"loc":{"start":{"line":51,"column":64},"end":{"line":60,"column":null}},"line":51},"4":{"name":"(anonymous_4)","decl":{"start":{"line":56,"column":41},"end":{"line":56,"column":48}},"loc":{"start":{"line":56,"column":48},"end":{"line":56,"column":51}},"line":56},"5":{"name":"updateSubscription","decl":{"start":{"line":62,"column":15},"end":{"line":62,"column":34}},"loc":{"start":{"line":62,"column":79},"end":{"line":73,"column":null}},"line":62},"6":{"name":"(anonymous_6)","decl":{"start":{"line":69,"column":41},"end":{"line":69,"column":48}},"loc":{"start":{"line":69,"column":48},"end":{"line":69,"column":51}},"line":69},"7":{"name":"cancelSubscription","decl":{"start":{"line":75,"column":15},"end":{"line":75,"column":67}},"loc":{"start":{"line":75,"column":67},"end":{"line":84,"column":null}},"line":75},"8":{"name":"(anonymous_8)","decl":{"start":{"line":80,"column":41},"end":{"line":80,"column":48}},"loc":{"start":{"line":80,"column":48},"end":{"line":80,"column":51}},"line":80},"9":{"name":"useBillingHistory","decl":{"start":{"line":86,"column":16},"end":{"line":86,"column":36}},"loc":{"start":{"line":86,"column":36},"end":{"line":92,"column":null}},"line":86},"10":{"name":"useCreateCheckout","decl":{"start":{"line":94,"column":16},"end":{"line":94,"column":36}},"loc":{"start":{"line":94,"column":36},"end":{"line":104,"column":null}},"line":94},"11":{"name":"(anonymous_11)","decl":{"start":{"line":97,"column":15},"end":{"line":97,"column":16}},"loc":{"start":{"line":97,"column":25},"end":{"line":102,"column":null}},"line":97},"12":{"name":"useCreatePortal","decl":{"start":{"line":106,"column":16},"end":{"line":106,"column":34}},"loc":{"start":{"line":106,"column":34},"end":{"line":116,"column":null}},"line":106},"13":{"name":"(anonymous_13)","decl":{"start":{"line":109,"column":15},"end":{"line":109,"column":16}},"loc":{"start":{"line":109,"column":25},"end":{"line":114,"column":null}},"line":109},"14":{"name":"useUpdateSubscription","decl":{"start":{"line":118,"column":16},"end":{"line":118,"column":40}},"loc":{"start":{"line":118,"column":40},"end":{"line":128,"column":null}},"line":118},"15":{"name":"(anonymous_15)","decl":{"start":{"line":123,"column":15},"end":{"line":123,"column":21}},"loc":{"start":{"line":123,"column":21},"end":{"line":126,"column":null}},"line":123},"16":{"name":"useCancelSubscription","decl":{"start":{"line":130,"column":16},"end":{"line":130,"column":40}},"loc":{"start":{"line":130,"column":40},"end":{"line":140,"column":null}},"line":130},"17":{"name":"(anonymous_17)","decl":{"start":{"line":135,"column":15},"end":{"line":135,"column":21}},"loc":{"start":{"line":135,"column":21},"end":{"line":138,"column":null}},"line":135}},"branchMap":{"0":{"loc":{"start":{"line":32,"column":2},"end":{"line":34,"column":null}},"type":"if","locations":[{"start":{"line":32,"column":2},"end":{"line":34,"column":null}},{"start":{},"end":{}}],"line":32},"1":{"loc":{"start":{"line":44,"column":2},"end":{"line":47,"column":null}},"type":"if","locations":[{"start":{"line":44,"column":2},"end":{"line":47,"column":null}},{"start":{},"end":{}}],"line":44},"2":{"loc":{"start":{"line":46,"column":20},"end":{"line":46,"column":70}},"type":"binary-expr","locations":[{"start":{"line":46,"column":20},"end":{"line":46,"column":35}},{"start":{"line":46,"column":35},"end":{"line":46,"column":70}}],"line":46},"3":{"loc":{"start":{"line":55,"column":2},"end":{"line":58,"column":null}},"type":"if","locations":[{"start":{"line":55,"column":2},"end":{"line":58,"column":null}},{"start":{},"end":{}}],"line":55},"4":{"loc":{"start":{"line":57,"column":20},"end":{"line":57,"column":68}},"type":"binary-expr","locations":[{"start":{"line":57,"column":20},"end":{"line":57,"column":35}},{"start":{"line":57,"column":35},"end":{"line":57,"column":68}}],"line":57},"5":{"loc":{"start":{"line":68,"column":2},"end":{"line":71,"column":null}},"type":"if","locations":[{"start":{"line":68,"column":2},"end":{"line":71,"column":null}},{"start":{},"end":{}}],"line":68},"6":{"loc":{"start":{"line":70,"column":20},"end":{"line":70,"column":66}},"type":"binary-expr","locations":[{"start":{"line":70,"column":20},"end":{"line":70,"column":35}},{"start":{"line":70,"column":35},"end":{"line":70,"column":66}}],"line":70},"7":{"loc":{"start":{"line":79,"column":2},"end":{"line":82,"column":null}},"type":"if","locations":[{"start":{"line":79,"column":2},"end":{"line":82,"column":null}},{"start":{},"end":{}}],"line":79},"8":{"loc":{"start":{"line":81,"column":20},"end":{"line":81,"column":66}},"type":"binary-expr","locations":[{"start":{"line":81,"column":20},"end":{"line":81,"column":35}},{"start":{"line":81,"column":35},"end":{"line":81,"column":66}}],"line":81},"9":{"loc":{"start":{"line":99,"column":6},"end":{"line":101,"column":null}},"type":"if","locations":[{"start":{"line":99,"column":6},"end":{"line":101,"column":null}},{"start":{},"end":{}}],"line":99},"10":{"loc":{"start":{"line":111,"column":6},"end":{"line":113,"column":null}},"type":"if","locations":[{"start":{"line":111,"column":6},"end":{"line":113,"column":null}},{"start":{},"end":{}}],"line":111}},"s":{"0":3,"1":3,"2":1,"3":2,"4":3,"5":3,"6":2,"7":1,"8":2,"9":1,"10":2,"11":2,"12":1,"13":0,"14":1,"15":1,"16":3,"17":3,"18":1,"19":0,"20":1,"21":2,"22":2,"23":2,"24":1,"25":0,"26":1,"27":1,"28":6,"29":4,"30":1,"31":1,"32":3,"33":1,"34":1,"35":5,"36":5,"37":2,"38":2,"39":3,"40":3,"41":1,"42":1},"f":{"0":3,"1":3,"2":1,"3":2,"4":0,"5":3,"6":0,"7":2,"8":0,"9":6,"10":4,"11":1,"12":3,"13":1,"14":5,"15":2,"16":3,"17":1},"b":{"0":[1,2],"1":[2,1],"2":[2,1],"3":[1,1],"4":[1,0],"5":[1,2],"6":[1,0],"7":[1,1],"8":[1,0],"9":[1,0],"10":[1,0]},"meta":{"lastBranch":11,"lastFunction":18,"lastStatement":43,"seen":{"f:30:15:30:70":0,"s:31:14:31:Infinity":0,"b:32:2:34:Infinity:undefined:undefined:undefined:undefined":0,"s:32:2:34:Infinity":1,"s:33:4:33:Infinity":2,"s:35:2:35:Infinity":3,"f:38:15:38:37":1,"s:39:14:43:Infinity":4,"b:44:2:47:Infinity:undefined:undefined:undefined:undefined":1,"s:44:2:47:Infinity":5,"s:45:18:45:Infinity":6,"f:45:41:45:48":2,"s:45:48:45:51":7,"s:46:4:46:Infinity":8,"b:46:20:46:35:46:35:46:70":2,"s:48:2:48:Infinity":9,"f:51:15:51:64":3,"s:52:14:54:Infinity":10,"b:55:2:58:Infinity:undefined:undefined:undefined:undefined":3,"s:55:2:58:Infinity":11,"s:56:18:56:Infinity":12,"f:56:41:56:48":4,"s:56:48:56:51":13,"s:57:4:57:Infinity":14,"b:57:20:57:35:57:35:57:68":4,"s:59:2:59:Infinity":15,"f:62:15:62:34":5,"s:63:14:67:Infinity":16,"b:68:2:71:Infinity:undefined:undefined:undefined:undefined":5,"s:68:2:71:Infinity":17,"s:69:18:69:Infinity":18,"f:69:41:69:48":6,"s:69:48:69:51":19,"s:70:4:70:Infinity":20,"b:70:20:70:35:70:35:70:66":6,"s:72:2:72:Infinity":21,"f:75:15:75:67":7,"s:76:14:78:Infinity":22,"b:79:2:82:Infinity:undefined:undefined:undefined:undefined":7,"s:79:2:82:Infinity":23,"s:80:18:80:Infinity":24,"f:80:41:80:48":8,"s:80:48:80:51":25,"s:81:4:81:Infinity":26,"b:81:20:81:35:81:35:81:66":8,"s:83:2:83:Infinity":27,"f:86:16:86:36":9,"s:87:2:91:Infinity":28,"f:94:16:94:36":10,"s:95:2:103:Infinity":29,"f:97:15:97:16":11,"b:99:6:101:Infinity:undefined:undefined:undefined:undefined":9,"s:99:6:101:Infinity":30,"s:100:8:100:Infinity":31,"f:106:16:106:34":12,"s:107:2:115:Infinity":32,"f:109:15:109:16":13,"b:111:6:113:Infinity:undefined:undefined:undefined:undefined":10,"s:111:6:113:Infinity":33,"s:112:8:112:Infinity":34,"f:118:16:118:40":14,"s:119:8:119:Infinity":35,"s:121:2:127:Infinity":36,"f:123:15:123:21":15,"s:124:6:124:Infinity":37,"s:125:6:125:Infinity":38,"f:130:16:130:40":16,"s:131:8:131:Infinity":39,"s:133:2:139:Infinity":40,"f:135:15:135:21":17,"s:136:6:136:Infinity":41,"s:137:6:137:Infinity":42}}}
,"/Users/Ivan_Habor/myprojects/agoryx-chat/lib/hooks/useConversations.ts": {"path":"/Users/Ivan_Habor/myprojects/agoryx-chat/lib/hooks/useConversations.ts","statementMap":{"0":{"start":{"line":61,"column":14},"end":{"line":61,"column":null}},"1":{"start":{"line":62,"column":2},"end":{"line":64,"column":null}},"2":{"start":{"line":63,"column":4},"end":{"line":63,"column":null}},"3":{"start":{"line":65,"column":2},"end":{"line":65,"column":null}},"4":{"start":{"line":69,"column":14},"end":{"line":69,"column":null}},"5":{"start":{"line":70,"column":2},"end":{"line":72,"column":null}},"6":{"start":{"line":71,"column":4},"end":{"line":71,"column":null}},"7":{"start":{"line":73,"column":2},"end":{"line":73,"column":null}},"8":{"start":{"line":79,"column":14},"end":{"line":83,"column":null}},"9":{"start":{"line":84,"column":2},"end":{"line":86,"column":null}},"10":{"start":{"line":85,"column":4},"end":{"line":85,"column":null}},"11":{"start":{"line":87,"column":2},"end":{"line":87,"column":null}},"12":{"start":{"line":94,"column":14},"end":{"line":98,"column":null}},"13":{"start":{"line":99,"column":2},"end":{"line":101,"column":null}},"14":{"start":{"line":100,"column":4},"end":{"line":100,"column":null}},"15":{"start":{"line":102,"column":2},"end":{"line":102,"column":null}},"16":{"start":{"line":106,"column":14},"end":{"line":108,"column":null}},"17":{"start":{"line":109,"column":2},"end":{"line":111,"column":null}},"18":{"start":{"line":110,"column":4},"end":{"line":110,"column":null}},"19":{"start":{"line":122,"column":2},"end":{"line":126,"column":null}},"20":{"start":{"line":124,"column":19},"end":{"line":124,"column":null}},"21":{"start":{"line":133,"column":2},"end":{"line":138,"column":null}},"22":{"start":{"line":135,"column":19},"end":{"line":135,"column":null}},"23":{"start":{"line":145,"column":8},"end":{"line":145,"column":null}},"24":{"start":{"line":147,"column":2},"end":{"line":152,"column":null}},"25":{"start":{"line":150,"column":6},"end":{"line":150,"column":null}},"26":{"start":{"line":159,"column":8},"end":{"line":159,"column":null}},"27":{"start":{"line":161,"column":2},"end":{"line":168,"column":null}},"28":{"start":{"line":163,"column":6},"end":{"line":163,"column":null}},"29":{"start":{"line":165,"column":6},"end":{"line":165,"column":null}},"30":{"start":{"line":166,"column":6},"end":{"line":166,"column":null}},"31":{"start":{"line":175,"column":8},"end":{"line":175,"column":null}},"32":{"start":{"line":177,"column":2},"end":{"line":183,"column":null}},"33":{"start":{"line":180,"column":6},"end":{"line":180,"column":null}},"34":{"start":{"line":181,"column":6},"end":{"line":181,"column":null}}},"fnMap":{"0":{"name":"fetchConversations","decl":{"start":{"line":57,"column":15},"end":{"line":57,"column":null}},"loc":{"start":{"line":60,"column":52},"end":{"line":66,"column":null}},"line":60},"1":{"name":"fetchConversation","decl":{"start":{"line":68,"column":15},"end":{"line":68,"column":33}},"loc":{"start":{"line":68,"column":74},"end":{"line":74,"column":null}},"line":68},"2":{"name":"createConversation","decl":{"start":{"line":76,"column":15},"end":{"line":76,"column":null}},"loc":{"start":{"line":78,"column":27},"end":{"line":88,"column":null}},"line":78},"3":{"name":"updateConversation","decl":{"start":{"line":90,"column":15},"end":{"line":90,"column":null}},"loc":{"start":{"line":93,"column":31},"end":{"line":103,"column":null}},"line":93},"4":{"name":"deleteConversation","decl":{"start":{"line":105,"column":15},"end":{"line":105,"column":34}},"loc":{"start":{"line":105,"column":61},"end":{"line":112,"column":null}},"line":105},"5":{"name":"useConversations","decl":{"start":{"line":121,"column":16},"end":{"line":121,"column":33}},"loc":{"start":{"line":121,"column":55},"end":{"line":127,"column":null}},"line":121},"6":{"name":"(anonymous_6)","decl":{"start":{"line":124,"column":13},"end":{"line":124,"column":19}},"loc":{"start":{"line":124,"column":19},"end":{"line":124,"column":null}},"line":124},"7":{"name":"useConversation","decl":{"start":{"line":132,"column":16},"end":{"line":132,"column":32}},"loc":{"start":{"line":132,"column":51},"end":{"line":139,"column":null}},"line":132},"8":{"name":"(anonymous_8)","decl":{"start":{"line":135,"column":13},"end":{"line":135,"column":19}},"loc":{"start":{"line":135,"column":19},"end":{"line":135,"column":null}},"line":135},"9":{"name":"useCreateConversation","decl":{"start":{"line":144,"column":16},"end":{"line":144,"column":40}},"loc":{"start":{"line":144,"column":40},"end":{"line":153,"column":null}},"line":144},"10":{"name":"(anonymous_10)","decl":{"start":{"line":149,"column":15},"end":{"line":149,"column":21}},"loc":{"start":{"line":149,"column":21},"end":{"line":151,"column":null}},"line":149},"11":{"name":"useUpdateConversation","decl":{"start":{"line":158,"column":16},"end":{"line":158,"column":40}},"loc":{"start":{"line":158,"column":40},"end":{"line":169,"column":null}},"line":158},"12":{"name":"(anonymous_12)","decl":{"start":{"line":162,"column":16},"end":{"line":162,"column":17}},"loc":{"start":{"line":163,"column":6},"end":{"line":163,"column":null}},"line":163},"13":{"name":"(anonymous_13)","decl":{"start":{"line":164,"column":15},"end":{"line":164,"column":16}},"loc":{"start":{"line":164,"column":33},"end":{"line":167,"column":null}},"line":164},"14":{"name":"useDeleteConversation","decl":{"start":{"line":174,"column":16},"end":{"line":174,"column":40}},"loc":{"start":{"line":174,"column":40},"end":{"line":184,"column":null}},"line":174},"15":{"name":"(anonymous_15)","decl":{"start":{"line":179,"column":15},"end":{"line":179,"column":16}},"loc":{"start":{"line":179,"column":33},"end":{"line":182,"column":null}},"line":179}},"branchMap":{"0":{"loc":{"start":{"line":58,"column":2},"end":{"line":58,"column":null}},"type":"default-arg","locations":[{"start":{"line":58,"column":9},"end":{"line":58,"column":null}}],"line":58},"1":{"loc":{"start":{"line":59,"column":2},"end":{"line":59,"column":null}},"type":"default-arg","locations":[{"start":{"line":59,"column":10},"end":{"line":59,"column":null}}],"line":59},"2":{"loc":{"start":{"line":62,"column":2},"end":{"line":64,"column":null}},"type":"if","locations":[{"start":{"line":62,"column":2},"end":{"line":64,"column":null}},{"start":{},"end":{}}],"line":62},"3":{"loc":{"start":{"line":70,"column":2},"end":{"line":72,"column":null}},"type":"if","locations":[{"start":{"line":70,"column":2},"end":{"line":72,"column":null}},{"start":{},"end":{}}],"line":70},"4":{"loc":{"start":{"line":84,"column":2},"end":{"line":86,"column":null}},"type":"if","locations":[{"start":{"line":84,"column":2},"end":{"line":86,"column":null}},{"start":{},"end":{}}],"line":84},"5":{"loc":{"start":{"line":99,"column":2},"end":{"line":101,"column":null}},"type":"if","locations":[{"start":{"line":99,"column":2},"end":{"line":101,"column":null}},{"start":{},"end":{}}],"line":99},"6":{"loc":{"start":{"line":109,"column":2},"end":{"line":111,"column":null}},"type":"if","locations":[{"start":{"line":109,"column":2},"end":{"line":111,"column":null}},{"start":{},"end":{}}],"line":109},"7":{"loc":{"start":{"line":121,"column":33},"end":{"line":121,"column":43}},"type":"default-arg","locations":[{"start":{"line":121,"column":40},"end":{"line":121,"column":43}}],"line":121},"8":{"loc":{"start":{"line":121,"column":43},"end":{"line":121,"column":55}},"type":"default-arg","locations":[{"start":{"line":121,"column":51},"end":{"line":121,"column":55}}],"line":121}},"s":{"0":3,"1":3,"2":1,"3":2,"4":2,"5":2,"6":1,"7":1,"8":2,"9":2,"10":1,"11":1,"12":2,"13":2,"14":1,"15":1,"16":2,"17":2,"18":1,"19":6,"20":3,"21":5,"22":2,"23":3,"24":3,"25":1,"26":3,"27":3,"28":2,"29":1,"30":1,"31":3,"32":3,"33":1,"34":1},"f":{"0":3,"1":2,"2":2,"3":2,"4":2,"5":6,"6":3,"7":5,"8":2,"9":3,"10":1,"11":3,"12":2,"13":1,"14":3,"15":1},"b":{"0":[3],"1":[3],"2":[1,2],"3":[1,1],"4":[1,1],"5":[1,1],"6":[1,1],"7":[6],"8":[6]},"meta":{"lastBranch":9,"lastFunction":16,"lastStatement":35,"seen":{"f:57:15:57:Infinity":0,"b:58:9:58:Infinity":0,"b:59:10:59:Infinity":1,"s:61:14:61:Infinity":0,"b:62:2:64:Infinity:undefined:undefined:undefined:undefined":2,"s:62:2:64:Infinity":1,"s:63:4:63:Infinity":2,"s:65:2:65:Infinity":3,"f:68:15:68:33":1,"s:69:14:69:Infinity":4,"b:70:2:72:Infinity:undefined:undefined:undefined:undefined":3,"s:70:2:72:Infinity":5,"s:71:4:71:Infinity":6,"s:73:2:73:Infinity":7,"f:76:15:76:Infinity":2,"s:79:14:83:Infinity":8,"b:84:2:86:Infinity:undefined:undefined:undefined:undefined":4,"s:84:2:86:Infinity":9,"s:85:4:85:Infinity":10,"s:87:2:87:Infinity":11,"f:90:15:90:Infinity":3,"s:94:14:98:Infinity":12,"b:99:2:101:Infinity:undefined:undefined:undefined:undefined":5,"s:99:2:101:Infinity":13,"s:100:4:100:Infinity":14,"s:102:2:102:Infinity":15,"f:105:15:105:34":4,"s:106:14:108:Infinity":16,"b:109:2:111:Infinity:undefined:undefined:undefined:undefined":6,"s:109:2:111:Infinity":17,"s:110:4:110:Infinity":18,"f:121:16:121:33":5,"b:121:40:121:43":7,"b:121:51:121:55":8,"s:122:2:126:Infinity":19,"f:124:13:124:19":6,"s:124:19:124:Infinity":20,"f:132:16:132:32":7,"s:133:2:138:Infinity":21,"f:135:13:135:19":8,"s:135:19:135:Infinity":22,"f:144:16:144:40":9,"s:145:8:145:Infinity":23,"s:147:2:152:Infinity":24,"f:149:15:149:21":10,"s:150:6:150:Infinity":25,"f:158:16:158:40":11,"s:159:8:159:Infinity":26,"s:161:2:168:Infinity":27,"f:162:16:162:17":12,"s:163:6:163:Infinity":28,"f:164:15:164:16":13,"s:165:6:165:Infinity":29,"s:166:6:166:Infinity":30,"f:174:16:174:40":14,"s:175:8:175:Infinity":31,"s:177:2:183:Infinity":32,"f:179:15:179:16":15,"s:180:6:180:Infinity":33,"s:181:6:181:Infinity":34}}}
,"/Users/Ivan_Habor/myprojects/agoryx-chat/lib/hooks/useCredits.ts": {"path":"/Users/Ivan_Habor/myprojects/agoryx-chat/lib/hooks/useCredits.ts","statementMap":{"0":{"start":{"line":27,"column":14},"end":{"line":27,"column":null}},"1":{"start":{"line":28,"column":2},"end":{"line":30,"column":null}},"2":{"start":{"line":29,"column":4},"end":{"line":29,"column":null}},"3":{"start":{"line":31,"column":2},"end":{"line":31,"column":null}},"4":{"start":{"line":42,"column":2},"end":{"line":47,"column":null}},"5":{"start":{"line":54,"column":30},"end":{"line":54,"column":null}},"6":{"start":{"line":56,"column":2},"end":{"line":60,"column":null}}},"fnMap":{"0":{"name":"fetchCredits","decl":{"start":{"line":26,"column":15},"end":{"line":26,"column":52}},"loc":{"start":{"line":26,"column":52},"end":{"line":32,"column":null}},"line":26},"1":{"name":"useCredits","decl":{"start":{"line":41,"column":16},"end":{"line":41,"column":29}},"loc":{"start":{"line":41,"column":29},"end":{"line":48,"column":null}},"line":41},"2":{"name":"useHasCredits","decl":{"start":{"line":53,"column":16},"end":{"line":53,"column":30}},"loc":{"start":{"line":53,"column":51},"end":{"line":61,"column":null}},"line":53}},"branchMap":{"0":{"loc":{"start":{"line":28,"column":2},"end":{"line":30,"column":null}},"type":"if","locations":[{"start":{"line":28,"column":2},"end":{"line":30,"column":null}},{"start":{},"end":{}}],"line":28},"1":{"loc":{"start":{"line":53,"column":30},"end":{"line":53,"column":51}},"type":"default-arg","locations":[{"start":{"line":53,"column":48},"end":{"line":53,"column":51}}],"line":53},"2":{"loc":{"start":{"line":57,"column":16},"end":{"line":57,"column":null}},"type":"cond-expr","locations":[{"start":{"line":57,"column":23},"end":{"line":57,"column":67}},{"start":{"line":57,"column":67},"end":{"line":57,"column":null}}],"line":57},"3":{"loc":{"start":{"line":58,"column":13},"end":{"line":58,"column":null}},"type":"binary-expr","locations":[{"start":{"line":58,"column":13},"end":{"line":58,"column":40}},{"start":{"line":58,"column":40},"end":{"line":58,"column":null}}],"line":58}},"s":{"0":9,"1":8,"2":1,"3":7,"4":17,"5":9,"6":9},"f":{"0":9,"1":17,"2":9},"b":{"0":[1,7],"1":[9],"2":[4,5],"3":[9,5]},"meta":{"lastBranch":4,"lastFunction":3,"lastStatement":7,"seen":{"f:26:15:26:52":0,"s:27:14:27:Infinity":0,"b:28:2:30:Infinity:undefined:undefined:undefined:undefined":0,"s:28:2:30:Infinity":1,"s:29:4:29:Infinity":2,"s:31:2:31:Infinity":3,"f:41:16:41:29":1,"s:42:2:47:Infinity":4,"f:53:16:53:30":2,"b:53:48:53:51":1,"s:54:30:54:Infinity":5,"s:56:2:60:Infinity":6,"b:57:23:57:67:57:67:57:Infinity":2,"b:58:13:58:40:58:40:58:Infinity":3}}}
,"/Users/Ivan_Habor/myprojects/agoryx-chat/lib/hooks/useMessages.ts": {"path":"/Users/Ivan_Habor/myprojects/agoryx-chat/lib/hooks/useMessages.ts","statementMap":{"0":{"start":{"line":36,"column":14},"end":{"line":38,"column":null}},"1":{"start":{"line":39,"column":2},"end":{"line":41,"column":null}},"2":{"start":{"line":40,"column":4},"end":{"line":40,"column":null}},"3":{"start":{"line":42,"column":2},"end":{"line":42,"column":null}},"4":{"start":{"line":50,"column":14},"end":{"line":57,"column":null}},"5":{"start":{"line":58,"column":2},"end":{"line":60,"column":null}},"6":{"start":{"line":59,"column":4},"end":{"line":59,"column":null}},"7":{"start":{"line":61,"column":2},"end":{"line":61,"column":null}},"8":{"start":{"line":77,"column":2},"end":{"line":82,"column":null}},"9":{"start":{"line":79,"column":19},"end":{"line":79,"column":null}},"10":{"start":{"line":89,"column":8},"end":{"line":89,"column":null}},"11":{"start":{"line":91,"column":2},"end":{"line":101,"column":null}},"12":{"start":{"line":94,"column":6},"end":{"line":96,"column":null}},"13":{"start":{"line":97,"column":6},"end":{"line":99,"column":null}}},"fnMap":{"0":{"name":"fetchMessages","decl":{"start":{"line":30,"column":15},"end":{"line":30,"column":null}},"loc":{"start":{"line":35,"column":32},"end":{"line":43,"column":null}},"line":35},"1":{"name":"updateMessage","decl":{"start":{"line":45,"column":15},"end":{"line":45,"column":29}},"loc":{"start":{"line":49,"column":41},"end":{"line":62,"column":null}},"line":49},"2":{"name":"useMessages","decl":{"start":{"line":71,"column":16},"end":{"line":71,"column":null}},"loc":{"start":{"line":76,"column":2},"end":{"line":83,"column":null}},"line":76},"3":{"name":"(anonymous_3)","decl":{"start":{"line":79,"column":13},"end":{"line":79,"column":19}},"loc":{"start":{"line":79,"column":19},"end":{"line":79,"column":null}},"line":79},"4":{"name":"useUpdateMessage","decl":{"start":{"line":88,"column":16},"end":{"line":88,"column":35}},"loc":{"start":{"line":88,"column":35},"end":{"line":102,"column":null}},"line":88},"5":{"name":"(anonymous_5)","decl":{"start":{"line":93,"column":15},"end":{"line":93,"column":16}},"loc":{"start":{"line":93,"column":33},"end":{"line":100,"column":null}},"line":93}},"branchMap":{"0":{"loc":{"start":{"line":32,"column":2},"end":{"line":32,"column":null}},"type":"default-arg","locations":[{"start":{"line":32,"column":9},"end":{"line":32,"column":null}}],"line":32},"1":{"loc":{"start":{"line":33,"column":2},"end":{"line":33,"column":null}},"type":"default-arg","locations":[{"start":{"line":33,"column":10},"end":{"line":33,"column":null}}],"line":33},"2":{"loc":{"start":{"line":34,"column":2},"end":{"line":34,"column":null}},"type":"default-arg","locations":[{"start":{"line":34,"column":26},"end":{"line":34,"column":null}}],"line":34},"3":{"loc":{"start":{"line":39,"column":2},"end":{"line":41,"column":null}},"type":"if","locations":[{"start":{"line":39,"column":2},"end":{"line":41,"column":null}},{"start":{},"end":{}}],"line":39},"4":{"loc":{"start":{"line":58,"column":2},"end":{"line":60,"column":null}},"type":"if","locations":[{"start":{"line":58,"column":2},"end":{"line":60,"column":null}},{"start":{},"end":{}}],"line":58},"5":{"loc":{"start":{"line":73,"column":2},"end":{"line":73,"column":null}},"type":"default-arg","locations":[{"start":{"line":73,"column":9},"end":{"line":73,"column":null}}],"line":73},"6":{"loc":{"start":{"line":74,"column":2},"end":{"line":74,"column":null}},"type":"default-arg","locations":[{"start":{"line":74,"column":10},"end":{"line":74,"column":null}}],"line":74},"7":{"loc":{"start":{"line":75,"column":2},"end":{"line":75,"column":null}},"type":"default-arg","locations":[{"start":{"line":75,"column":26},"end":{"line":75,"column":null}}],"line":75}},"s":{"0":3,"1":3,"2":1,"3":2,"4":4,"5":4,"6":1,"7":3,"8":7,"9":3,"10":7,"11":7,"12":3,"13":3},"f":{"0":3,"1":4,"2":7,"3":3,"4":7,"5":3},"b":{"0":[3],"1":[3],"2":[3],"3":[1,2],"4":[1,3],"5":[7],"6":[7],"7":[7]},"meta":{"lastBranch":8,"lastFunction":6,"lastStatement":14,"seen":{"f:30:15:30:Infinity":0,"b:32:9:32:Infinity":0,"b:33:10:33:Infinity":1,"b:34:26:34:Infinity":2,"s:36:14:38:Infinity":0,"b:39:2:41:Infinity:undefined:undefined:undefined:undefined":3,"s:39:2:41:Infinity":1,"s:40:4:40:Infinity":2,"s:42:2:42:Infinity":3,"f:45:15:45:29":1,"s:50:14:57:Infinity":4,"b:58:2:60:Infinity:undefined:undefined:undefined:undefined":4,"s:58:2:60:Infinity":5,"s:59:4:59:Infinity":6,"s:61:2:61:Infinity":7,"f:71:16:71:Infinity":2,"b:73:9:73:Infinity":5,"b:74:10:74:Infinity":6,"b:75:26:75:Infinity":7,"s:77:2:82:Infinity":8,"f:79:13:79:19":3,"s:79:19:79:Infinity":9,"f:88:16:88:35":4,"s:89:8:89:Infinity":10,"s:91:2:101:Infinity":11,"f:93:15:93:16":5,"s:94:6:96:Infinity":12,"s:97:6:99:Infinity":13}}}
,"/Users/Ivan_Habor/myprojects/agoryx-chat/lib/hooks/useToast.tsx": {"path":"/Users/Ivan_Habor/myprojects/agoryx-chat/lib/hooks/useToast.tsx","statementMap":{"0":{"start":{"line":24,"column":6},"end":{"line":24,"column":null}},"1":{"start":{"line":27,"column":8},"end":{"line":27,"column":null}},"2":{"start":{"line":28,"column":2},"end":{"line":30,"column":null}},"3":{"start":{"line":29,"column":4},"end":{"line":29,"column":null}},"4":{"start":{"line":31,"column":2},"end":{"line":31,"column":null}},"5":{"start":{"line":39,"column":26},"end":{"line":39,"column":null}},"6":{"start":{"line":41,"column":8},"end":{"line":43,"column":null}},"7":{"start":{"line":42,"column":4},"end":{"line":42,"column":null}},"8":{"start":{"line":42,"column":24},"end":{"line":42,"column":63}},"9":{"start":{"line":42,"column":47},"end":{"line":42,"column":62}},"10":{"start":{"line":45,"column":8},"end":{"line":59,"column":null}},"11":{"start":{"line":47,"column":17},"end":{"line":47,"column":null}},"12":{"start":{"line":48,"column":27},"end":{"line":48,"column":null}},"13":{"start":{"line":50,"column":6},"end":{"line":50,"column":null}},"14":{"start":{"line":50,"column":26},"end":{"line":50,"column":42}},"15":{"start":{"line":52,"column":6},"end":{"line":56,"column":null}},"16":{"start":{"line":53,"column":8},"end":{"line":55,"column":null}},"17":{"start":{"line":54,"column":10},"end":{"line":54,"column":null}},"18":{"start":{"line":61,"column":8},"end":{"line":64,"column":null}},"19":{"start":{"line":62,"column":44},"end":{"line":62,"column":null}},"20":{"start":{"line":66,"column":8},"end":{"line":69,"column":null}},"21":{"start":{"line":67,"column":44},"end":{"line":67,"column":null}},"22":{"start":{"line":71,"column":8},"end":{"line":74,"column":null}},"23":{"start":{"line":72,"column":44},"end":{"line":72,"column":null}},"24":{"start":{"line":76,"column":8},"end":{"line":79,"column":null}},"25":{"start":{"line":77,"column":44},"end":{"line":77,"column":null}},"26":{"start":{"line":81,"column":35},"end":{"line":89,"column":null}},"27":{"start":{"line":91,"column":2},"end":{"line":94,"column":null}}},"fnMap":{"0":{"name":"useToast","decl":{"start":{"line":26,"column":16},"end":{"line":26,"column":27}},"loc":{"start":{"line":26,"column":27},"end":{"line":32,"column":null}},"line":26},"1":{"name":"ToastProvider","decl":{"start":{"line":38,"column":16},"end":{"line":38,"column":30}},"loc":{"start":{"line":38,"column":64},"end":{"line":96,"column":null}},"line":38},"2":{"name":"(anonymous_2)","decl":{"start":{"line":41,"column":34},"end":{"line":41,"column":35}},"loc":{"start":{"line":41,"column":50},"end":{"line":43,"column":5}},"line":41},"3":{"name":"(anonymous_3)","decl":{"start":{"line":42,"column":14},"end":{"line":42,"column":15}},"loc":{"start":{"line":42,"column":24},"end":{"line":42,"column":63}},"line":42},"4":{"name":"(anonymous_4)","decl":{"start":{"line":42,"column":36},"end":{"line":42,"column":37}},"loc":{"start":{"line":42,"column":47},"end":{"line":42,"column":62}},"line":42},"5":{"name":"(anonymous_5)","decl":{"start":{"line":46,"column":4},"end":{"line":46,"column":5}},"loc":{"start":{"line":46,"column":59},"end":{"line":57,"column":null}},"line":46},"6":{"name":"(anonymous_6)","decl":{"start":{"line":50,"column":16},"end":{"line":50,"column":17}},"loc":{"start":{"line":50,"column":26},"end":{"line":50,"column":42}},"line":50},"7":{"name":"(anonymous_7)","decl":{"start":{"line":53,"column":19},"end":{"line":53,"column":25}},"loc":{"start":{"line":53,"column":25},"end":{"line":55,"column":11}},"line":53},"8":{"name":"(anonymous_8)","decl":{"start":{"line":62,"column":4},"end":{"line":62,"column":5}},"loc":{"start":{"line":62,"column":44},"end":{"line":62,"column":null}},"line":62},"9":{"name":"(anonymous_9)","decl":{"start":{"line":67,"column":4},"end":{"line":67,"column":5}},"loc":{"start":{"line":67,"column":44},"end":{"line":67,"column":null}},"line":67},"10":{"name":"(anonymous_10)","decl":{"start":{"line":72,"column":4},"end":{"line":72,"column":5}},"loc":{"start":{"line":72,"column":44},"end":{"line":72,"column":null}},"line":72},"11":{"name":"(anonymous_11)","decl":{"start":{"line":77,"column":4},"end":{"line":77,"column":5}},"loc":{"start":{"line":77,"column":44},"end":{"line":77,"column":null}},"line":77}},"branchMap":{"0":{"loc":{"start":{"line":28,"column":2},"end":{"line":30,"column":null}},"type":"if","locations":[{"start":{"line":28,"column":2},"end":{"line":30,"column":null}},{"start":{},"end":{}}],"line":28},"1":{"loc":{"start":{"line":46,"column":39},"end":{"line":46,"column":59}},"type":"default-arg","locations":[{"start":{"line":46,"column":50},"end":{"line":46,"column":59}}],"line":46},"2":{"loc":{"start":{"line":52,"column":6},"end":{"line":56,"column":null}},"type":"if","locations":[{"start":{"line":52,"column":6},"end":{"line":56,"column":null}},{"start":{},"end":{}}],"line":52}},"s":{"0":1,"1":45,"2":45,"3":2,"4":43,"5":43,"6":43,"7":7,"8":7,"9":10,"10":43,"11":32,"12":32,"13":32,"14":32,"15":32,"16":16,"17":4,"18":43,"19":2,"20":43,"21":2,"22":43,"23":1,"24":43,"25":1,"26":43,"27":43},"f":{"0":45,"1":43,"2":7,"3":7,"4":10,"5":32,"6":32,"7":4,"8":2,"9":2,"10":1,"11":1},"b":{"0":[2,43],"1":[32],"2":[16,16]},"meta":{"lastBranch":3,"lastFunction":12,"lastStatement":28,"seen":{"s:24:6:24:Infinity":0,"f:26:16:26:27":0,"s:27:8:27:Infinity":1,"b:28:2:30:Infinity:undefined:undefined:undefined:undefined":0,"s:28:2:30:Infinity":2,"s:29:4:29:Infinity":3,"s:31:2:31:Infinity":4,"f:38:16:38:30":1,"s:39:26:39:Infinity":5,"s:41:8:43:Infinity":6,"f:41:34:41:35":2,"s:42:4:42:Infinity":7,"f:42:14:42:15":3,"s:42:24:42:63":8,"f:42:36:42:37":4,"s:42:47:42:62":9,"s:45:8:59:Infinity":10,"f:46:4:46:5":5,"b:46:50:46:59":1,"s:47:17:47:Infinity":11,"s:48:27:48:Infinity":12,"s:50:6:50:Infinity":13,"f:50:16:50:17":6,"s:50:26:50:42":14,"b:52:6:56:Infinity:undefined:undefined:undefined:undefined":2,"s:52:6:56:Infinity":15,"s:53:8:55:Infinity":16,"f:53:19:53:25":7,"s:54:10:54:Infinity":17,"s:61:8:64:Infinity":18,"f:62:4:62:5":8,"s:62:44:62:Infinity":19,"s:66:8:69:Infinity":20,"f:67:4:67:5":9,"s:67:44:67:Infinity":21,"s:71:8:74:Infinity":22,"f:72:4:72:5":10,"s:72:44:72:Infinity":23,"s:76:8:79:Infinity":24,"f:77:4:77:5":11,"s:77:44:77:Infinity":25,"s:81:35:89:Infinity":26,"s:91:2:94:Infinity":27}}}
,"/Users/Ivan_Habor/myprojects/agoryx-chat/lib/services/conversation.service.ts": {"path":"/Users/Ivan_Habor/myprojects/agoryx-chat/lib/services/conversation.service.ts","statementMap":{"0":{"start":{"line":53,"column":4},"end":{"line":53,"column":null}},"1":{"start":{"line":55,"column":28},"end":{"line":55,"column":null}},"2":{"start":{"line":56,"column":10},"end":{"line":56,"column":null}},"3":{"start":{"line":58,"column":35},"end":{"line":65,"column":null}},"4":{"start":{"line":67,"column":4},"end":{"line":79,"column":null}},"5":{"start":{"line":68,"column":38},"end":{"line":75,"column":8}},"6":{"start":{"line":89,"column":4},"end":{"line":89,"column":null}},"7":{"start":{"line":91,"column":25},"end":{"line":98,"column":null}},"8":{"start":{"line":100,"column":4},"end":{"line":110,"column":null}},"9":{"start":{"line":120,"column":4},"end":{"line":120,"column":null}},"10":{"start":{"line":122,"column":4},"end":{"line":124,"column":null}},"11":{"start":{"line":123,"column":6},"end":{"line":123,"column":null}},"12":{"start":{"line":126,"column":25},"end":{"line":129,"column":null}},"13":{"start":{"line":131,"column":4},"end":{"line":131,"column":null}},"14":{"start":{"line":131,"column":23},"end":{"line":131,"column":null}},"15":{"start":{"line":133,"column":4},"end":{"line":143,"column":null}},"16":{"start":{"line":154,"column":4},"end":{"line":154,"column":null}},"17":{"start":{"line":156,"column":4},"end":{"line":158,"column":null}},"18":{"start":{"line":157,"column":6},"end":{"line":157,"column":null}},"19":{"start":{"line":160,"column":47},"end":{"line":160,"column":null}},"20":{"start":{"line":161,"column":4},"end":{"line":161,"column":null}},"21":{"start":{"line":161,"column":34},"end":{"line":161,"column":null}},"22":{"start":{"line":162,"column":4},"end":{"line":162,"column":null}},"23":{"start":{"line":162,"column":33},"end":{"line":162,"column":null}},"24":{"start":{"line":163,"column":4},"end":{"line":163,"column":null}},"25":{"start":{"line":163,"column":40},"end":{"line":163,"column":null}},"26":{"start":{"line":164,"column":4},"end":{"line":164,"column":null}},"27":{"start":{"line":164,"column":44},"end":{"line":164,"column":null}},"28":{"start":{"line":165,"column":4},"end":{"line":165,"column":null}},"29":{"start":{"line":165,"column":37},"end":{"line":165,"column":null}},"30":{"start":{"line":167,"column":25},"end":{"line":171,"column":null}},"31":{"start":{"line":173,"column":4},"end":{"line":173,"column":null}},"32":{"start":{"line":173,"column":23},"end":{"line":173,"column":null}},"33":{"start":{"line":175,"column":4},"end":{"line":185,"column":null}},"34":{"start":{"line":192,"column":4},"end":{"line":192,"column":null}},"35":{"start":{"line":194,"column":4},"end":{"line":196,"column":null}},"36":{"start":{"line":195,"column":6},"end":{"line":195,"column":null}},"37":{"start":{"line":198,"column":25},"end":{"line":201,"column":null}},"38":{"start":{"line":203,"column":4},"end":{"line":203,"column":null}},"39":{"start":{"line":203,"column":23},"end":{"line":203,"column":null}},"40":{"start":{"line":206,"column":4},"end":{"line":206,"column":null}},"41":{"start":{"line":208,"column":4},"end":{"line":208,"column":null}},"42":{"start":{"line":215,"column":4},"end":{"line":215,"column":null}},"43":{"start":{"line":217,"column":29},"end":{"line":217,"column":null}},"44":{"start":{"line":219,"column":4},"end":{"line":222,"column":null}},"45":{"start":{"line":229,"column":4},"end":{"line":229,"column":null}},"46":{"start":{"line":231,"column":4},"end":{"line":233,"column":null}},"47":{"start":{"line":232,"column":6},"end":{"line":232,"column":null}},"48":{"start":{"line":235,"column":25},"end":{"line":238,"column":null}},"49":{"start":{"line":240,"column":4},"end":{"line":240,"column":null}}},"fnMap":{"0":{"name":"(anonymous_0)","decl":{"start":{"line":49,"column":15},"end":{"line":49,"column":null}},"loc":{"start":{"line":52,"column":52},"end":{"line":80,"column":null}},"line":52},"1":{"name":"(anonymous_1)","decl":{"start":{"line":68,"column":30},"end":{"line":68,"column":31}},"loc":{"start":{"line":68,"column":38},"end":{"line":75,"column":8}},"line":68},"2":{"name":"(anonymous_2)","decl":{"start":{"line":85,"column":15},"end":{"line":85,"column":null}},"loc":{"start":{"line":88,"column":33},"end":{"line":111,"column":null}},"line":88},"3":{"name":"(anonymous_3)","decl":{"start":{"line":116,"column":15},"end":{"line":116,"column":null}},"loc":{"start":{"line":119,"column":40},"end":{"line":144,"column":null}},"line":119},"4":{"name":"(anonymous_4)","decl":{"start":{"line":149,"column":15},"end":{"line":149,"column":null}},"loc":{"start":{"line":153,"column":40},"end":{"line":186,"column":null}},"line":153},"5":{"name":"(anonymous_5)","decl":{"start":{"line":191,"column":15},"end":{"line":191,"column":22}},"loc":{"start":{"line":191,"column":80},"end":{"line":209,"column":null}},"line":191},"6":{"name":"(anonymous_6)","decl":{"start":{"line":214,"column":15},"end":{"line":214,"column":29}},"loc":{"start":{"line":214,"column":85},"end":{"line":223,"column":null}},"line":214},"7":{"name":"(anonymous_7)","decl":{"start":{"line":228,"column":15},"end":{"line":228,"column":23}},"loc":{"start":{"line":228,"column":81},"end":{"line":241,"column":null}},"line":228}},"branchMap":{"0":{"loc":{"start":{"line":93,"column":13},"end":{"line":93,"column":null}},"type":"binary-expr","locations":[{"start":{"line":93,"column":13},"end":{"line":93,"column":27}},{"start":{"line":93,"column":27},"end":{"line":93,"column":null}}],"line":93},"1":{"loc":{"start":{"line":94,"column":12},"end":{"line":94,"column":null}},"type":"binary-expr","locations":[{"start":{"line":94,"column":12},"end":{"line":94,"column":25}},{"start":{"line":94,"column":25},"end":{"line":94,"column":null}}],"line":94},"2":{"loc":{"start":{"line":95,"column":19},"end":{"line":95,"column":null}},"type":"binary-expr","locations":[{"start":{"line":95,"column":19},"end":{"line":95,"column":39}},{"start":{"line":95,"column":39},"end":{"line":95,"column":null}}],"line":95},"3":{"loc":{"start":{"line":96,"column":23},"end":{"line":96,"column":null}},"type":"binary-expr","locations":[{"start":{"line":96,"column":23},"end":{"line":96,"column":47}},{"start":{"line":96,"column":47},"end":{"line":96,"column":null}}],"line":96},"4":{"loc":{"start":{"line":97,"column":16},"end":{"line":97,"column":null}},"type":"binary-expr","locations":[{"start":{"line":97,"column":16},"end":{"line":97,"column":33}},{"start":{"line":97,"column":33},"end":{"line":97,"column":null}}],"line":97},"5":{"loc":{"start":{"line":122,"column":4},"end":{"line":124,"column":null}},"type":"if","locations":[{"start":{"line":122,"column":4},"end":{"line":124,"column":null}},{"start":{},"end":{}}],"line":122},"6":{"loc":{"start":{"line":131,"column":4},"end":{"line":131,"column":null}},"type":"if","locations":[{"start":{"line":131,"column":4},"end":{"line":131,"column":null}},{"start":{},"end":{}}],"line":131},"7":{"loc":{"start":{"line":156,"column":4},"end":{"line":158,"column":null}},"type":"if","locations":[{"start":{"line":156,"column":4},"end":{"line":158,"column":null}},{"start":{},"end":{}}],"line":156},"8":{"loc":{"start":{"line":161,"column":4},"end":{"line":161,"column":null}},"type":"if","locations":[{"start":{"line":161,"column":4},"end":{"line":161,"column":null}},{"start":{},"end":{}}],"line":161},"9":{"loc":{"start":{"line":162,"column":4},"end":{"line":162,"column":null}},"type":"if","locations":[{"start":{"line":162,"column":4},"end":{"line":162,"column":null}},{"start":{},"end":{}}],"line":162},"10":{"loc":{"start":{"line":163,"column":4},"end":{"line":163,"column":null}},"type":"if","locations":[{"start":{"line":163,"column":4},"end":{"line":163,"column":null}},{"start":{},"end":{}}],"line":163},"11":{"loc":{"start":{"line":164,"column":4},"end":{"line":164,"column":null}},"type":"if","locations":[{"start":{"line":164,"column":4},"end":{"line":164,"column":null}},{"start":{},"end":{}}],"line":164},"12":{"loc":{"start":{"line":165,"column":4},"end":{"line":165,"column":null}},"type":"if","locations":[{"start":{"line":165,"column":4},"end":{"line":165,"column":null}},{"start":{},"end":{}}],"line":165},"13":{"loc":{"start":{"line":173,"column":4},"end":{"line":173,"column":null}},"type":"if","locations":[{"start":{"line":173,"column":4},"end":{"line":173,"column":null}},{"start":{},"end":{}}],"line":173},"14":{"loc":{"start":{"line":194,"column":4},"end":{"line":196,"column":null}},"type":"if","locations":[{"start":{"line":194,"column":4},"end":{"line":196,"column":null}},{"start":{},"end":{}}],"line":194},"15":{"loc":{"start":{"line":203,"column":4},"end":{"line":203,"column":null}},"type":"if","locations":[{"start":{"line":203,"column":4},"end":{"line":203,"column":null}},{"start":{},"end":{}}],"line":203},"16":{"loc":{"start":{"line":217,"column":29},"end":{"line":217,"column":null}},"type":"cond-expr","locations":[{"start":{"line":217,"column":52},"end":{"line":217,"column":88}},{"start":{"line":217,"column":88},"end":{"line":217,"column":null}}],"line":217},"17":{"loc":{"start":{"line":231,"column":4},"end":{"line":233,"column":null}},"type":"if","locations":[{"start":{"line":231,"column":4},"end":{"line":233,"column":null}},{"start":{},"end":{}}],"line":231}},"s":{"0":6,"1":6,"2":6,"3":6,"4":6,"5":9,"6":3,"7":3,"8":3,"9":3,"10":3,"1
[...]
,"end":{"line":250,"column":null}},"40":{"start":{"line":250,"column":18},"end":{"line":250,"column":null}},"41":{"start":{"line":252,"column":4},"end":{"line":265,"column":null}},"42":{"start":{"line":272,"column":4},"end":{"line":272,"column":null}},"43":{"start":{"line":274,"column":4},"end":{"line":276,"column":null}},"44":{"start":{"line":275,"column":6},"end":{"line":275,"column":null}},"45":{"start":{"line":278,"column":20},"end":{"line":278,"column":null}},"46":{"start":{"line":279,"column":4},"end":{"line":279,"column":null}}},"fnMap":{"0":{"name":"(anonymous_0)","decl":{"start":{"line":36,"column":15},"end":{"line":36,"column":null}},"loc":{"start":{"line":40,"column":43},"end":{"line":79,"column":null}},"line":40},"1":{"name":"(anonymous_1)","decl":{"start":{"line":61,"column":25},"end":{"line":61,"column":26}},"loc":{"start":{"line":61,"column":33},"end":{"line":74,"column":8}},"line":61},"2":{"name":"(anonymous_2)","decl":{"start":{"line":84,"column":15},"end":{"line":84,"column":null}},"loc":{"start":{"line":88,"column":26},"end":{"line":116,"column":null}},"line":88},"3":{"name":"(anonymous_3)","decl":{"start":{"line":121,"column":15},"end":{"line":121,"column":null}},"loc":{"start":{"line":129,"column":26},"end":{"line":157,"column":null}},"line":129},"4":{"name":"(anonymous_4)","decl":{"start":{"line":162,"column":15},"end":{"line":162,"column":29}},"loc":{"start":{"line":162,"column":80},"end":{"line":166,"column":null}},"line":162},"5":{"name":"(anonymous_5)","decl":{"start":{"line":171,"column":15},"end":{"line":171,"column":null}},"loc":{"start":{"line":174,"column":33},"end":{"line":205,"column":null}},"line":174},"6":{"name":"(anonymous_6)","decl":{"start":{"line":210,"column":15},"end":{"line":210,"column":25}},"loc":{"start":{"line":210,"column":73},"end":{"line":237,"column":null}},"line":210},"7":{"name":"(anonymous_7)","decl":{"start":{"line":242,"column":15},"end":{"line":242,"column":23}},"loc":{"start":{"line":242,"column":71},"end":{"line":266,"column":null}},"line":242},"8":{"name":"(anonymous_8)","decl":{"start":{"line":271,"column":15},"end":{"line":271,"column":33}},"loc":{"start":{"line":271,"column":76},"end":{"line":280,"column":null}},"line":271}},"branchMap":{"0":{"loc":{"start":{"line":39,"column":4},"end":{"line":39,"column":null}},"type":"default-arg","locations":[{"start":{"line":39,"column":28},"end":{"line":39,"column":null}}],"line":39},"1":{"loc":{"start":{"line":43,"column":4},"end":{"line":45,"column":null}},"type":"if","locations":[{"start":{"line":43,"column":4},"end":{"line":45,"column":null}},{"start":{},"end":{}}],"line":43},"2":{"loc":{"start":{"line":49,"column":22},"end":{"line":49,"column":null}},"type":"cond-expr","locations":[{"start":{"line":49,"column":40},"end":{"line":49,"column":44}},{"start":{"line":49,"column":44},"end":{"line":49,"column":null}}],"line":49},"3":{"loc":{"start":{"line":137,"column":16},"end":{"line":139,"column":null}},"type":"cond-expr","locations":[{"start":{"line":138,"column":10},"end":{"line":138,"column":null}},{"start":{"line":139,"column":10},"end":{"line":139,"column":null}}],"line":137},"4":{"loc":{"start":{"line":177,"column":4},"end":{"line":179,"column":null}},"type":"if","locations":[{"start":{"line":177,"column":4},"end":{"line":179,"column":null}},{"start":{},"end":{}}],"line":177},"5":{"loc":{"start":{"line":181,"column":23},"end":{"line":183,"column":null}},"type":"cond-expr","locations":[{"start":{"line":182,"column":8},"end":{"line":182,"column":null}},{"start":{"line":183,"column":8},"end":{"line":183,"column":null}}],"line":181},"6":{"loc":{"start":{"line":189,"column":4},"end":{"line":189,"column":null}},"type":"if","locations":[{"start":{"line":189,"column":4},"end":{"line":189,"column":null}},{"start":{},"end":{}}],"line":189},"7":{"loc":{"start":{"line":213,"column":4},"end":{"line":215,"column":null}},"type":"if","locations":[{"start":{"line":213,"column":4},"end":{"line":215,"column":null}},{"start":{},"end":{}}],"line":213},"8":{"loc":{"start":{"line":218,"column":4},"end":{"line":218,"column":null}},"type":"if","locations":[{"start":{"line":218,"column":4},"end":{"line":218,"column":null}},{"start":{},"end":{}}],"line":218},"9":{"loc":{"start":{"line":245,"column":4},"end":{"line":247,"column":null}},"type":"if","locations":[{"start":{"line":245,"column":4},"end":{"line":247,"column":null}},{"start":{},"end":{}}],"line":245},"10":{"loc":{"start":{"line":250,"column":4},"end":{"line":250,"column":null}},"type":"if","locations":[{"start":{"line":250,"column":4},"end":{"line":250,"column":null}},{"start":{},"end":{}}],"line":250},"11":{"loc":{"start":{"line":274,"column":4},"end":{"line":276,"column":null}},"type":"if","locations":[{"start":{"line":274,"column":4},"end":{"line":276,"column":null}},{"start":{},"end":{}}],"line":274},"12":{"loc":{"start":{"line":279,"column":11},"end":{"line":279,"column":null}},"type":"cond-expr","locations":[{"start":{"line":279,"column":21},"end":{"line":279,"column":58}},{"start":{"line":279,"column":58},"end":{"line":279,"column":null}}],"line":279}},"s":{"0":6,"1":6,"2":1,"3":5,"4":5,"5":5,"6":6,"7":5,"8":9,"9":4,"10":4,"11":4,"12":4,"13":3,"14":3,"15":3,"16":1,"17":1,"18":5,"19":5,"20":1,"21":4,"22":5,"23":4,"24":1,"25":3,"26":4,"27":4,"28":1,"29":3,"30":3,"31":1,"32":2,"33":2,"34":2,"35":3,"36":3,"37":1,"38":2,"39":2,"40":2,"41":1,"42":3,"43":3,"44":1,"45":2,"46":2},"f":{"0":1,"1":9,"2":1,"3":1,"4":1,"5":1,"6":1,"7":1,"8":1},"b":{"0":[6],"1":[1,5],"2":[4,1],"3":[1,2],"4":[1,4],"5":[1,3],"6":[1,3],"7":[1,3],"8":[1,2],"9":[1,2],"10":[1,1],"11":[1,2],"12":[1,1]},"meta":{"lastBranch":13,"lastFunction":9,"lastStatement":47,"seen":{"f:36:15:36:Infinity":0,"b:39:28:39:Infinity":0,"s:41:4:41:Infinity":0,"b:43:4:45:Infinity:undefined:undefined:undefined:undefined":1,"s:43:4:45:Infinity":1,"s:44:6:44:Infinity":2,"s:47:28:47:Infinity":3,"s:48:10:48:Infinity":4,"s:49:22:49:Infinity":5,"b:49:40:49:44:49:44:49:Infinity":2,"s:51:30:58:Infinity":6,"s:60:4:78:Infinity":7,"f:61:25:61:26":1,"s:61:33:74:8":8,"f:84:15:84:Infinity":2,"s:89:4:89:Infinity":9,"s:91:20:97:Infinity":10,"s:100:4:100:Infinity":11,"s:102:4:115:Infinity":12,"f:121:15:121:Infinity":3,"s:130:4:130:Infinity":13,"s:132:20:141:Infinity":14,"b:138:10:138:Infinity:139:10:139:Infinity":3,"s:143:4:156:Infinity":15,"f:162:15:162:29":4,"s:163:4:163:Infinity":16,"s:165:4:165:Infinity":17,"f:171:15:171:Infinity":5,"s:175:4:175:Infinity":18,"b:177:4:179:Infinity:undefined:undefined:undefined:undefined":4,"s:177:4:179:Infinity":19,"s:178:6:178:Infinity":20,"s:181:23:183:Infinity":21,"b:182:8:182:Infinity:183:8:183:Infinity":5,"s:185:20:187:Infinity":22,"b:189:4:189:Infinity:undefined:undefined:undefined:undefined":6,"s:189:4:189:Infinity":23,"s:189:18:189:Infinity":24,"s:191:4:204:Infinity":25,"f:210:15:210:25":6,"s:211:4:211:Infinity":26,"b:213:4:215:Infinity:undefined:undefined:undefined:undefined":7,"s:213:4:215:Infinity":27,"s:214:6:214:Infinity":28,"s:217:20:217:Infinity":29,"b:218:4:218:Infinity:undefined:undefined:undefined:undefined":8,"s:218:4:218:Infinity":30,"s:218:18:218:Infinity":31,"s:220:4:220:Infinity":32,"s:221:4:221:Infinity":33,"s:223:4:236:Infinity":34,"f:242:15:242:23":7,"s:243:4:243:Infinity":35,"b:245:4:247:Infinity:undefined:undefined:undefined:undefined":9,"s:245:4:247:Infinity":36,"s:246:6:246:Infinity":37,"s:249:20:249:Infinity":38,"b:250:4:250:Infinity:undefined:undefined:undefined:undefined":10,"s:250:4:250:Infinity":39,"s:250:18:250:Infinity":40,"s:252:4:265:Infinity":41,"f:271:15:271:33":8,"s:272:4:272:Infinity":42,"b:274:4:276:Infinity:undefined:undefined:undefined:undefined":11,"s:274:4:276:Infinity":43,"s:275:6:275:Infinity":44,"s:278:20:278:Infinity":45,"s:279:4:279:Infinity":46,"b:279:21:279:58:279:58:279:Infinity":12}}}
,"/Users/Ivan_Habor/myprojects/agoryx-chat/lib/services/user.service.ts": {"path":"/Users/Ivan_Habor/myprojects/agoryx-chat/lib/services/user.service.ts","statementMap":{"0":{"start":{"line":37,"column":4},"end":{"line":37,"column":null}},"1":{"start":{"line":39,"column":17},"end":{"line":39,"column":null}},"2":{"start":{"line":40,"column":4},"end":{"line":40,"column":null}},"3":{"start":{"line":40,"column":15},"end":{"line":40,"column":null}},"4":{"start":{"line":42,"column":4},"end":{"line":52,"column":null}},"5":{"start":{"line":62,"column":4},"end":{"line":62,"column":null}},"6":{"start":{"line":65,"column":4},"end":{"line":73,"column":null}},"7":{"start":{"line":66,"column":27},"end":{"line":69,"column":null}},"8":{"start":{"line":70,"column":6},"end":{"line":72,"column":null}},"9":{"start":{"line":71,"column":8},"end":{"line":71,"column":null}},"10":{"start":{"line":75,"column":39},"end":{"line":75,"column":null}},"11":{"start":{"line":76,"column":4},"end":{"line":76,"column":null}},"12":{"start":{"line":76,"column":19},"end":{"line":76,"column":null}},"13":{"start":{"line":77,"column":4},"end":{"line":77,"column":null}},"14":{"start":{"line":77,"column":20},"end":{"line":77,"column":null}},"15":{"start":{"line":79,"column":17},"end":{"line":81,"column":null}},"16":{"start":{"line":83,"column":4},"end":{"line":83,"column":null}},"17":{"start":{"line":83,"column":15},"end":{"line":83,"column":null}},"18":{"start":{"line":85,"column":4},"end":{"line":95,"column":null}},"19":{"start":{"line":102,"column":4},"end":{"line":102,"column":null}},"20":{"start":{"line":104,"column":17},"end":{"line":104,"column":null}},"21":{"start":{"line":105,"column":4},"end":{"line":105,"column":null}},"22":{"start":{"line":105,"column":15},"end":{"line":105,"column":null}},"23":{"start":{"line":108,"column":26},"end":{"line":108,"column":null}},"24":{"start":{"line":109,"column":4},"end":{"line":109,"column":null}},"25":{"start":{"line":111,"column":29},"end":{"line":126,"column":null}},"26":{"start":{"line":128,"column":24},"end":{"line":132,"column":null}},"27":{"start":{"line":134,"column":4},"end":{"line":145,"column":null}},"28":{"start":{"line":152,"column":4},"end":{"line":152,"column":null}},"29":{"start":{"line":154,"column":19},"end":{"line":157,"column":null}},"30":{"start":{"line":159,"column":4},"end":{"line":159,"column":null}},"31":{"start":{"line":166,"column":4},"end":{"line":166,"column":null}},"32":{"start":{"line":168,"column":17},"end":{"line":168,"column":null}},"33":{"start":{"line":169,"column":4},"end":{"line":169,"column":null}},"34":{"start":{"line":184,"column":4},"end":{"line":184,"column":null}},"35":{"start":{"line":186,"column":4},"end":{"line":194,"column":null}}},"fnMap":{"0":{"name":"(anonymous_0)","decl":{"start":{"line":36,"column":15},"end":{"line":36,"column":26}},"loc":{"start":{"line":36,"column":71},"end":{"line":53,"column":null}},"line":36},"1":{"name":"(anonymous_1)","decl":{"start":{"line":58,"column":15},"end":{"line":58,"column":null}},"loc":{"start":{"line":61,"column":33},"end":{"line":96,"column":null}},"line":61},"2":{"name":"(anonymous_2)","decl":{"start":{"line":101,"column":15},"end":{"line":101,"column":34}},"loc":{"start":{"line":101,"column":83},"end":{"line":146,"column":null}},"line":101},"3":{"name":"(anonymous_3)","decl":{"start":{"line":151,"column":15},"end":{"line":151,"column":29}},"loc":{"start":{"line":151,"column":79},"end":{"line":160,"column":null}},"line":151},"4":{"name":"(anonymous_4)","decl":{"start":{"line":165,"column":15},"end":{"line":165,"column":32}},"loc":{"start":{"line":165,"column":82},"end":{"line":170,"column":null}},"line":165},"5":{"name":"(anonymous_5)","decl":{"start":{"line":175,"column":15},"end":{"line":175,"column":24}},"loc":{"start":{"line":183,"column":20},"end":{"line":195,"column":null}},"line":183}},"branchMap":{"0":{"loc":{"start":{"line":40,"column":4},"end":{"line":40,"column":null}},"type":"if","locations":[{"start":{"line":40,"column":4},"end":{"line":40,"column":null}},{"start":{},"end":{}}],"line":40},"1":{"loc":{"start":{"line":65,"column":4},"end":{"line":73,"column":null}},"type":"if","locations":[{"start":{"line":65,"column":4},"end":{"line":73,"column":null}},{"start":{},"end":{}}],"line":65},"2":{"loc":{"start":{"line":70,"column":6},"end":{"line":72,"column":null}},"type":"if","locations":[{"start":{"line":70,"column":6},"end":{"line":72,"column":null}},{"start":{},"end":{}}],"line":70},"3":{"loc":{"start":{"line":76,"column":4},"end":{"line":76,"column":null}},"type":"if","locations":[{"start":{"line":76,"column":4},"end":{"line":76,"column":null}},{"start":{},"end":{}}],"line":76},"4":{"loc":{"start":{"line":77,"column":4},"end":{"line":77,"column":null}},"type":"if","locations":[{"start":{"line":77,"column":4},"end":{"line":77,"column":null}},{"start":{},"end":{}}],"line":77},"5":{"loc":{"start":{"line":83,"column":4},"end":{"line":83,"column":null}},"type":"if","locations":[{"start":{"line":83,"column":4},"end":{"line":83,"column":null}},{"start":{},"end":{}}],"line":83},"6":{"loc":{"start":{"line":105,"column":4},"end":{"line":105,"column":null}},"type":"if","locations":[{"start":{"line":105,"column":4},"end":{"line":105,"column":null}},{"start":{},"end":{}}],"line":105},"7":{"loc":{"start":{"line":128,"column":24},"end":{"line":132,"column":null}},"type":"binary-expr","locations":[{"start":{"line":128,"column":24},"end":{"line":128,"column":47}},{"start":{"line":128,"column":47},"end":{"line":132,"column":null}}],"line":128},"8":{"loc":{"start":{"line":169,"column":11},"end":{"line":169,"column":null}},"type":"cond-expr","locations":[{"start":{"line":169,"column":18},"end":{"line":169,"column":53}},{"start":{"line":169,"column":53},"end":{"line":169,"column":null}}],"line":169}},"s":{"0":3,"1":3,"2":3,"3":1,"4":2,"5":6,"6":6,"7":4,"8":4,"9":1,"10":5,"11":5,"12":3,"13":5,"14":5,"15":5,"16":5,"17":1,"18":4,"19":5,"20":5,"21":5,"22":1,"23":4,"24":4,"25":4,"26":4,"27":5,"28":7,"29":7,"30":7,"31":4,"32":4,"33":4,"34":3,"35":3},"f":{"0":1,"1":1,"2":1,"3":1,"4":1,"5":1},"b":{"0":[1,2],"1":[4,2],"2":[1,3],"3":[3,2],"4":[3,2],"5":[1,4],"6":[1,4],"7":[4,2],"8":[3,1]},"meta":{"lastBranch":9,"lastFunction":6,"lastStatement":36,"seen":{"f:36:15:36:26":0,"s:37:4:37:Infinity":0,"s:39:17:39:Infinity":1,"b:40:4:40:Infinity:undefined:undefined:undefined:undefined":0,"s:40:4:40:Infinity":2,"s:40:15:40:Infinity":3,"s:42:4:52:Infinity":4,"f:58:15:58:Infinity":1,"s:62:4:62:Infinity":5,"b:65:4:73:Infinity:undefined:undefined:undefined:undefined":1,"s:65:4:73:Infinity":6,"s:66:27:69:Infinity":7,"b:70:6:72:Infinity:undefined:undefined:undefined:undefined":2,"s:70:6:72:Infinity":8,"s:71:8:71:Infinity":9,"s:75:39:75:Infinity":10,"b:76:4:76:Infinity:undefined:undefined:undefined:undefined":3,"s:76:4:76:Infinity":11,"s:76:19:76:Infinity":12,"b:77:4:77:Infinity:undefined:undefined:undefined:undefined":4,"s:77:4:77:Infinity":13,"s:77:20:77:Infinity":14,"s:79:17:81:Infinity":15,"b:83:4:83:Infinity:undefined:undefined:undefined:undefined":5,"s:83:4:83:Infinity":16,"s:83:15:83:Infinity":17,"s:85:4:95:Infinity":18,"f:101:15:101:34":2,"s:102:4:102:Infinity":19,"s:104:17:104:Infinity":20,"b:105:4:105:Infinity:undefined:undefined:undefined:undefined":6,"s:105:4:105:Infinity":21,"s:105:15:105:Infinity":22,"s:108:26:108:Infinity":23,"s:109:4:109:Infinity":24,"s:111:29:126:Infinity":25,"s:128:24:132:Infinity":26,"b:128:24:128:47:128:47:132:Infinity":7,"s:134:4:145:Infinity":27,"f:151:15:151:29":3,"s:152:4:152:Infinity":28,"s:154:19:157:Infinity":29,"s:159:4:159:Infinity":30,"f:165:15:165:32":4,"s:166:4:166:Infinity":31,"s:168:17:168:Infinity":32,"s:169:4:169:Infinity":33,"b:169:18:169:53:169:53:169:Infinity":8,"f:175:15:175:24":5,"s:184:4:184:Infinity":34,"s:186:4:194:Infinity":35}}}
,"/Users/Ivan_Habor/myprojects/agoryx-chat/lib/validations/index.ts": {"path":"/Users/Ivan_Habor/myprojects/agoryx-chat/lib/validations/index.ts","statementMap":{"0":{"start":{"line":7,"column":29},"end":{"line":11,"column":null}},"1":{"start":{"line":13,"column":30},"end":{"line":15,"column":null}},"2":{"start":{"line":17,"column":38},"end":{"line":17,"column":null}},"3":{"start":{"line":19,"column":30},"end":{"line":19,"column":null}},"4":{"start":{"line":21,"column":30},"end":{"line":21,"column":null}},"5":{"start":{"line":27,"column":32},"end":{"line":30,"column":null}},"6":{"start":{"line":38,"column":32},"end":{"line":41,"column":null}},"7":{"start":{"line":49,"column":33},"end":{"line":56,"column":null}},"8":{"start":{"line":58,"column":42},"end":{"line":61,"column":null}},"9":{"start":{"line":63,"column":40},"end":{"line":69,"column":null}},"10":{"start":{"line":71,"column":40},"end":{"line":77,"column":null}},"11":{"start":{"line":86,"column":32},"end":{"line":93,"column":null}},"12":{"start":{"line":95,"column":35},"end":{"line":98,"column":null}},"13":{"start":{"line":100,"column":35},"end":{"line":103,"column":null}},"14":{"start":{"line":112,"column":33},"end":{"line":122,"column":null}},"15":{"start":{"line":124,"column":33},"end":{"line":131,"column":null}},"16":{"start":{"line":140,"column":37},"end":{"line":145,"column":null}},"17":{"start":{"line":147,"column":38},"end":{"line":151,"column":null}},"18":{"start":{"line":153,"column":37},"end":{"line":157,"column":null}},"19":{"start":{"line":168,"column":17},"end":{"line":168,"column":null}},"20":{"start":{"line":169,"column":2},"end":{"line":172,"column":null}},"21":{"start":{"line":170,"column":19},"end":{"line":170,"column":null}},"22":{"start":{"line":170,"column":48},"end":{"line":170,"column":83}},"23":{"start":{"line":171,"column":4},"end":{"line":171,"column":null}},"24":{"start":{"line":173,"column":2},"end":{"line":173,"column":null}},"25":{"start":{"line":180,"column":41},"end":{"line":180,"column":null}},"26":{"start":{"line":181,"column":2},"end":{"line":183,"column":null}},"27":{"start":{"line":182,"column":4},"end":{"line":182,"column":null}},"28":{"start":{"line":184,"column":2},"end":{"line":184,"column":null}}},"fnMap":{"0":{"name":"parseOrThrow","decl":{"start":{"line":167,"column":16},"end":{"line":167,"column":32}},"loc":{"start":{"line":167,"column":74},"end":{"line":174,"column":null}},"line":167},"1":{"name":"(anonymous_1)","decl":{"start":{"line":170,"column":43},"end":{"line":170,"column":48}},"loc":{"start":{"line":170,"column":48},"end":{"line":170,"column":83}},"line":170},"2":{"name":"parseQueryParams","decl":{"start":{"line":176,"column":16},"end":{"line":176,"column":null}},"loc":{"start":{"line":179,"column":5},"end":{"line":185,"column":null}},"line":179},"3":{"name":"(anonymous_3)","decl":{"start":{"line":181,"column":23},"end":{"line":181,"column":24}},"loc":{"start":{"line":181,"column":39},"end":{"line":183,"column":3}},"line":181}},"branchMap":{"0":{"loc":{"start":{"line":169,"column":2},"end":{"line":172,"column":null}},"type":"if","locations":[{"start":{"line":169,"column":2},"end":{"line":172,"column":null}},{"start":{},"end":{}}],"line":169}},"s":{"0":1,"1":1,"2":1,"3":1,"4":1,"5":1,"6":1,"7":1,"8":1,"9":1,"10":1,"11":1,"12":1,"13":1,"14":1,"15":1,"16":1,"17":1,"18":1,"19":3,"20":3,"21":2,"22":6,"23":2,"24":1,"25":2,"26":2,"27":2,"28":2},"f":{"0":3,"1":6,"2":2,"3":2},"b":{"0":[2,1]},"meta":{"lastBranch":1,"lastFunction":4,"lastStatement":29,"seen":{"s:7:29:11:Infinity":0,"s:13:30:15:Infinity":1,"s:17:38:17:Infinity":2,"s:19:30:19:Infinity":3,"s:21:30:21:Infinity":4,"s:27:32:30:Infinity":5,"s:38:32:41:Infinity":6,"s:49:33:56:Infinity":7,"s:58:42:61:Infinity":8,"s:63:40:69:Infinity":9,"s:71:40:77:Infinity":10,"s:86:32:93:Infinity":11,"s:95:35:98:Infinity":12,"s:100:35:103:Infinity":13,"s:112:33:122:Infinity":14,"s:124:33:131:Infinity":15,"s:140:37:145:Infinity":16,"s:147:38:151:Infinity":17,"s:153:37:157:Infinity":18,"f:167:16:167:32":0,"s:168:17:168:Infinity":19,"b:169:2:172:Infinity:undefined:undefined:undefined:undefined":0,"s:169:2:172:Infinity":20,"s:170:19:170:Infinity":21,"f:170:43:170:48":1,"s:170:48:170:83":22,"s:171:4:171:Infinity":23,"s:173:2:173:Infinity":24,"f:176:16:176:Infinity":2,"s:180:41:180:Infinity":25,"s:181:2:183:Infinity":26,"f:181:23:181:24":3,"s:182:4:182:Infinity":27,"s:184:2:184:Infinity":28}}}
}
