{"/Users/Ivan_Habor/myprojects/agoryx-chat/app/api/billing/checkout/route.ts": {"path":"/Users/Ivan_Habor/myprojects/agoryx-chat/app/api/billing/checkout/route.ts","statementMap":{"0":{"start":{"line":6,"column":2},"end":{"line":34,"column":null}},"1":{"start":{"line":7,"column":20},"end":{"line":7,"column":null}},"2":{"start":{"line":8,"column":4},"end":{"line":10,"column":null}},"3":{"start":{"line":9,"column":6},"end":{"line":9,"column":null}},"4":{"start":{"line":12,"column":21},"end":{"line":12,"column":null}},"5":{"start":{"line":14,"column":4},"end":{"line":16,"column":null}},"6":{"start":{"line":15,"column":6},"end":{"line":15,"column":null}},"7":{"start":{"line":19,"column":24},"end":{"line":19,"column":null}},"8":{"start":{"line":22,"column":4},"end":{"line":22,"column":null}},"9":{"start":{"line":22,"column":35},"end":{"line":22,"column":59}},"10":{"start":{"line":24,"column":4},"end":{"line":27,"column":null}},"11":{"start":{"line":29,"column":4},"end":{"line":29,"column":null}},"12":{"start":{"line":30,"column":4},"end":{"line":33,"column":null}}},"fnMap":{"0":{"name":"POST","decl":{"start":{"line":5,"column":22},"end":{"line":5,"column":27}},"loc":{"start":{"line":5,"column":45},"end":{"line":35,"column":null}},"line":5},"1":{"name":"(anonymous_1)","decl":{"start":{"line":22,"column":22},"end":{"line":22,"column":23}},"loc":{"start":{"line":22,"column":35},"end":{"line":22,"column":59}},"line":22}},"branchMap":{"0":{"loc":{"start":{"line":8,"column":4},"end":{"line":10,"column":null}},"type":"if","locations":[{"start":{"line":8,"column":4},"end":{"line":10,"column":null}},{"start":{},"end":{}}],"line":8},"1":{"loc":{"start":{"line":14,"column":4},"end":{"line":16,"column":null}},"type":"if","locations":[{"start":{"line":14,"column":4},"end":{"line":16,"column":null}},{"start":{},"end":{}}],"line":14},"2":{"loc":{"start":{"line":14,"column":8},"end":{"line":14,"column":51}},"type":"binary-expr","locations":[{"start":{"line":14,"column":8},"end":{"line":14,"column":17}},{"start":{"line":14,"column":17},"end":{"line":14,"column":51}}],"line":14}},"s":{"0":6,"1":6,"2":6,"3":1,"4":5,"5":4,"6":2,"7":2,"8":2,"9":2,"10":2,"11":1,"12":1},"f":{"0":6,"1":2},"b":{"0":[1,5],"1":[2,2],"2":[4,3]},"meta":{"lastBranch":3,"lastFunction":2,"lastStatement":13,"seen":{"f:5:22:5:27":0,"s:6:2:34:Infinity":0,"s:7:20:7:Infinity":1,"b:8:4:10:Infinity:undefined:undefined:undefined:undefined":0,"s:8:4:10:Infinity":2,"s:9:6:9:Infinity":3,"s:12:21:12:Infinity":4,"b:14:4:16:Infinity:undefined:undefined:undefined:undefined":1,"s:14:4:16:Infinity":5,"b:14:8:14:17:14:17:14:51":2,"s:15:6:15:Infinity":6,"s:19:24:19:Infinity":7,"s:22:4:22:Infinity":8,"f:22:22:22:23":1,"s:22:35:22:59":9,"s:24:4:27:Infinity":10,"s:29:4:29:Infinity":11,"s:30:4:33:Infinity":12}}}
,"/Users/Ivan_Habor/myprojects/agoryx-chat/app/api/billing/history/route.ts": {"path":"/Users/Ivan_Habor/myprojects/agoryx-chat/app/api/billing/history/route.ts","statementMap":{"0":{"start":{"line":14,"column":49},"end":{"line":36,"column":null}},"1":{"start":{"line":39,"column":2},"end":{"line":58,"column":null}},"2":{"start":{"line":40,"column":20},"end":{"line":40,"column":null}},"3":{"start":{"line":41,"column":4},"end":{"line":43,"column":null}},"4":{"start":{"line":42,"column":6},"end":{"line":42,"column":null}},"5":{"start":{"line":46,"column":4},"end":{"line":46,"column":null}},"6":{"start":{"line":46,"column":35},"end":{"line":46,"column":59}},"7":{"start":{"line":48,"column":4},"end":{"line":51,"column":null}},"8":{"start":{"line":53,"column":4},"end":{"line":53,"column":null}},"9":{"start":{"line":54,"column":4},"end":{"line":57,"column":null}}},"fnMap":{"0":{"name":"GET","decl":{"start":{"line":38,"column":22},"end":{"line":38,"column":28}},"loc":{"start":{"line":38,"column":28},"end":{"line":59,"column":null}},"line":38},"1":{"name":"(anonymous_1)","decl":{"start":{"line":46,"column":22},"end":{"line":46,"column":23}},"loc":{"start":{"line":46,"column":35},"end":{"line":46,"column":59}},"line":46}},"branchMap":{"0":{"loc":{"start":{"line":41,"column":4},"end":{"line":43,"column":null}},"type":"if","locations":[{"start":{"line":41,"column":4},"end":{"line":43,"column":null}},{"start":{},"end":{}}],"line":41}},"s":{"0":1,"1":2,"2":2,"3":2,"4":1,"5":1,"6":1,"7":1,"8":0,"9":0},"f":{"0":2,"1":1},"b":{"0":[1,1]},"meta":{"lastBranch":1,"lastFunction":2,"lastStatement":10,"seen":{"s:14:49:36:Infinity":0,"f:38:22:38:28":0,"s:39:2:58:Infinity":1,"s:40:20:40:Infinity":2,"b:41:4:43:Infinity:undefined:undefined:undefined:undefined":0,"s:41:4:43:Infinity":3,"s:42:6:42:Infinity":4,"s:46:4:46:Infinity":5,"f:46:22:46:23":1,"s:46:35:46:59":6,"s:48:4:51:Infinity":7,"s:53:4:53:Infinity":8,"s:54:4:57:Infinity":9}}}
,"/Users/Ivan_Habor/myprojects/agoryx-chat/app/api/billing/portal/route.ts": {"path":"/Users/Ivan_Habor/myprojects/agoryx-chat/app/api/billing/portal/route.ts","statementMap":{"0":{"start":{"line":6,"column":2},"end":{"line":28,"column":null}},"1":{"start":{"line":7,"column":20},"end":{"line":7,"column":null}},"2":{"start":{"line":8,"column":4},"end":{"line":10,"column":null}},"3":{"start":{"line":9,"column":6},"end":{"line":9,"column":null}},"4":{"start":{"line":13,"column":22},"end":{"line":13,"column":null}},"5":{"start":{"line":16,"column":4},"end":{"line":16,"column":null}},"6":{"start":{"line":16,"column":35},"end":{"line":16,"column":59}},"7":{"start":{"line":18,"column":4},"end":{"line":21,"column":null}},"8":{"start":{"line":23,"column":4},"end":{"line":23,"column":null}},"9":{"start":{"line":24,"column":4},"end":{"line":27,"column":null}}},"fnMap":{"0":{"name":"POST","decl":{"start":{"line":5,"column":22},"end":{"line":5,"column":29}},"loc":{"start":{"line":5,"column":29},"end":{"line":29,"column":null}},"line":5},"1":{"name":"(anonymous_1)","decl":{"start":{"line":16,"column":22},"end":{"line":16,"column":23}},"loc":{"start":{"line":16,"column":35},"end":{"line":16,"column":59}},"line":16}},"branchMap":{"0":{"loc":{"start":{"line":8,"column":4},"end":{"line":10,"column":null}},"type":"if","locations":[{"start":{"line":8,"column":4},"end":{"line":10,"column":null}},{"start":{},"end":{}}],"line":8}},"s":{"0":3,"1":3,"2":3,"3":2,"4":1,"5":1,"6":1,"7":1,"8":0,"9":0},"f":{"0":3,"1":1},"b":{"0":[2,1]},"meta":{"lastBranch":1,"lastFunction":2,"lastStatement":10,"seen":{"f:5:22:5:29":0,"s:6:2:28:Infinity":0,"s:7:20:7:Infinity":1,"b:8:4:10:Infinity:undefined:undefined:undefined:undefined":0,"s:8:4:10:Infinity":2,"s:9:6:9:Infinity":3,"s:13:22:13:Infinity":4,"s:16:4:16:Infinity":5,"f:16:22:16:23":1,"s:16:35:16:59":6,"s:18:4:21:Infinity":7,"s:23:4:23:Infinity":8,"s:24:4:27:Infinity":9}}}
,"/Users/Ivan_Habor/myprojects/agoryx-chat/app/api/billing/subscription/route.ts": {"path":"/Users/Ivan_Habor/myprojects/agoryx-chat/app/api/billing/subscription/route.ts","statementMap":{"0":{"start":{"line":8,"column":2},"end":{"line":52,"column":null}},"1":{"start":{"line":9,"column":20},"end":{"line":9,"column":null}},"2":{"start":{"line":10,"column":4},"end":{"line":12,"column":null}},"3":{"start":{"line":11,"column":6},"end":{"line":11,"column":null}},"4":{"start":{"line":14,"column":21},"end":{"line":14,"column":null}},"5":{"start":{"line":16,"column":4},"end":{"line":18,"column":null}},"6":{"start":{"line":17,"column":6},"end":{"line":17,"column":null}},"7":{"start":{"line":20,"column":4},"end":{"line":20,"column":null}},"8":{"start":{"line":23,"column":17},"end":{"line":35,"column":null}},"9":{"start":{"line":37,"column":4},"end":{"line":39,"column":null}},"10":{"start":{"line":38,"column":6},"end":{"line":38,"column":null}},"11":{"start":{"line":41,"column":4},"end":{"line":45,"column":null}},"12":{"start":{"line":47,"column":4},"end":{"line":47,"column":null}},"13":{"start":{"line":48,"column":4},"end":{"line":51,"column":null}},"14":{"start":{"line":56,"column":2},"end":{"line":89,"column":null}},"15":{"start":{"line":57,"column":20},"end":{"line":57,"column":null}},"16":{"start":{"line":58,"column":4},"end":{"line":60,"column":null}},"17":{"start":{"line":59,"column":6},"end":{"line":59,"column":null}},"18":{"start":{"line":62,"column":4},"end":{"line":62,"column":null}},"19":{"start":{"line":65,"column":17},"end":{"line":73,"column":null}},"20":{"start":{"line":75,"column":4},"end":{"line":77,"column":null}},"21":{"start":{"line":76,"column":6},"end":{"line":76,"column":null}},"22":{"start":{"line":79,"column":4},"end":{"line":82,"column":null}},"23":{"start":{"line":84,"column":4},"end":{"line":84,"column":null}},"24":{"start":{"line":85,"column":4},"end":{"line":88,"column":null}}},"fnMap":{"0":{"name":"PATCH","decl":{"start":{"line":7,"column":22},"end":{"line":7,"column":28}},"loc":{"start":{"line":7,"column":46},"end":{"line":53,"column":null}},"line":7},"1":{"name":"DELETE","decl":{"start":{"line":55,"column":22},"end":{"line":55,"column":31}},"loc":{"start":{"line":55,"column":31},"end":{"line":90,"column":null}},"line":55}},"branchMap":{"0":{"loc":{"start":{"line":10,"column":4},"end":{"line":12,"column":null}},"type":"if","locations":[{"start":{"line":10,"column":4},"end":{"line":12,"column":null}},{"start":{},"end":{}}],"line":10},"1":{"loc":{"start":{"line":16,"column":4},"end":{"line":18,"column":null}},"type":"if","locations":[{"start":{"line":16,"column":4},"end":{"line":18,"column":null}},{"start":{},"end":{}}],"line":16},"2":{"loc":{"start":{"line":16,"column":8},"end":{"line":16,"column":59}},"type":"binary-expr","locations":[{"start":{"line":16,"column":8},"end":{"line":16,"column":17}},{"start":{"line":16,"column":17},"end":{"line":16,"column":59}}],"line":16},"3":{"loc":{"start":{"line":27,"column":29},"end":{"line":27,"column":null}},"type":"cond-expr","locations":[{"start":{"line":27,"column":47},"end":{"line":27,"column":60}},{"start":{"line":27,"column":60},"end":{"line":27,"column":null}}],"line":27},"4":{"loc":{"start":{"line":31,"column":12},"end":{"line":31,"column":null}},"type":"cond-expr","locations":[{"start":{"line":31,"column":29},"end":{"line":31,"column":35}},{"start":{"line":31,"column":35},"end":{"line":31,"column":null}}],"line":31},"5":{"loc":{"start":{"line":31,"column":35},"end":{"line":31,"column":null}},"type":"cond-expr","locations":[{"start":{"line":31,"column":54},"end":{"line":31,"column":60}},{"start":{"line":31,"column":60},"end":{"line":31,"column":null}}],"line":31},"6":{"loc":{"start":{"line":37,"column":4},"end":{"line":39,"column":null}},"type":"if","locations":[{"start":{"line":37,"column":4},"end":{"line":39,"column":null}},{"start":{},"end":{}}],"line":37},"7":{"loc":{"start":{"line":58,"column":4},"end":{"line":60,"column":null}},"type":"if","locations":[{"start":{"line":58,"column":4},"end":{"line":60,"column":null}},{"start":{},"end":{}}],"line":58},"8":{"loc":{"start":{"line":75,"column":4},"end":{"line":77,"column":null}},"type":"if","locations":[{"start":{"line":75,"column":4},"end":{"line":77,"column":null}},{"start":{},"end":{}}],"line":75}},"s":{"0":8,"1":8,"2":8,"3":1,"4":7,"5":7,"6":2,"7":5,"8":5,"9":4,"10":1,"11":3,"12":1,"13":1,"14":4,"15":4,"16":4,"17":1,"18":3,"19":3,"20":2,"21":1,"22":1,"23":1,"24":1},"f":{"0":8,"1":4},"b":{"0":[1,7],"1":[2,5],"2":[7,6],"3":[1,4],"4":[3,2],"5":[1,1],"6":[1,3],"7":[1,3],"8":[1,1]},"meta":{"lastBranch":9,"lastFunction":2,"lastStatement":25,"seen":{"f:7:22:7:28":0,"s:8:2:52:Infinity":0,"s:9:20:9:Infinity":1,"b:10:4:12:Infinity:undefined:undefined:undefined:undefined":0,"s:10:4:12:Infinity":2,"s:11:6:11:Infinity":3,"s:14:21:14:Infinity":4,"b:16:4:18:Infinity:undefined:undefined:undefined:undefined":1,"s:16:4:18:Infinity":5,"b:16:8:16:17:16:17:16:59":2,"s:17:6:17:Infinity":6,"s:20:4:20:Infinity":7,"s:23:17:35:Infinity":8,"b:27:47:27:60:27:60:27:Infinity":3,"b:31:29:31:35:31:35:31:Infinity":4,"b:31:54:31:60:31:60:31:Infinity":5,"b:37:4:39:Infinity:undefined:undefined:undefined:undefined":6,"s:37:4:39:Infinity":9,"s:38:6:38:Infinity":10,"s:41:4:45:Infinity":11,"s:47:4:47:Infinity":12,"s:48:4:51:Infinity":13,"f:55:22:55:31":1,"s:56:2:89:Infinity":14,"s:57:20:57:Infinity":15,"b:58:4:60:Infinity:undefined:undefined:undefined:undefined":7,"s:58:4:60:Infinity":16,"s:59:6:59:Infinity":17,"s:62:4:62:Infinity":18,"s:65:17:73:Infinity":19,"b:75:4:77:Infinity:undefined:undefined:undefined:undefined":8,"s:75:4:77:Infinity":20,"s:76:6:76:Infinity":21,"s:79:4:82:Infinity":22,"s:84:4:84:Infinity":23,"s:85:4:88:Infinity":24}}}
,"/Users/Ivan_Habor/myprojects/agoryx-chat/app/api/chat/route.ts": {"path":"/Users/Ivan_Habor/myprojects/agoryx-chat/app/api/chat/route.ts","statementMap":{"0":{"start":{"line":4,"column":23},"end":{"line":4,"column":null}},"1":{"start":{"line":5,"column":23},"end":{"line":5,"column":null}},"2":{"start":{"line":33,"column":2},"end":{"line":110,"column":null}},"3":{"start":{"line":34,"column":30},"end":{"line":34,"column":null}},"4":{"start":{"line":42,"column":8},"end":{"line":42,"column":null}},"5":{"start":{"line":45,"column":10},"end":{"line":45,"column":null}},"6":{"start":{"line":48,"column":46},"end":{"line":51,"column":null}},"7":{"start":{"line":48,"column":76},"end":{"line":51,"column":6}},"8":{"start":{"line":54,"column":20},"end":{"line":54,"column":null}},"9":{"start":{"line":55,"column":19},"end":{"line":96,"column":null}},"10":{"start":{"line":57,"column":8},"end":{"line":94,"column":null}},"11":{"start":{"line":58,"column":10},"end":{"line":85,"column":null}},"12":{"start":{"line":66,"column":12},"end":{"line":84,"column":null}},"13":{"start":{"line":67,"column":14},"end":{"line":71,"column":null}},"14":{"start":{"line":72,"column":12},"end":{"line":84,"column":null}},"15":{"start":{"line":73,"column":14},"end":{"line":77,"column":null}},"16":{"start":{"line":78,"column":12},"end":{"line":84,"column":null}},"17":{"start":{"line":79,"column":14},"end":{"line":83,"column":null}},"18":{"start":{"line":86,"column":10},"end":{"line":86,"column":null}},"19":{"start":{"line":88,"column":10},"end":{"line":92,"column":null}},"20":{"start":{"line":93,"column":10},"end":{"line":93,"column":null}},"21":{"start":{"line":98,"column":4},"end":{"line":104,"column":null}},"22":{"start":{"line":106,"column":4},"end":{"line":109,"column":null}},"23":{"start":{"line":119,"column":17},"end":{"line":119,"column":null}},"24":{"start":{"line":121,"column":2},"end":{"line":123,"column":null}},"25":{"start":{"line":122,"column":4},"end":{"line":122,"column":null}},"26":{"start":{"line":125,"column":2},"end":{"line":145,"column":null}},"27":{"start":{"line":126,"column":38},"end":{"line":126,"column":null}},"28":{"start":{"line":128,"column":15},"end":{"line":128,"column":null}},"29":{"start":{"line":129,"column":21},"end":{"line":137,"column":null}},"30":{"start":{"line":139,"column":4},"end":{"line":139,"column":null}},"31":{"start":{"line":141,"column":4},"end":{"line":144,"column":null}}},"fnMap":{"0":{"name":"POST","decl":{"start":{"line":32,"column":22},"end":{"line":32,"column":27}},"loc":{"start":{"line":32,"column":45},"end":{"line":111,"column":null}},"line":32},"1":{"name":"(anonymous_1)","decl":{"start":{"line":48,"column":68},"end":{"line":48,"column":69}},"loc":{"start":{"line":48,"column":76},"end":{"line":51,"column":6}},"line":48},"2":{"name":"(anonymous_2)","decl":{"start":{"line":56,"column":12},"end":{"line":56,"column":18}},"loc":{"start":{"line":56,"column":30},"end":{"line":95,"column":null}},"line":56},"3":{"name":"PUT","decl":{"start":{"line":118,"column":22},"end":{"line":118,"column":26}},"loc":{"start":{"line":118,"column":44},"end":{"line":146,"column":null}},"line":118}},"branchMap":{"0":{"loc":{"start":{"line":38,"column":6},"end":{"line":38,"column":null}},"type":"default-arg","locations":[{"start":{"line":38,"column":14},"end":{"line":38,"column":null}}],"line":38},"1":{"loc":{"start":{"line":39,"column":6},"end":{"line":39,"column":null}},"type":"default-arg","locations":[{"start":{"line":39,"column":26},"end":{"line":39,"column":null}}],"line":39},"2":{"loc":{"start":{"line":40,"column":6},"end":{"line":40,"column":null}},"type":"default-arg","locations":[{"start":{"line":40,"column":24},"end":{"line":40,"column":null}}],"line":40},"3":{"loc":{"start":{"line":49,"column":12},"end":{"line":49,"column":null}},"type":"cond-expr","locations":[{"start":{"line":49,"column":39},"end":{"line":49,"column":48}},{"start":{"line":49,"column":48},"end":{"line":49,"column":null}}],"line":49},"4":{"loc":{"start":{"line":61,"column":31},"end":{"line":61,"column":null}},"type":"binary-expr","locations":[{"start":{"line":61,"column":31},"end":{"line":61,"column":52}},{"start":{"line":61,"column":52},"end":{"line":61,"column":null}}],"line":61},"5":{"loc":{"start":{"line":64,"column":28},"end":{"line":64,"column":null}},"type":"cond-expr","locations":[{"start":{"line":64,"column":46},"end":{"line":64,"column":53}},{"start":{"line":64,"column":53},"end":{"line":64,"column":null}}],"line":64},"6":{"loc":{"start":{"line":66,"column":12},"end":{"line":84,"column":null}},"type":"if","locations":[{"start":{"line":66,"column":12},"end":{"line":84,"column":null}},{"start":{"line":72,"column":12},"end":{"line":84,"column":null}}],"line":66},"7":{"loc":{"start":{"line":66,"column":16},"end":{"line":66,"column":56}},"type":"binary-expr","locations":[{"start":{"line":66,"column":16},"end":{"line":66,"column":41}},{"start":{"line":66,"column":41},"end":{"line":66,"column":56}}],"line":66},"8":{"loc":{"start":{"line":72,"column":12},"end":{"line":84,"column":null}},"type":"if","locations":[{"start":{"line":72,"column":12},"end":{"line":84,"column":null}},{"start":{"line":78,"column":12},"end":{"line":84,"column":null}}],"line":72},"9":{"loc":{"start":{"line":78,"column":12},"end":{"line":84,"column":null}},"type":"if","locations":[{"start":{"line":78,"column":12},"end":{"line":84,"column":null}},{"start":{},"end":{}}],"line":78},"10":{"loc":{"start":{"line":90,"column":64},"end":{"line":90,"column":121}},"type":"cond-expr","locations":[{"start":{"line":90,"column":89},"end":{"line":90,"column":105}},{"start":{"line":90,"column":105},"end":{"line":90,"column":121}}],"line":90},"11":{"loc":{"start":{"line":107,"column":15},"end":{"line":107,"column":72}},"type":"cond-expr","locations":[{"start":{"line":107,"column":40},"end":{"line":107,"column":56}},{"start":{"line":107,"column":56},"end":{"line":107,"column":72}}],"line":107},"12":{"loc":{"start":{"line":121,"column":2},"end":{"line":123,"column":null}},"type":"if","locations":[{"start":{"line":121,"column":2},"end":{"line":123,"column":null}},{"start":{},"end":{}}],"line":121},"13":{"loc":{"start":{"line":139,"column":33},"end":{"line":139,"column":53}},"type":"binary-expr","locations":[{"start":{"line":139,"column":33},"end":{"line":139,"column":50}},{"start":{"line":139,"column":50},"end":{"line":139,"column":53}}],"line":139},"14":{"loc":{"start":{"line":142,"column":15},"end":{"line":142,"column":79}},"type":"cond-expr","locations":[{"start":{"line":142,"column":40},"end":{"line":142,"column":56}},{"start":{"line":142,"column":56},"end":{"line":142,"column":79}}],"line":142}},"s":{"0":1,"1":1,"2":12,"3":12,"4":11,"5":11,"6":11,"7":10,"8":11,"9":11,"10":11,"11":11,"12":14,"13":4,"14":10,"15":9,"16":1,"17":1,"18":10,"19":1,"20":1,"21":11,"22":1,"23":6,"24":6,"25":1,"26":5,"27":5,"28":4,"29":4,"30":2,"31":3},"f":{"0":12,"1":10,"2":11,"3":6},"b":{"0":[11],"1":[11],"2":[11],"3":[5,5],"4":[11,10],"5":[1,10],"6":[4,10],"7":[14,4],"8":[9,1],"9":[1,0],"10":[1,0],"11":[1,0],"12":[1,5],"13":[2,1],"14":[2,1]},"meta":{"lastBranch":15,"lastFunction":4,"lastStatement":32,"seen":{"s:4:23:4:Infinity":0,"s:5:23:5:Infinity":1,"f:32:22:32:27":0,"s:33:2:110:Infinity":2,"s:34:30:34:Infinity":3,"s:42:8:42:Infinity":4,"b:38:14:38:Infinity":0,"b:39:26:39:Infinity":1,"b:40:24:40:Infinity":2,"s:45:10:45:Infinity":5,"s:48:46:51:Infinity":6,"f:48:68:48:69":1,"s:48:76:51:6":7,"b:49:39:49:48:49:48:49:Infinity":3,"s:54:20:54:Infinity":8,"s:55:19:96:Infinity":9,"f:56:12:56:18":2,"s:57:8:94:Infinity":10,"s:58:10:85:Infinity":11,"b:61:31:61:52:61:52:61:Infinity":4,"b:64:46:64:53:64:53:64:Infinity":5,"b:66:12:84:Infinity:72:12:84:Infinity":6,"s:66:12:84:Infinity":12,"b:66:16:66:41:66:41:66:56":7,"s:67:14:71:Infinity":13,"b:72:12:84:Infinity:78:12:84:Infinity":8,"s:72:12:84:Infinity":14,"s:73:14:77:Infinity":15,"b:78:12:84:Infinity:undefined:undefined:undefined:undefined":9,"s:78:12:84:Infinity":16,"s:79:14:83:Infinity":17,"s:86:10:86:Infinity":18,"s:88:10:92:Infinity":19,"b:90:89:90:105:90:105:90:121":10,"s:93:10:93:Infinity":20,"s:98:4:104:Infinity":21,"s:106:4:109:Infinity":22,"b:107:40:107:56:107:56:107:72":11,"f:118:22:118:26":3,"s:119:17:119:Infinity":23,"b:121:2:123:Infinity:undefined:undefined:undefined:undefined":12,"s:121:2:123:Infinity":24,"s:122:4:122:Infinity":25,"s:125:2:145:Infinity":26,"s:126:38:126:Infinity":27,"s:128:15:128:Infinity":28,"s:129:21:137:Infinity":29,"s:139:4:139:Infinity":30,"b:139:33:139:50:139:50:139:53":13,"s:141:4:144:Infinity":31,"b:142:40:142:56:142:56:142:79":14}}}
,"/Users/Ivan_Habor/myprojects/agoryx-chat/app/api/conversations/[id]/messages/route.ts": {"path":"/Users/Ivan_Habor/myprojects/agoryx-chat/app/api/conversations/[id]/messages/route.ts","statementMap":{"0":{"start":{"line":20,"column":15},"end":{"line":20,"column":null}},"1":{"start":{"line":21,"column":2},"end":{"line":23,"column":null}},"2":{"start":{"line":22,"column":4},"end":{"line":22,"column":null}},"3":{"start":{"line":25,"column":2},"end":{"line":62,"column":null}},"4":{"start":{"line":26,"column":19},"end":{"line":26,"column":null}},"5":{"start":{"line":27,"column":29},"end":{"line":27,"column":null}},"6":{"start":{"line":30,"column":20},"end":{"line":30,"column":null}},"7":{"start":{"line":31,"column":4},"end":{"line":33,"column":null}},"8":{"start":{"line":32,"column":6},"end":{"line":32,"column":null}},"9":{"start":{"line":35,"column":23},"end":{"line":38,"column":null}},"10":{"start":{"line":40,"column":19},"end":{"line":40,"column":null}},"11":{"start":{"line":41,"column":19},"end":{"line":41,"column":null}},"12":{"start":{"line":43,"column":4},"end":{"line":50,"column":null}},"13":{"start":{"line":52,"column":4},"end":{"line":55,"column":null}},"14":{"start":{"line":53,"column":21},"end":{"line":53,"column":null}},"15":{"start":{"line":53,"column":45},"end":{"line":53,"column":80}},"16":{"start":{"line":54,"column":6},"end":{"line":54,"column":null}},"17":{"start":{"line":57,"column":4},"end":{"line":57,"column":null}},"18":{"start":{"line":58,"column":4},"end":{"line":61,"column":null}},"19":{"start":{"line":70,"column":15},"end":{"line":70,"column":null}},"20":{"start":{"line":71,"column":2},"end":{"line":73,"column":null}},"21":{"start":{"line":72,"column":4},"end":{"line":72,"column":null}},"22":{"start":{"line":75,"column":2},"end":{"line":164,"column":null}},"23":{"start":{"line":76,"column":19},"end":{"line":76,"column":null}},"24":{"start":{"line":79,"column":25},"end":{"line":79,"column":null}},"25":{"start":{"line":80,"column":4},"end":{"line":82,"column":null}},"26":{"start":{"line":81,"column":6},"end":{"line":81,"column":null}},"27":{"start":{"line":85,"column":17},"end":{"line":85,"column":null}},"28":{"start":{"line":86,"column":17},"end":{"line":86,"column":null}},"29":{"start":{"line":89,"column":22},"end":{"line":89,"column":null}},"30":{"start":{"line":90,"column":42},"end":{"line":90,"column":null}},"31":{"start":{"line":91,"column":4},"end":{"line":103,"column":null}},"32":{"start":{"line":92,"column":6},"end":{"line":102,"column":null}},"33":{"start":{"line":106,"column":24},"end":{"line":109,"column":null}},"34":{"start":{"line":106,"column":61},"end":{"line":109,"column":6}},"35":{"start":{"line":112,"column":25},"end":{"line":123,"column":null}},"36":{"start":{"line":126,"column":20},"end":{"line":126,"column":null}},"37":{"start":{"line":127,"column":19},"end":{"line":144,"column":null}},"38":{"start":{"line":129,"column":8},"end":{"line":142,"column":null}},"39":{"start":{"line":130,"column":10},"end":{"line":133,"column":null}},"40":{"start":{"line":131,"column":30},"end":{"line":131,"column":null}},"41":{"start":{"line":132,"column":12},"end":{"line":132,"column":null}},"42":{"start":{"line":134,"column":10},"end":{"line":134,"column":null}},"43":{"start":{"line":136,"column":29},"end":{"line":139,"column":null}},"44":{"start":{"line":140,"column":10},"end":{"line":140,"column":null}},"45":{"start":{"line":141,"column":10},"end":{"line":141,"column":null}},"46":{"start":{"line":146,"column":4},"end":{"line":152,"column":null}},"47":{"start":{"line":154,"column":4},"end":{"line":157,"column":null}},"48":{"start":{"line":155,"column":21},"end":{"line":155,"column":null}},"49":{"start":{"line":155,"column":45},"end":{"line":155,"column":80}},"50":{"start":{"line":156,"column":6},"end":{"line":156,"column":null}},"51":{"start":{"line":159,"column":4},"end":{"line":159,"column":null}},"52":{"start":{"line":160,"column":4},"end":{"line":163,"column":null}}},"fnMap":{"0":{"name":"GET","decl":{"start":{"line":19,"column":22},"end":{"line":19,"column":26}},"loc":{"start":{"line":19,"column":73},"end":{"line":63,"column":null}},"line":19},"1":{"name":"(anonymous_1)","decl":{"start":{"line":53,"column":38},"end":{"line":53,"column":39}},"loc":{"start":{"line":53,"column":45},"end":{"line":53,"column":80}},"line":53},"2":{"name":"POST","decl":{"start":{"line":69,"column":22},"end":{"line":69,"column":27}},"loc":{"start":{"line":69,"column":74},"end":{"line":165,"column":null}},"line":69},"3":{"name":"(anonymous_3)","decl":{"start":{"line":106,"column":46},"end":{"line":106,"column":47}},"loc":{"start":{"line":106,"column":61},"end":{"line":109,"column":6}},"line":106},"4":{"name":"(anonymous_4)","decl":{"start":{"line":128,"column":12},"end":{"line":128,"column":18}},"loc":{"start":{"line":128,"column":30},"end":{"line":143,"column":null}},"line":128},"5":{"name":"(anonymous_5)","decl":{"start":{"line":155,"column":38},"end":{"line":155,"column":39}},"loc":{"start":{"line":155,"column":45},"end":{"line":155,"column":80}},"line":155}},"branchMap":{"0":{"loc":{"start":{"line":21,"column":2},"end":{"line":23,"column":null}},"type":"if","locations":[{"start":{"line":21,"column":2},"end":{"line":23,"column":null}},{"start":{},"end":{}}],"line":21},"1":{"loc":{"start":{"line":31,"column":4},"end":{"line":33,"column":null}},"type":"if","locations":[{"start":{"line":31,"column":4},"end":{"line":33,"column":null}},{"start":{},"end":{}}],"line":31},"2":{"loc":{"start":{"line":36,"column":12},"end":{"line":36,"column":null}},"type":"binary-expr","locations":[{"start":{"line":36,"column":12},"end":{"line":36,"column":40}},{"start":{"line":36,"column":40},"end":{"line":36,"column":null}}],"line":36},"3":{"loc":{"start":{"line":37,"column":13},"end":{"line":37,"column":null}},"type":"binary-expr","locations":[{"start":{"line":37,"column":13},"end":{"line":37,"column":42}},{"start":{"line":37,"column":42},"end":{"line":37,"column":null}}],"line":37},"4":{"loc":{"start":{"line":40,"column":19},"end":{"line":40,"column":null}},"type":"binary-expr","locations":[{"start":{"line":40,"column":19},"end":{"line":40,"column":48}},{"start":{"line":40,"column":48},"end":{"line":40,"column":null}}],"line":40},"5":{"loc":{"start":{"line":52,"column":4},"end":{"line":55,"column":null}},"type":"if","locations":[{"start":{"line":52,"column":4},"end":{"line":55,"column":null}},{"start":{},"end":{}}],"line":52},"6":{"loc":{"start":{"line":71,"column":2},"end":{"line":73,"column":null}},"type":"if","locations":[{"start":{"line":71,"column":2},"end":{"line":73,"column":null}},{"start":{},"end":{}}],"line":71},"7":{"loc":{"start":{"line":80,"column":4},"end":{"line":82,"column":null}},"type":"if","locations":[{"start":{"line":80,"column":4},"end":{"line":82,"column":null}},{"start":{},"end":{}}],"line":80},"8":{"loc":{"start":{"line":96,"column":20},"end":{"line":96,"column":null}},"type":"binary-expr","locations":[{"start":{"line":96,"column":20},"end":{"line":96,"column":40}},{"start":{"line":96,"column":40},"end":{"line":96,"column":null}}],"line":96},"9":{"loc":{"start":{"line":97,"column":21},"end":{"line":97,"column":null}},"type":"binary-expr","locations":[{"start":{"line":97,"column":21},"end":{"line":97,"column":42}},{"start":{"line":97,"column":42},"end":{"line":97,"column":null}}],"line":97},"10":{"loc":{"start":{"line":138,"column":19},"end":{"line":138,"column":null}},"type":"cond-expr","locations":[{"start":{"line":138,"column":44},"end":{"line":138,"column":60}},{"start":{"line":138,"column":60},"end":{"line":138,"column":null}}],"line":138},"11":{"loc":{"start":{"line":154,"column":4},"end":{"line":157,"column":null}},"type":"if","locations":[{"start":{"line":154,"column":4},"end":{"line":157,"column":null}},{"start":{},"end":{}}],"line":154}},"s":{"0":6,"1":6,"2":1,"3":5,"4":5,"5":5,"6":5,"7":5,"8":1,"9":4,"10":6,"11":6,"12":3,"13":1,"14":1,"15":1,"16":1,"17":0,"18":0,"19":5,"20":5,"21":1,"22":4,"23":4,"24":4,"25":4,"26":1,"27":3,"28":3,"29":3,"30":2,"31":2,"32":4,"33":2,"34":1,"35":5,"36":5,"37":5,"38":2,"39":2,"40":6,"41":6,"42":2,"43":0,"44":0,"45":0,"46":5,"47":1,"48":1,"49":1,"50":1,"51":0,"52":0},"f":{"0":6,"1":1,"2":5,"3":1,"4":2,"5":1},"b":{"0":[1,5],"1":[1,4],"2":[4,2],"3":[6,3],"4":[6,2],"5":[1,0],"6":[1,4],"7":[1,3],"8":[4,4],"9":[4,4],"10":[0,0],"11":[1,0]},"meta":{"lastBranch":12,"lastFunction":6,"lastStatement":53,"seen":{"f:19:22:19:26":0,"s:20:15:20:Infinity":0,"b:21:2:23:Infinity:undefined:undefined:undefined:undefined":0,"s:21:2:23:Infinity":1,"s:22:4:22:Infinity":2,"s:25:2:62:Infinity":3,"s:26:19:26:Infinity":4,"s:27:29:27:Infinity":5,"s:30:20:30:Infinity":6,"b:31:4:33:Infinity:undefined:undefined:undefined:undefined":1,"s:31:4:33:Infinity":7,"s:32:6:32:Infinity":8,"s:35:23:38:Infinity":9,"b:36:12:36:40:36:40:36:Infinity":2,"b:37:13:37:42:37:42:37:Infinity":3,"s:40:19:40:Infinity":10,"b:40:19:40:48:40:48:40:Infinity":4,"s:41:19:41:Infinity":11,"s:43:4:50:Infinity":12,"b:52:4:55:Infinity:undefined:undefined:undefined:undefined":5,"s:52:4:55:Infinity":13,"s:53:21:53:Infinity":14,"f:53:38:53:39":1,"s:53:45:53:80":15,"s:54:6:54:Infinity":16,"s:57:4:57:Infinity":17,"s:58:4:61:Infinity":18,"f:69:22:69:27":2,"s:70:15:70:Infinity":19,"b:71:2:73:Infinity:undefined:undefined:undefined:undefined":6,"s:71:2:73:Infinity":20,"s:72:4:72:Infinity":21,"s:75:2:164:Infinity":22,"s:76:19:76:Infinity":23,"s:79:25:79:Infinity":24,"b:80:4:82:Infinity:undefined:undefined:undefined:undefined":7,"s:80:4:82:Infinity":25,"s:81:6:81:Infinity":26,"s:85:17:85:Infinity":27,"s:86:17:86:Infinity":28,"s:89:22:89:Infinity":29,"s:90:42:90:Infinity":30,"s:91:4:103:Infinity":31,"s:92:6:102:Infinity":32,"b:96:20:96:40:96:40:96:Infinity":8,"b:97:21:97:42:97:42:97:Infinity":9,"s:106:24:109:Infinity":33,"f:106:46:106:47":3,"s:106:61:109:6":34,"s:112:25:123:Infinity":35,"s:126:20:126:Infinity":36,"s:127:19:144:Infinity":37,"f:128:12:128:18":4,"s:129:8:142:Infinity":38,"s:130:10:133:Infinity":39,"s:131:30:131:Infinity":40,"s:132:12:132:Infinity":41,"s:134:10:134:Infinity":42,"s:136:29:139:Infinity":43,"b:138:44:138:60:138:60:138:Infinity":10,"s:140:10:140:Infinity":44,"s:141:10:141:Infinity":45,"s:146:4:152:Infinity":46,"b:154:4:157:Infinity:undefined:undefined:undefined:undefined":11,"s:154:4:157:Infinity":47,"s:155:21:155:Infinity":48,"f:155:38:155:39":5,"s:155:45:155:80":49,"s:156:6:156:Infinity":50,"s:159:4:159:Infinity":51,"s:160:4:163:Infinity":52}}}
,"/Users/Ivan_Habor/myprojects/agoryx-chat/lib/api/auth.ts": {"path":"/Users/Ivan_Habor/myprojects/agoryx-chat/lib/api/auth.ts","statementMap":{"0":{"start":{"line":42,"column":18},"end":{"line":42,"column":null}},"1":{"start":{"line":44,"column":2},"end":{"line":46,"column":null}},"2":{"start":{"line":45,"column":4},"end":{"line":45,"column":null}},"3":{"start":{"line":48,"column":2},"end":{"line":50,"column":null}},"4":{"start":{"line":49,"column":4},"end":{"line":49,"column":null}},"5":{"start":{"line":52,"column":2},"end":{"line":63,"column":null}},"6":{"start":{"line":83,"column":15},"end":{"line":83,"column":null}},"7":{"start":{"line":85,"column":2},"end":{"line":87,"column":null}},"8":{"start":{"line":86,"column":4},"end":{"line":86,"column":null}},"9":{"start":{"line":89,"column":2},"end":{"line":91,"column":null}},"10":{"start":{"line":90,"column":4},"end":{"line":90,"column":null}},"11":{"start":{"line":93,"column":2},"end":{"line":93,"column":null}},"12":{"start":{"line":100,"column":2},"end":{"line":100,"column":null}},"13":{"start":{"line":107,"column":2},"end":{"line":107,"column":null}}},"fnMap":{"0":{"name":"requireAuth","decl":{"start":{"line":41,"column":22},"end":{"line":41,"column":69}},"loc":{"start":{"line":41,"column":69},"end":{"line":64,"column":null}},"line":41},"1":{"name":"requireAdmin","decl":{"start":{"line":82,"column":22},"end":{"line":82,"column":70}},"loc":{"start":{"line":82,"column":70},"end":{"line":94,"column":null}},"line":82},"2":{"name":"isAuthError","decl":{"start":{"line":99,"column":16},"end":{"line":99,"column":28}},"loc":{"start":{"line":99,"column":81},"end":{"line":101,"column":null}},"line":99},"3":{"name":"authErrorResponse","decl":{"start":{"line":106,"column":16},"end":{"line":106,"column":34}},"loc":{"start":{"line":106,"column":66},"end":{"line":108,"column":null}},"line":106}},"branchMap":{"0":{"loc":{"start":{"line":44,"column":2},"end":{"line":46,"column":null}},"type":"if","locations":[{"start":{"line":44,"column":2},"end":{"line":46,"column":null}},{"start":{},"end":{}}],"line":44},"1":{"loc":{"start":{"line":48,"column":2},"end":{"line":50,"column":null}},"type":"if","locations":[{"start":{"line":48,"column":2},"end":{"line":50,"column":null}},{"start":{},"end":{}}],"line":48},"2":{"loc":{"start":{"line":85,"column":2},"end":{"line":87,"column":null}},"type":"if","locations":[{"start":{"line":85,"column":2},"end":{"line":87,"column":null}},{"start":{},"end":{}}],"line":85},"3":{"loc":{"start":{"line":89,"column":2},"end":{"line":91,"column":null}},"type":"if","locations":[{"start":{"line":89,"column":2},"end":{"line":91,"column":null}},{"start":{},"end":{}}],"line":89}},"s":{"0":9,"1":9,"2":3,"3":6,"4":2,"5":4,"6":4,"7":4,"8":2,"9":2,"10":1,"11":1,"12":5,"13":4},"f":{"0":9,"1":4,"2":5,"3":4},"b":{"0":[3,6],"1":[2,4],"2":[2,2],"3":[1,1]},"meta":{"lastBranch":4,"lastFunction":4,"lastStatement":14,"seen":{"f:41:22:41:69":0,"s:42:18:42:Infinity":0,"b:44:2:46:Infinity:undefined:undefined:undefined:undefined":0,"s:44:2:46:Infinity":1,"s:45:4:45:Infinity":2,"b:48:2:50:Infinity:undefined:undefined:undefined:undefined":1,"s:48:2:50:Infinity":3,"s:49:4:49:Infinity":4,"s:52:2:63:Infinity":5,"f:82:22:82:70":1,"s:83:15:83:Infinity":6,"b:85:2:87:Infinity:undefined:undefined:undefined:undefined":2,"s:85:2:87:Infinity":7,"s:86:4:86:Infinity":8,"b:89:2:91:Infinity:undefined:undefined:undefined:undefined":3,"s:89:2:91:Infinity":9,"s:90:4:90:Infinity":10,"s:93:2:93:Infinity":11,"f:99:16:99:28":2,"s:100:2:100:Infinity":12,"f:106:16:106:34":3,"s:107:2:107:Infinity":13}}}
,"/Users/Ivan_Habor/myprojects/agoryx-chat/lib/db/models/Agent.ts": {"path":"/Users/Ivan_Habor/myprojects/agoryx-chat/lib/db/models/Agent.ts","statementMap":{"0":{"start":{"line":32,"column":20},"end":{"line":54,"column":null}},"1":{"start":{"line":57,"column":0},"end":{"line":57,"column":null}},"2":{"start":{"line":60,"column":2},"end":{"line":60,"column":null}}},"fnMap":{},"branchMap":{"0":{"loc":{"start":{"line":60,"column":2},"end":{"line":60,"column":null}},"type":"binary-expr","locations":[{"start":{"line":60,"column":2},"end":{"line":60,"column":27}},{"start":{"line":60,"column":27},"end":{"line":60,"column":null}}],"line":60}},"s":{"0":1,"1":1,"2":1},"f":{},"b":{"0":[1,1]},"meta":{"lastBranch":1,"lastFunction":0,"lastStatement":3,"seen":{"s:32:20:54:Infinity":0,"s:57:0:57:Infinity":1,"s:60:2:60:Infinity":2,"b:60:2:60:27:60:27:60:Infinity":0}}}
,"/Users/Ivan_Habor/myprojects/agoryx-chat/lib/db/models/Conversation.ts": {"path":"/Users/Ivan_Habor/myprojects/agoryx-chat/lib/db/models/Conversation.ts","statementMap":{"0":{"start":{"line":30,"column":38},"end":{"line":40,"column":null}},"1":{"start":{"line":42,"column":35},"end":{"line":48,"column":null}},"2":{"start":{"line":50,"column":27},"end":{"line":76,"column":null}},"3":{"start":{"line":67,"column":22},"end":{"line":67,"column":null}},"4":{"start":{"line":72,"column":22},"end":{"line":72,"column":null}},"5":{"start":{"line":79,"column":0},"end":{"line":79,"column":null}},"6":{"start":{"line":82,"column":2},"end":{"line":82,"column":null}}},"fnMap":{"0":{"name":"(anonymous_0)","decl":{"start":{"line":67,"column":15},"end":{"line":67,"column":22}},"loc":{"start":{"line":67,"column":22},"end":{"line":67,"column":null}},"line":67},"1":{"name":"(anonymous_1)","decl":{"start":{"line":72,"column":15},"end":{"line":72,"column":22}},"loc":{"start":{"line":72,"column":22},"end":{"line":72,"column":null}},"line":72}},"branchMap":{"0":{"loc":{"start":{"line":82,"column":2},"end":{"line":82,"column":null}},"type":"binary-expr","locations":[{"start":{"line":82,"column":2},"end":{"line":82,"column":34}},{"start":{"line":82,"column":34},"end":{"line":82,"column":null}}],"line":82}},"s":{"0":4,"1":4,"2":4,"3":0,"4":0,"5":4,"6":4},"f":{"0":0,"1":0},"b":{"0":[4,4]},"meta":{"lastBranch":1,"lastFunction":2,"lastStatement":7,"seen":{"s:30:38:40:Infinity":0,"s:42:35:48:Infinity":1,"s:50:27:76:Infinity":2,"f:67:15:67:22":0,"s:67:22:67:Infinity":3,"f:72:15:72:22":1,"s:72:22:72:Infinity":4,"s:79:0:79:Infinity":5,"s:82:2:82:Infinity":6,"b:82:2:82:34:82:34:82:Infinity":0}}}
,"/Users/Ivan_Habor/myprojects/agoryx-chat/lib/db/models/Message.ts": {"path":"/Users/Ivan_Habor/myprojects/agoryx-chat/lib/db/models/Message.ts","statementMap":{"0":{"start":{"line":32,"column":25},"end":{"line":42,"column":null}},"1":{"start":{"line":44,"column":30},"end":{"line":50,"column":null}},"2":{"start":{"line":52,"column":22},"end":{"line":74,"column":null}},"3":{"start":{"line":77,"column":0},"end":{"line":77,"column":null}},"4":{"start":{"line":80,"column":2},"end":{"line":80,"column":null}}},"fnMap":{},"branchMap":{"0":{"loc":{"start":{"line":80,"column":2},"end":{"line":80,"column":null}},"type":"binary-expr","locations":[{"start":{"line":80,"column":2},"end":{"line":80,"column":29}},{"start":{"line":80,"column":29},"end":{"line":80,"column":null}}],"line":80}},"s":{"0":4,"1":4,"2":4,"3":4,"4":4},"f":{},"b":{"0":[4,4]},"meta":{"lastBranch":1,"lastFunction":0,"lastStatement":5,"seen":{"s:32:25:42:Infinity":0,"s:44:30:50:Infinity":1,"s:52:22:74:Infinity":2,"s:77:0:77:Infinity":3,"s:80:2:80:Infinity":4,"b:80:2:80:29:80:29:80:Infinity":0}}}
,"/Users/Ivan_Habor/myprojects/agoryx-chat/lib/db/models/UsageLog.ts": {"path":"/Users/Ivan_Habor/myprojects/agoryx-chat/lib/db/models/UsageLog.ts","statementMap":{"0":{"start":{"line":16,"column":23},"end":{"line":38,"column":null}},"1":{"start":{"line":41,"column":0},"end":{"line":41,"column":null}},"2":{"start":{"line":44,"column":2},"end":{"line":44,"column":null}}},"fnMap":{},"branchMap":{"0":{"loc":{"start":{"line":44,"column":2},"end":{"line":44,"column":null}},"type":"binary-expr","locations":[{"start":{"line":44,"column":2},"end":{"line":44,"column":30}},{"start":{"line":44,"column":30},"end":{"line":44,"column":null}}],"line":44}},"s":{"0":3,"1":3,"2":3},"f":{},"b":{"0":[3,3]},"meta":{"lastBranch":1,"lastFunction":0,"lastStatement":3,"seen":{"s:16:23:38:Infinity":0,"s:41:0:41:Infinity":1,"s:44:2:44:Infinity":2,"b:44:2:44:30:44:30:44:Infinity":0}}}
,"/Users/Ivan_Habor/myprojects/agoryx-chat/lib/db/models/User.ts": {"path":"/Users/Ivan_Habor/myprojects/agoryx-chat/lib/db/models/User.ts","statementMap":{"0":{"start":{"line":28,"column":19},"end":{"line":62,"column":null}},"1":{"start":{"line":66,"column":27},"end":{"line":66,"column":null}}},"fnMap":{},"branchMap":{"0":{"loc":{"start":{"line":66,"column":27},"end":{"line":66,"column":null}},"type":"binary-expr","locations":[{"start":{"line":66,"column":27},"end":{"line":66,"column":51}},{"start":{"line":66,"column":51},"end":{"line":66,"column":null}}],"line":66}},"s":{"0":4,"1":4},"f":{},"b":{"0":[4,4]},"meta":{"lastBranch":1,"lastFunction":0,"lastStatement":2,"seen":{"s:28:19:62:Infinity":0,"s:66:27:66:Infinity":1,"b:66:27:66:51:66:51:66:Infinity":0}}}
,"/Users/Ivan_Habor/myprojects/agoryx-chat/lib/hooks/useAgentStream.ts": {"path":"/Users/Ivan_Habor/myprojects/agoryx-chat/lib/hooks/useAgentStream.ts","statementMap":{"0":{"start":{"line":56,"column":8},"end":{"line":56,"column":null}},"1":{"start":{"line":57,"column":8},"end":{"line":57,"column":null}},"2":{"start":{"line":59,"column":36},"end":{"line":59,"column":null}},"3":{"start":{"line":60,"column":48},"end":{"line":62,"column":null}},"4":{"start":{"line":63,"column":40},"end":{"line":63,"column":null}},"5":{"start":{"line":64,"column":36},"end":{"line":64,"column":null}},"6":{"start":{"line":65,"column":32},"end":{"line":65,"column":null}},"7":{"start":{"line":66,"column":24},"end":{"line":66,"column":null}},"8":{"start":{"line":68,"column":8},"end":{"line":74,"column":null}},"9":{"start":{"line":69,"column":4},"end":{"line":72,"column":null}},"10":{"start":{"line":70,"column":6},"end":{"line":70,"column":null}},"11":{"start":{"line":71,"column":6},"end":{"line":71,"column":null}},"12":{"start":{"line":73,"column":4},"end":{"line":73,"column":null}},"13":{"start":{"line":76,"column":8},"end":{"line":236,"column":null}},"14":{"start":{"line":83,"column":6},"end":{"line":83,"column":null}},"15":{"start":{"line":84,"column":6},"end":{"line":84,"column":null}},"16":{"start":{"line":85,"column":6},"end":{"line":85,"column":null}},"17":{"start":{"line":86,"column":6},"end":{"line":86,"column":null}},"18":{"start":{"line":87,"column":6},"end":{"line":87,"column":null}},"19":{"start":{"line":88,"column":6},"end":{"line":88,"column":null}},"20":{"start":{"line":91,"column":6},"end":{"line":91,"column":null}},"21":{"start":{"line":93,"column":6},"end":{"line":163,"column":null}},"22":{"start":{"line":94,"column":25},"end":{"line":102,"column":null}},"23":{"start":{"line":104,"column":8},"end":{"line":107,"column":null}},"24":{"start":{"line":105,"column":28},"end":{"line":105,"column":null}},"25":{"start":{"line":105,"column":63},"end":{"line":105,"column":66}},"26":{"start":{"line":106,"column":10},"end":{"line":106,"column":null}},"27":{"start":{"line":109,"column":8},"end":{"line":111,"column":null}},"28":{"start":{"line":110,"column":10},"end":{"line":110,"column":null}},"29":{"start":{"line":113,"column":23},"end":{"line":113,"column":null}},"30":{"start":{"line":114,"column":24},"end":{"line":114,"column":null}},"31":{"start":{"line":115,"column":21},"end":{"line":115,"column":null}},"32":{"start":{"line":117,"column":8},"end":{"line":137,"column":null}},"33":{"start":{"line":118,"column":34},"end":{"line":118,"column":null}},"34":{"start":{"line":119,"column":10},"end":{"line":119,"column":null}},"35":{"start":{"line":119,"column":20},"end":{"line":119,"column":null}},"36":{"start":{"line":121,"column":10},"end":{"line":121,"column":null}},"37":{"start":{"line":124,"column":24},"end":{"line":124,"column":null}},"38":{"start":{"line":125,"column":10},"end":{"line":125,"column":null}},"39":{"start":{"line":127,"column":10},"end":{"line":136,"column":null}},"40":{"start":{"line":128,"column":12},"end":{"line":135,"column":null}},"41":{"start":{"line":129,"column":14},"end":{"line":134,"column":null}},"42":{"start":{"line":130,"column":43},"end":{"line":130,"column":null}},"43":{"start":{"line":131,"column":16},"end":{"line":131,"column":null}},"44":{"start":{"line":133,"column":16},"end":{"line":133,"column":null}},"45":{"start":{"line":140,"column":8},"end":{"line":147,"column":null}},"46":{"start":{"line":141,"column":10},"end":{"line":146,"column":null}},"47":{"start":{"line":142,"column":39},"end":{"line":142,"column":null}},"48":{"start":{"line":143,"column":12},"end":{"line":143,"column":null}},"49":{"start":{"line":150,"column":8},"end":{"line":152,"column":null}},"50":{"start":{"line":153,"column":8},"end":{"line":153,"column":null}},"51":{"start":{"line":155,"column":8},"end":{"line":158,"column":null}},"52":{"start":{"line":157,"column":10},"end":{"line":157,"column":null}},"53":{"start":{"line":159,"column":8},"end":{"line":159,"column":null}},"54":{"start":{"line":161,"column":8},"end":{"line":161,"column":null}},"55":{"start":{"line":162,"column":8},"end":{"line":162,"column":null}},"56":{"start":{"line":166,"column":8},"end":{"line":232,"column":null}},"57":{"start":{"line":168,"column":12},"end":{"line":168,"column":null}},"58":{"start":{"line":169,"column":12},"end":{"line":169,"column":null}},"59":{"start":{"line":172,"column":12},"end":{"line":183,"column":null}},"60":{"start":{"line":173,"column":14},"end":{"line":182,"column":null}},"61":{"start":{"line":174,"column":29},"end":{"line":174,"column":null}},"62":{"start":{"line":175,"column":16},"end":{"line":180,"column":null}},"63":{"start":{"line":181,"column":16},"end":{"line":181,"column":null}},"64":{"start":{"line":184,"column":12},"end":{"line":184,"column":null}},"65":{"start":{"line":187,"column":12},"end":{"line":199,"column":null}},"66":{"start":{"line":188,"column":14},"end":{"line":198,"column":null}},"67":{"start":{"line":189,"column":29},"end":{"line":189,"column":null}},"68":{"start":{"line":190,"column":33},"end":{"line":190,"column":null}},"69":{"start":{"line":191,"column":16},"end":{"line":196,"column":null}},"70":{"start":{"line":192,"column":18},"end":{"line":195,"column":null}},"71":{"start":{"line":197,"column":16},"end":{"line":197,"column":null}},"72":{"start":{"line":200,"column":12},"end":{"line":200,"column":null}},"73":{"start":{"line":203,"column":12},"end":{"line":218,"column":null}},"74":{"start":{"line":204,"column":14},"end":{"line":214,"column":null}},"75":{"start":{"line":205,"column":29},"end":{"line":205,"column":null}},"76":{"start":{"line":206,"column":33},"end":{"line":206,"column":null}},"77":{"start":{"line":207,"column":16},"end":{"line":212,"column":null}},"78":{"start":{"line":208,"column":18},"end":{"line":211,"column":null}},"79":{"start":{"line":213,"column":16},"end":{"line":213,"column":null}},"80":{"start":{"line":215,"column":14},"end":{"line":217,"column":null}},"81":{"start":{"line":216,"column":16},"end":{"line":216,"column":null}},"82":{"start":{"line":216,"column":39},"end":{"line":216,"column":57}},"83":{"start":{"line":219,"column":12},"end":{"line":219,"column":null}},"84":{"start":{"line":222,"column":12},"end":{"line":222,"column":null}},"85":{"start":{"line":223,"column":12},"end":{"line":223,"column":null}},"86":{"start":{"line":227,"column":12},"end":{"line":227,"column":null}},"87":{"start":{"line":230,"column":12},"end":{"line":230,"column":null}},"88":{"start":{"line":231,"column":12},"end":{"line":231,"column":null}},"89":{"start":{"line":238,"column":2},"end":{"line":247,"column":null}}},"fnMap":{"0":{"name":"useAgentStream","decl":{"start":{"line":55,"column":16},"end":{"line":55,"column":55}},"loc":{"start":{"line":55,"column":55},"end":{"line":248,"column":null}},"line":55},"1":{"name":"(anonymous_1)","decl":{"start":{"line":68,"column":34},"end":{"line":68,"column":40}},"loc":{"start":{"line":68,"column":40},"end":{"line":74,"column":5}},"line":68},"2":{"name":"(anonymous_2)","decl":{"start":{"line":77,"column":4},"end":{"line":77,"column":null}},"loc":{"start":{"line":81,"column":9},"end":{"line":234,"column":null}},"line":81},"3":{"name":"(anonymous_3)","decl":{"start":{"line":105,"column":56},"end":{"line":105,"column":63}},"loc":{"start":{"line":105,"column":63},"end":{"line":105,"column":66}},"line":105},"4":{"name":"processEvent","decl":{"start":{"line":165,"column":15},"end":{"line":165,"column":28}},"loc":{"start":{"line":165,"column":48},"end":{"line":233,"column":null}},"line":165},"5":{"name":"(anonymous_5)","decl":{"start":{"line":173,"column":35},"end":{"line":173,"column":36}},"loc":{"start":{"line":173,"column":45},"end":{"line":182,"column":15}},"line":173},"6":{"name":"(anonymous_6)","decl":{"start":{"line":188,"column":35},"end":{"line":188,"column":36}},"loc":{"start":{"line":188,"column":45},"end":{"line":198,"column":15}},"line":188},"7":{"name":"(anonymous_7)","decl":{"start":{"line":204,"column":35},"end":{"line":204,"column":36}},"loc":{"start":{"line":204,"column":45},"end":{"line":214,"column":15}},"line":204},"8":{"name":"(anonymous_8)","decl":{"start":{"line":216,"column":29},"end":{"line":216,"column":30}},"loc":{"start":{"line":216,"column":39},"end":{"line":216,"column":57}},"line":216}},"branchMap":{"0":{"loc":{"start":{"line":69,"column":4},"end":{"line":72,"column":null}},"type":"if","locations":[{"start":{"line":69,"column":4},"end":{"line":72,"column":null}},{"start":{},"end":{}}],"line":69},"1":{"loc":{"start":{"line":104,"column":8},"end":{"line":107,"column":null}},"type":"if","locations":[{"start":{"line":104,"column":8},"end":{"line":107,"column":null}},{"start":{},"end":{}}],"line":104},"2":{"loc":{"start":{"line":106,"column":26},"end":{"line":106,"column":70}},"type":"binary-expr","locations":[{"start":{"line":106,"column":26},"end":{"line":106,"column":45}},{"start":{"line":106,"column":45},"end":{"line":106,"column":70}}],"line":106},"3":{"loc":{"start":{"line":109,"column":8},"end":{"line":111,"column":null}},"type":"if","locations":[{"start":{"line":109,"column":8},"end":{"line":111,"column":null}},{"start":{},"end":{}}],"line":109},"4":{"loc":{"start":{"line":119,"column":10},"end":{"line":119,"column":null}},"type":"if","locations":[{"start":{"line":119,"column":10},"end":{"line":119,"column":null}},{"start":{},"end":{}}],"line":119},"5":{"loc":{"start":{"line":125,"column":19},"end":{"line":125,"column":null}},"type":"binary-expr","locations":[{"start":{"line":125,"column":19},"end":{"line":125,"column":34}},{"start":{"line":125,"column":34},"end":{"line":125,"column":null}}],"line":125},"6":{"loc":{"start":{"line":128,"column":12},"end":{"line":135,"column":null}},"type":"if","locations":[{"start":{"line":128,"column":12},"end":{"line":135,"column":null}},{"start":{},"end":{}}],"line":128},"7":{"loc":{"start":{"line":140,"column":8},"end":{"line":147,"column":null}},"type":"if","locations":[{"start":{"line":140,"column":8},"end":{"line":147,"column":null}},{"start":{},"end":{}}],"line":140},"8":{"loc":{"start":{"line":155,"column":8},"end":{"line":158,"column":null}},"type":"if","locations":[{"start":{"line":155,"column":8},"end":{"line":158,"column":null}},{"start":{},"end":{}}],"line":155},"9":{"loc":{"start":{"line":166,"column":8},"end":{"line":232,"column":null}},"type":"switch","locations":[{"start":{"line":167,"column":10},"end":{"line":169,"column":null}},{"start":{"line":171,"column":10},"end":{"line":184,"column":null}},{"start":{"line":186,"column":10},"end":{"line":200,"column":null}},{"start":{"line":202,"column":10},"end":{"line":219,"column":null}},{"start":{"line":221,"column":10},"end":{"line":223,"column":null}},{"start":{"line":225,"column":10},"end":{"line":227,"column":null}},{"start":{"line":229,"column":10},"end":{"line":231,"column":null}}],"line":166},"10":{"loc":{"start":{"line":168,"column":29},"end":{"line":168,"column":52}},"type":"binary-expr","locations":[{"start":{"line":168,"column":29},"end":{"line":168,"column":48}},{"start":{"line":168,"column":48},"end":{"line":168,"column":52}}],"line":168},"11":{"loc":{"start":{"line":172,"column":12},"end":{"line":183,"column":null}},"type":"if","locations":[{"start":{"line":172,"column":12},"end":{"line":183,"column":null}},{"start":{},"end":{}}],"line":172},"12":{"loc":{"start":{"line":172,"column":16},"end":{"line":172,"column":50}},"type":"binary-expr","locations":[{"start":{"line":172,"column":16},"end":{"line":172,"column":35}},{"start":{"line":172,"column":35},"end":{"line":172,"column":50}}],"line":172},"13":{"loc":{"start":{"line":187,"column":12},"end":{"line":199,"column":null}},"type":"if","locations":[{"start":{"line":187,"column":12},"end":{"line":199,"column":null}},{"start":{},"end":{}}],"line":187},"14":{"loc":{"start":{"line":187,"column":16},"end":{"line":187,"column":50}},"type":"binary-expr","locations":[{"start":{"line":187,"column":16},"end":{"line":187,"column":35}},{"start":{"line":187,"column":35},"end":{"line":187,"column":50}}],"line":187},"15":{"loc":{"start":{"line":191,"column":16},"end":{"line":196,"column":null}},"type":"if","locations":[{"start":{"line":191,"column":16},"end":{"line":196,"column":null}},{"start":{},"end":{}}],"line":191},"16":{"loc":{"start":{"line":203,"column":12},"end":{"line":218,"column":null}},"type":"if","locations":[{"start":{"line":203,"column":12},"end":{"line":218,"column":null}},{"start":{},"end":{}}],"line":203},"17":{"loc":{"start":{"line":207,"column":16},"end":{"line":212,"column":null}},"type":"if","locations":[{"start":{"line":207,"column":16},"end":{"line":212,"column":null}},{"start":{},"end":{}}],"line":207},"18":{"loc":{"start":{"line":215,"column":14},"end":{"line":217,"column":null}},"type":"if","locations":[{"start":{"line":215,"column":14},"end":{"line":217,"column":null}},{"start":{},"end":{}}],"line":215},"19":{"loc":{"start":{"line":222,"column":27},"end":{"line":222,"column":42}},"type":"binary-expr","locations":[{"start":{"line":222,"column":27},"end":{"line":222,"column":41}},{"start":{"line":222,"column":41},"end":{"line":222,"column":42}}],"line":222},"20":{"loc":{"start":{"line":230,"column":21},"end":{"line":230,"column":51}},"type":"binary-expr","locations":[{"start":{"line":230,"column":21},"end":{"line":230,"column":36}},{"start":{"line":230,"column":36},"end":{"line":230,"column":51}}],"line":230}},"s":{"0":43,"1":43,"2":43,"3":43,"4":43,"5":43,"6":43,"7":43,"8":43,"9":2,"10":2,"11":2,"12":2,"13":43,"14":17,"15":17,"16":17,"17":17,"18":17,"19":17,"20":17,"21":17,"22":17,"23":15,"24":2,"25":1,"26":2,"27":13,"28":1,"29":12,"30":12,"31":12,"32":12,"33":47,"34":47,"35":12,"36":35,"37":35,"38":35,"39":47,"40":70,"41":35,"42":35,"43":35,"44":0,"45":12,"46":0,"47":0,"48":0,"49":12,"50":12,"51":4,"52":1,"53":3,"54":16,"55":16,"56":35,"57":2,"58":2,"59":7,"60":7,"61":7,"62":7,"63":7,"64":7,"65":7,"66":7,"67":7,"68":7,"69":7,"70":7,"71":7,"72":7,"73":5,"74":5,"75":5,"76":5,"77":5,"78":5,"79":5,"80":5,"81":5,"82":5,"83":5,"84":3,"85":3,"86":10,"87":1,"88":1,"89":43},"f":{"0":43,"1":2,"2":17,"3":1,"4":35,"5":7,"6":7,"7":5,"8":5},"b":{"0":[2,0],"1":[2,13],"2":[2,1],"3":[1,12],"4":[12,35],"5":[35,35],"6":[35,35],"7":[0,12],"8":[1,3],"9":[2,7,7,5,3,10,1],"10":[2,0],"11":[7,0],"12":[7,7],"13":[7,0],"14":[7,7],"15":[7,0],"16":[5,0],"17":[5,0],"18":[5,0],"19":[3,0],"20":[1,0]},"meta":{"lastBranch":21,"lastFunction":9,"lastStatement":90,"seen":{"f:55:16:55:55":0,"s:56:8:56:Infinity":0,"s:57:8:57:Infinity":1,"s:59:36:59:Infinity":2,"s:60:48:62:Infinity":3,"s:63:40:63:Infinity":4,"s:64:36:64:Infinity":5,"s:65:32:65:Infinity":6,"s:66:24:66:Infinity":7,"s:68:8:74:Infinity":8,"f:68:34:68:40":1,"b:69:4:72:Infinity:undefined:undefined:undefined:undefined":0,"s:69:4:72:Infinity":9,"s:70:6:70:Infinity":10,"s:71:6:71:Infinity":11,"s:73:4:73:Infinity":12,"s:76:8:236:Infinity":13,"f:77:4:77:Infinity":2,"s:83:6:83:Infinity":14,"s:84:6:84:Infinity":15,"s:85:6:85:Infinity":16,"s:86:6:86:Infinity":17,"s:87:6:87:Infinity":18,"s:88:6:88:Infinity":19,"s:91:6:91:Infinity":20,"s:93:6:163:Infinity":21,"s:94:25:102:Infinity":22,"b:104:8:107:Infinity:undefined:undefined:undefined:undefined":1,"s:104:8:107:Infinity":23,"s:105:28:105:Infinity":24,"f:105:56:105:63":3,"s:105:63:105:66":25,"s:106:10:106:Infinity":26,"b:106:26:106:45:106:45:106:70":2,"b:109:8:111:Infinity:undefined:undefined:undefined:undefined":3,"s:109:8:111:Infinity":27,"s:110:10:110:Infinity":28,"s:113:23:113:Infinity":29,"s:114:24:114:Infinity":30,"s:115:21:115:Infinity":31,"s:117:8:137:Infinity":32,"s:118:34:118:Infinity":33,"b:119:10:119:Infinity:undefined:undefined:undefined:undefined":4,"s:119:10:119:Infinity":34,"s:119:20:119:Infinity":35,"s:121:10:121:Infinity":36,"s:124:24:124:Infinity":37,"s:125:10:125:Infinity":38,"b:125:19:125:34:125:34:125:Infinity":5,"s:127:10:136:Infinity":39,"b:128:12:135:Infinity:undefined:undefined:undefined:undefined":6,"s:128:12:135:Infinity":40,"s:129:14:134:Infinity":41,"s:130:43:130:Infinity":42,"s:131:16:131:Infinity":43,"s:133:16:133:Infinity":44,"b:140:8:147:Infinity:undefined:undefined:undefined:undefined":7,"s:140:8:147:Infinity":45,"s:141:10:146:Infinity":46,"s:142:39:142:Infinity":47,"s:143:12:143:Infinity":48,"s:150:8:152:Infinity":49,"s:153:8:153:Infinity":50,"b:155:8:158:Infinity:undefined:undefined:undefined:undefined":8,"s:155:8:158:Infinity":51,"s:157:10:157:Infinity":52,"s:159:8:159:Infinity":53,"s:161:8:161:Infinity":54,"s:162:8:162:Infinity":55,"f:165:15:165:28":4,"b:167:10:169:Infinity:171:10:184:Infinity:186:10:200:Infinity:202:10:219:Infinity:221:10:223:Infinity:225:10:227:Infinity:229:10:231:Infinity":9,"s:166:8:232:Infinity":56,"s:168:12:168:Infinity":57,"b:168:29:168:48:168:48:168:52":10,"s:169:12:169:Infinity":58,"b:172:12:183:Infinity:undefined:undefined:undefined:undefined":11,"s:172:12:183:Infinity":59,"b:172:16:172:35:172:35:172:50":12,"s:173:14:182:Infinity":60,"f:173:35:173:36":5,"s:174:29:174:Infinity":61,"s:175:16:180:Infinity":62,"s:181:16:181:Infinity":63,"s:184:12:184:Infinity":64,"b:187:12:199:Infinity:undefined:undefined:undefined:undefined":13,"s:187:12:199:Infinity":65,"b:187:16:187:35:187:35:187:50":14,"s:188:14:198:Infinity":66,"f:188:35:188:36":6,"s:189:29:189:Infinity":67,"s:190:33:190:Infinity":68,"b:191:16:196:Infinity:undefined:undefined:undefined:undefined":15,"s:191:16:196:Infinity":69,"s:192:18:195:Infinity":70,"s:197:16:197:Infinity":71,"s:200:12:200:Infinity":72,"b:203:12:218:Infinity:undefined:undefined:undefined:undefined":16,"s:203:12:218:Infinity":73,"s:204:14:214:Infinity":74,"f:204:35:204:36":7,"s:205:29:205:Infinity":75,"s:206:33:206:Infinity":76,"b:207:16:212:Infinity:undefined:undefined:undefined:undefined":17,"s:207:16:212:Infinity":77,"s:208:18:211:Infinity":78,"s:213:16:213:Infinity":79,"b:215:14:217:Infinity:undefined:undefined:undefined:undefined":18,"s:215:14:217:Infinity":80,"s:216:16:216:Infinity":81,"f:216:29:216:30":8,"s:216:39:216:57":82,"s:219:12:219:Infinity":83,"s:222:12:222:Infinity":84,"b:222:27:222:41:222:41:222:42":19,"s:223:12:223:Infinity":85,"s:227:12:227:Infinity":86,"s:230:12:230:Infinity":87,"b:230:21:230:36:230:36:230:51":20,"s:231:12:231:Infinity":88,"s:238:2:247:Infinity":89}}}
,"/Users/Ivan_Habor/myprojects/agoryx-chat/lib/hooks/useAgents.ts": {"path":"/Users/Ivan_Habor/myprojects/agoryx-chat/lib/hooks/useAgents.ts","statementMap":{"0":{"start":{"line":33,"column":14},"end":{"line":33,"column":null}},"1":{"start":{"line":34,"column":2},"end":{"line":36,"column":null}},"2":{"start":{"line":35,"column":4},"end":{"line":35,"column":null}},"3":{"start":{"line":37,"column":2},"end":{"line":37,"column":null}},"4":{"start":{"line":41,"column":14},"end":{"line":45,"column":null}},"5":{"start":{"line":46,"column":2},"end":{"line":49,"column":null}},"6":{"start":{"line":47,"column":18},"end":{"line":47,"column":null}},"7":{"start":{"line":47,"column":48},"end":{"line":47,"column":51}},"8":{"start":{"line":48,"column":4},"end":{"line":48,"column":null}},"9":{"start":{"line":50,"column":2},"end":{"line":50,"column":null}},"10":{"start":{"line":54,"column":14},"end":{"line":58,"column":null}},"11":{"start":{"line":59,"column":2},"end":{"line":62,"column":null}},"12":{"start":{"line":60,"column":18},"end":{"line":60,"column":null}},"13":{"start":{"line":60,"column":48},"end":{"line":60,"column":51}},"14":{"start":{"line":61,"column":4},"end":{"line":61,"column":null}},"15":{"start":{"line":63,"column":2},"end":{"line":63,"column":null}},"16":{"start":{"line":67,"column":14},"end":{"line":69,"column":null}},"17":{"start":{"line":70,"column":2},"end":{"line":73,"column":null}},"18":{"start":{"line":71,"column":18},"end":{"line":71,"column":null}},"19":{"start":{"line":71,"column":48},"end":{"line":71,"column":51}},"20":{"start":{"line":72,"column":4},"end":{"line":72,"column":null}},"21":{"start":{"line":84,"column":2},"end":{"line":88,"column":null}},"22":{"start":{"line":95,"column":28},"end":{"line":95,"column":null}},"23":{"start":{"line":97,"column":20},"end":{"line":105,"column":null}},"24":{"start":{"line":100,"column":10},"end":{"line":100,"column":null}},"25":{"start":{"line":101,"column":10},"end":{"line":101,"column":null}},"26":{"start":{"line":107,"column":2},"end":{"line":107,"column":null}},"27":{"start":{"line":114,"column":8},"end":{"line":114,"column":null}},"28":{"start":{"line":116,"column":2},"end":{"line":121,"column":null}},"29":{"start":{"line":119,"column":6},"end":{"line":119,"column":null}},"30":{"start":{"line":128,"column":8},"end":{"line":128,"column":null}},"31":{"start":{"line":130,"column":2},"end":{"line":135,"column":null}},"32":{"start":{"line":133,"column":6},"end":{"line":133,"column":null}},"33":{"start":{"line":142,"column":8},"end":{"line":142,"column":null}},"34":{"start":{"line":144,"column":2},"end":{"line":149,"column":null}},"35":{"start":{"line":147,"column":6},"end":{"line":147,"column":null}}},"fnMap":{"0":{"name":"fetchAgents","decl":{"start":{"line":32,"column":15},"end":{"line":32,"column":57}},"loc":{"start":{"line":32,"column":57},"end":{"line":38,"column":null}},"line":32},"1":{"name":"createAgent","decl":{"start":{"line":40,"column":15},"end":{"line":40,"column":27}},"loc":{"start":{"line":40,"column":68},"end":{"line":51,"column":null}},"line":40},"2":{"name":"(anonymous_2)","decl":{"start":{"line":47,"column":41},"end":{"line":47,"column":48}},"loc":{"start":{"line":47,"column":48},"end":{"line":47,"column":51}},"line":47},"3":{"name":"updateAgent","decl":{"start":{"line":53,"column":15},"end":{"line":53,"column":27}},"loc":{"start":{"line":53,"column":79},"end":{"line":64,"column":null}},"line":53},"4":{"name":"(anonymous_4)","decl":{"start":{"line":60,"column":41},"end":{"line":60,"column":48}},"loc":{"start":{"line":60,"column":48},"end":{"line":60,"column":51}},"line":60},"5":{"name":"deleteAgent","decl":{"start":{"line":66,"column":15},"end":{"line":66,"column":27}},"loc":{"start":{"line":66,"column":54},"end":{"line":74,"column":null}},"line":66},"6":{"name":"(anonymous_6)","decl":{"start":{"line":71,"column":41},"end":{"line":71,"column":48}},"loc":{"start":{"line":71,"column":48},"end":{"line":71,"column":51}},"line":71},"7":{"name":"useAgents","decl":{"start":{"line":83,"column":16},"end":{"line":83,"column":28}},"loc":{"start":{"line":83,"column":28},"end":{"line":89,"column":null}},"line":83},"8":{"name":"useAgentsMap","decl":{"start":{"line":94,"column":16},"end":{"line":94,"column":31}},"loc":{"start":{"line":94,"column":31},"end":{"line":108,"column":null}},"line":94},"9":{"name":"(anonymous_9)","decl":{"start":{"line":99,"column":8},"end":{"line":99,"column":9}},"loc":{"start":{"line":99,"column":24},"end":{"line":102,"column":null}},"line":99},"10":{"name":"useCreateAgent","decl":{"start":{"line":113,"column":16},"end":{"line":113,"column":33}},"loc":{"start":{"line":113,"column":33},"end":{"line":122,"column":null}},"line":113},"11":{"name":"(anonymous_11)","decl":{"start":{"line":118,"column":15},"end":{"line":118,"column":21}},"loc":{"start":{"line":118,"column":21},"end":{"line":120,"column":null}},"line":118},"12":{"name":"useUpdateAgent","decl":{"start":{"line":127,"column":16},"end":{"line":127,"column":33}},"loc":{"start":{"line":127,"column":33},"end":{"line":136,"column":null}},"line":127},"13":{"name":"(anonymous_13)","decl":{"start":{"line":132,"column":15},"end":{"line":132,"column":21}},"loc":{"start":{"line":132,"column":21},"end":{"line":134,"column":null}},"line":132},"14":{"name":"useDeleteAgent","decl":{"start":{"line":141,"column":16},"end":{"line":141,"column":33}},"loc":{"start":{"line":141,"column":33},"end":{"line":150,"column":null}},"line":141},"15":{"name":"(anonymous_15)","decl":{"start":{"line":146,"column":15},"end":{"line":146,"column":21}},"loc":{"start":{"line":146,"column":21},"end":{"line":148,"column":null}},"line":146}},"branchMap":{"0":{"loc":{"start":{"line":34,"column":2},"end":{"line":36,"column":null}},"type":"if","locations":[{"start":{"line":34,"column":2},"end":{"line":36,"column":null}},{"start":{},"end":{}}],"line":34},"1":{"loc":{"start":{"line":46,"column":2},"end":{"line":49,"column":null}},"type":"if","locations":[{"start":{"line":46,"column":2},"end":{"line":49,"column":null}},{"start":{},"end":{}}],"line":46},"2":{"loc":{"start":{"line":48,"column":20},"end":{"line":48,"column":59}},"type":"binary-expr","locations":[{"start":{"line":48,"column":20},"end":{"line":48,"column":35}},{"start":{"line":48,"column":35},"end":{"line":48,"column":59}}],"line":48},"3":{"loc":{"start":{"line":59,"column":2},"end":{"line":62,"column":null}},"type":"if","locations":[{"start":{"line":59,"column":2},"end":{"line":62,"column":null}},{"start":{},"end":{}}],"line":59},"4":{"loc":{"start":{"line":61,"column":20},"end":{"line":61,"column":59}},"type":"binary-expr","locations":[{"start":{"line":61,"column":20},"end":{"line":61,"column":35}},{"start":{"line":61,"column":35},"end":{"line":61,"column":59}}],"line":61},"5":{"loc":{"start":{"line":70,"column":2},"end":{"line":73,"column":null}},"type":"if","locations":[{"start":{"line":70,"column":2},"end":{"line":73,"column":null}},{"start":{},"end":{}}],"line":70},"6":{"loc":{"start":{"line":72,"column":20},"end":{"line":72,"column":59}},"type":"binary-expr","locations":[{"start":{"line":72,"column":20},"end":{"line":72,"column":35}},{"start":{"line":72,"column":35},"end":{"line":72,"column":59}}],"line":72},"7":{"loc":{"start":{"line":97,"column":20},"end":{"line":105,"column":null}},"type":"cond-expr","locations":[{"start":{"line":98,"column":6},"end":{"line":104,"column":null}},{"start":{"line":105,"column":6},"end":{"line":105,"column":null}}],"line":97}},"s":{"0":6,"1":5,"2":1,"3":4,"4":3,"5":3,"6":1,"7":0,"8":1,"9":2,"10":3,"11":3,"12":1,"13":0,"14":1,"15":2,"16":3,"17":3,"18":2,"19":0,"20":2,"21":11,"22":5,"23":5,"24":4,"25":4,"26":5,"27":5,"28":5,"29":2,"30":5,"31":5,"32":2,"33":4,"34":4,"35":1},"f":{"0":6,"1":3,"2":0,"3":3,"4":0,"5":3,"6":0,"7":11,"8":5,"9":4,"10":5,"11":2,"12":5,"13":2,"14":4,"15":1},"b":{"0":[1,4],"1":[1,2],"2":[1,0],"3":[1,2],"4":[1,0],"5":[2,1],"6":[2,0],"7":[2,3]},"meta":{"lastBranch":8,"lastFunction":16,"lastStatement":36,"seen":{"f:32:15:32:57":0,"s:33:14:33:Infinity":0,"b:34:2:36:Infinity:undefined:undefined:undefined:undefined":0,"s:34:2:36:Infinity":1,"s:35:4:35:Infinity":2,"s:37:2:37:Infinity":3,"f:40:15:40:27":1,"s:41:14:45:Infinity":4,"b:46:2:49:Infinity:undefined:undefined:undefined:undefined":1,"s:46:2:49:Infinity":5,"s:47:18:47:Infinity":6,"f:47:41:47:48":2,"s:47:48:47:51":7,"s:48:4:48:Infinity":8,"b:48:20:48:35:48:35:48:59":2,"s:50:2:50:Infinity":9,"f:53:15:53:27":3,"s:54:14:58:Infinity":10,"b:59:2:62:Infinity:undefined:undefined:undefined:undefined":3,"s:59:2:62:Infinity":11,"s:60:18:60:Infinity":12,"f:60:41:60:48":4,"s:60:48:60:51":13,"s:61:4:61:Infinity":14,"b:61:20:61:35:61:35:61:59":4,"s:63:2:63:Infinity":15,"f:66:15:66:27":5,"s:67:14:69:Infinity":16,"b:70:2:73:Infinity:undefined:undefined:undefined:undefined":5,"s:70:2:73:Infinity":17,"s:71:18:71:Infinity":18,"f:71:41:71:48":6,"s:71:48:71:51":19,"s:72:4:72:Infinity":20,"b:72:20:72:35:72:35:72:59":6,"f:83:16:83:28":7,"s:84:2:88:Infinity":21,"f:94:16:94:31":8,"s:95:28:95:Infinity":22,"s:97:20:105:Infinity":23,"b:98:6:104:Infinity:105:6:105:Infinity":7,"f:99:8:99:9":9,"s:100:10:100:Infinity":24,"s:101:10:101:Infinity":25,"s:107:2:107:Infinity":26,"f:113:16:113:33":10,"s:114:8:114:Infinity":27,"s:116:2:121:Infinity":28,"f:118:15:118:21":11,"s:119:6:119:Infinity":29,"f:127:16:127:33":12,"s:128:8:128:Infinity":30,"s:130:2:135:Infinity":31,"f:132:15:132:21":13,"s:133:6:133:Infinity":32,"f:141:16:141:33":14,"s:142:8:142:Infinity":33,"s:144:2:149:Infinity":34,"f:146:15:146:21":15,"s:147:6:147:Infinity":35}}}
,"/Users/Ivan_Habor/myprojects/agoryx-chat/lib/hooks/useBilling.ts": {"path":"/Users/Ivan_Habor/myprojects/agoryx-chat/lib/hooks/useBilling.ts","statementMap":{"0":{"start":{"line":31,"column":14},"end":{"line":31,"column":null}},"1":{"start":{"line":32,"column":2},"end":{"line":34,"column":null}},"2":{"start":{"line":33,"column":4},"end":{"line":33,"column":null}},"3":{"start":{"line":35,"column":2},"end":{"line":35,"column":null}},"4":{"start":{"line":39,"column":14},"end":{"line":43,"column":null}},"5":{"start":{"line":44,"column":2},"end":{"line":47,"column":null}},"6":{"start":{"line":45,"column":18},"end":{"line":45,"column":null}},"7":{"start":{"line":45,"column":48},"end":{"line":45,"column":51}},"8":{"start":{"line":46,"column":4},"end":{"line":46,"column":null}},"9":{"start":{"line":48,"column":2},"end":{"line":48,"column":null}},"10":{"start":{"line":52,"column":14},"end":{"line":54,"column":null}},"11":{"start":{"line":55,"column":2},"end":{"line":58,"column":null}},"12":{"start":{"line":56,"column":18},"end":{"line":56,"column":null}},"13":{"start":{"line":56,"column":48},"end":{"line":56,"column":51}},"14":{"start":{"line":57,"column":4},"end":{"line":57,"column":null}},"15":{"start":{"line":59,"column":2},"end":{"line":59,"column":null}},"16":{"start":{"line":63,"column":14},"end":{"line":67,"column":null}},"17":{"start":{"line":68,"column":2},"end":{"line":71,"column":null}},"18":{"start":{"line":69,"column":18},"end":{"line":69,"column":null}},"19":{"start":{"line":69,"column":48},"end":{"line":69,"column":51}},"20":{"start":{"line":70,"column":4},"end":{"line":70,"column":null}},"21":{"start":{"line":72,"column":2},"end":{"line":72,"column":null}},"22":{"start":{"line":76,"column":14},"end":{"line":78,"column":null}},"23":{"start":{"line":79,"column":2},"end":{"line":82,"column":null}},"24":{"start":{"line":80,"column":18},"end":{"line":80,"column":null}},"25":{"start":{"line":80,"column":48},"end":{"line":80,"column":51}},"26":{"start":{"line":81,"column":4},"end":{"line":81,"column":null}},"27":{"start":{"line":83,"column":2},"end":{"line":83,"column":null}},"28":{"start":{"line":87,"column":2},"end":{"line":91,"column":null}},"29":{"start":{"line":95,"column":2},"end":{"line":103,"column":null}},"30":{"start":{"line":99,"column":6},"end":{"line":101,"column":null}},"31":{"start":{"line":100,"column":8},"end":{"line":100,"column":null}},"32":{"start":{"line":107,"column":2},"end":{"line":115,"column":null}},"33":{"start":{"line":111,"column":6},"end":{"line":113,"column":null}},"34":{"start":{"line":112,"column":8},"end":{"line":112,"column":null}},"35":{"start":{"line":119,"column":8},"end":{"line":119,"column":null}},"36":{"start":{"line":121,"column":2},"end":{"line":127,"column":null}},"37":{"start":{"line":124,"column":6},"end":{"line":124,"column":null}},"38":{"start":{"line":125,"column":6},"end":{"line":125,"column":null}},"39":{"start":{"line":131,"column":8},"end":{"line":131,"column":null}},"40":{"start":{"line":133,"column":2},"end":{"line":139,"column":null}},"41":{"start":{"line":136,"column":6},"end":{"line":136,"column":null}},"42":{"start":{"line":137,"column":6},"end":{"line":137,"column":null}}},"fnMap":{"0":{"name":"fetchBillingHistory","decl":{"start":{"line":30,"column":15},"end":{"line":30,"column":70}},"loc":{"start":{"line":30,"column":70},"end":{"line":36,"column":null}},"line":30},"1":{"name":"createCheckoutSession","decl":{"start":{"line":38,"column":15},"end":{"line":38,"column":37}},"loc":{"start":{"line":38,"column":78},"end":{"line":49,"column":null}},"line":38},"2":{"name":"(anonymous_2)","decl":{"start":{"line":45,"column":41},"end":{"line":45,"column":48}},"loc":{"start":{"line":45,"column":48},"end":{"line":45,"column":51}},"line":45},"3":{"name":"createPortalSession","decl":{"start":{"line":51,"column":15},"end":{"line":51,"column":64}},"loc":{"start":{"line":51,"column":64},"end":{"line":60,"column":null}},"line":51},"4":{"name":"(anonymous_4)","decl":{"start":{"line":56,"column":41},"end":{"line":56,"column":48}},"loc":{"start":{"line":56,"column":48},"end":{"line":56,"column":51}},"line":56},"5":{"name":"updateSubscription","decl":{"start":{"line":62,"column":15},"end":{"line":62,"column":34}},"loc":{"start":{"line":62,"column":79},"end":{"line":73,"column":null}},"line":62},"6":{"name":"(anonymous_6)","decl":{"start":{"line":69,"column":41},"end":{"line":69,"column":48}},"loc":{"start":{"line":69,"column":48},"end":{"line":69,"column":51}},"line":69},"7":{"name":"cancelSubscription","decl":{"start":{"line":75,"column":15},"end":{"line":75,"column":67}},"loc":{"start":{"line":75,"column":67},"end":{"line":84,"column":null}},"line":75},"8":{"name":"(anonymous_8)","decl":{"start":{"line":80,"column":41},"end":{"line":80,"column":48}},"loc":{"start":{"line":80,"column":48},"end":{"line":80,"column":51}},"line":80},"9":{"name":"useBillingHistory","decl":{"start":{"line":86,"column":16},"end":{"line":86,"column":36}},"loc":{"start":{"line":86,"column":36},"end":{"line":92,"column":null}},"line":86},"10":{"name":"useCreateCheckout","decl":{"start":{"line":94,"column":16},"end":{"line":94,"column":36}},"loc":{"start":{"line":94,"column":36},"end":{"line":104,"column":null}},"line":94},"11":{"name":"(anonymous_11)","decl":{"start":{"line":97,"column":15},"end":{"line":97,"column":16}},"loc":{"start":{"line":97,"column":25},"end":{"line":102,"column":null}},"line":97},"12":{"name":"useCreatePortal","decl":{"start":{"line":106,"column":16},"end":{"line":106,"column":34}},"loc":{"start":{"line":106,"column":34},"end":{"line":116,"column":null}},"line":106},"13":{"name":"(anonymous_13)","decl":{"start":{"line":109,"column":15},"end":{"line":109,"column":16}},"loc":{"start":{"line":109,"column":25},"end":{"line":114,"column":null}},"line":109},"14":{"name":"useUpdateSubscription","decl":{"start":{"line":118,"column":16},"end":{"line":118,"column":40}},"loc":{"start":{"line":118,"column":40},"end":{"line":128,"column":null}},"line":118},"15":{"name":"(anonymous_15)","decl":{"start":{"line":123,"column":15},"end":{"line":123,"column":21}},"loc":{"start":{"line":123,"column":21},"end":{"line":126,"column":null}},"line":123},"16":{"name":"useCancelSubscription","decl":{"start":{"line":130,"column":16},"end":{"line":130,"column":40}},"loc":{"start":{"line":130,"column":40},"end":{"line":140,"column":null}},"line":130},"17":{"name":"(anonymous_17)","decl":{"start":{"line":135,"column":15},"end":{"line":135,"column":21}},"loc":{"start":{"line":135,"column":21},"end":{"line":138,"column":null}},"line":135}},"branchMap":{"0":{"loc":{"start":{"line":32,"column":2},"end":{"line":34,"column":null}},"type":"if","locations":[{"start":{"line":32,"column":2},"end":{"line":34,"column":null}},{"start":{},"end":{}}],"line":32},"1":{"loc":{"start":{"line":44,"column":2},"end":{"line":47,"column":null}},"type":"if","locations":[{"start":{"line":44,"column":2},"end":{"line":47,"column":null}},{"start":{},"end":{}}],"line":44},"2":{"loc":{"start":{"line":46,"column":20},"end":{"line":46,"column":70}},"type":"binary-expr","locations":[{"start":{"line":46,"column":20},"end":{"line":46,"column":35}},{"start":{"line":46,"column":35},"end":{"line":46,"column":70}}],"line":46},"3":{"loc":{"start":{"line":55,"column":2},"end":{"line":58,"column":null}},"type":"if","locations":[{"start":{"line":55,"column":2},"end":{"line":58,"column":null}},{"start":{},"end":{}}],"line":55},"4":{"loc":{"start":{"line":57,"column":20},"end":{"line":57,"column":68}},"type":"binary-expr","locations":[{"start":{"line":57,"column":20},"end":{"line":57,"column":35}},{"start":{"line":57,"column":35},"end":{"line":57,"column":68}}],"line":57},"5":{"loc":{"start":{"line":68,"column":2},"end":{"line":71,"column":null}},"type":"if","locations":[{"start":{"line":68,"column":2},"end":{"line":71,"column":null}},{"start":{},"end":{}}],"line":68},"6":{"loc":{"start":{"line":70,"column":20},"end":{"line":70,"column":66}},"type":"binary-expr","locations":[{"start":{"line":70,"column":20},"end":{"line":70,"column":35}},{"start":{"line":70,"column":35},"end":{"line":70,"column":66}}],"line":70},"7":{"loc":{"start":{"line":79,"column":2},"end":{"line":82,"column":null}},"type":"if","locations":[{"start":{"line":79,"column":2},"end":{"line":82,"column":null}},{"start":{},"end":{}}],"line":79},"8":{"loc":{"start":{"line":81,"column":20},"end":{"line":81,"column":66}},"type":"binary-expr","locations":[{"start":{"line":81,"column":20},"end":{"line":81,"column":35}},{"start":{"line":81,"column":35},"end":{"line":81,"column":66}}],"line":81},"9":{"loc":{"start":{"line":99,"column":6},"end":{"line":101,"column":null}},"type":"if","locations":[{"start":{"line":99,"column":6},"end":{"line":101,"column":null}},{"start":{},"end":{}}],"line":99},"10":{"loc":{"start":{"line":111,"column":6},"end":{"line":113,"column":null}},"type":"if","locations":[{"start":{"line":111,"column":6},"end":{"line":113,"column":null}},{"start":{},"end":{}}],"line":111}},"s":{"0":3,"1":3,"2":1,"3":2,"4":3,"5":3,"6":2,"7":1,"8":2,"9":1,"10":2,"11":2,"12":1,"13":0,"14":1,"15":1,"16":3,"17":3,"18":1,"19":0,"20":1,"21":2,"22":2,"23":2,"24":1,"25":0,"26":1,"27":1,"28":6,"29":4,"30":1,"31":1,"32":3,"33":1,"34":1,"35":5,"36":5,"37":2,"38":2,"39":3,"40":3,"41":1,"42":1},"f":{"0":3,"1":3,"2":1,"3":2,"4":0,"5":3,"6":0,"7":2,"8":0,"9":6,"10":4,"11":1,"12":3,"13":1,"14":5,"15":2,"16":3,"17":1},"b":{"0":[1,2],"1":[2,1],"2":[2,1],"3":[1,1],"4":[1,0],"5":[1,2],"6":[1,0],"7":[1,1],"8":[1,0],"9":[1,0],"10":[1,0]},"meta":{"lastBranch":11,"lastFunction":18,"lastStatement":43,"seen":{"f:30:15:30:70":0,"s:31:14:31:Infinity":0,"b:32:2:34:Infinity:undefined:undefined:undefined:undefined":0,"s:32:2:34:Infinity":1,"s:33:4:33:Infinity":2,"s:35:2:35:Infinity":3,"f:38:15:38:37":1,"s:39:14:43:Infinity":4,"b:44:2:47:Infinity:undefined:undefined:undefined:undefined":1,"s:44:2:47:Infinity":5,"s:45:18:45:Infinity":6,"f:45:41:45:48":2,"s:45:48:45:51":7,"s:46:4:46:Infinity":8,"b:46:20:46:35:46:35:46:70":2,"s:48:2:48:Infinity":9,"f:51:15:51:64":3,"s:52:14:54:Infinity":10,"b:55:2:58:Infinity:undefined:undefined:undefined:undefined":3,"s:55:2:58:Infinity":11,"s:56:18:56:Infinity":12,"f:56:41:56:48":4,"s:56:48:56:51":13,"s:57:4:57:Infinity":14,"b:57:20:57:35:57:35:57:68":4,"s:59:2:59:Infinity":15,"f:62:15:62:34":5,"s:63:14:67:Infinity":16,"b:68:2:71:Infinity:undefined:undefined:undefined:undefined":5,"s:68:2:71:Infinity":17,"s:69:18:69:Infinity":18,"f:69:41:69:48":6,"s:69:48:69:51":19,"s:70:4:70:Infinity":20,"b:70:20:70:35:70:35:70:66":6,"s:72:2:72:Infinity":21,"f:75:15:75:67":7,"s:76:14:78:Infinity":22,"b:79:2:82:Infinity:undefined:undefined:undefined:undefined":7,"s:79:2:82:Infinity":23,"s:80:18:80:Infinity":24,"f:80:41:80:48":8,"s:80:48:80:51":25,"s:81:4:81:Infinity":26,"b:81:20:81:35:81:35:81:66":8,"s:83:2:83:Infinity":27,"f:86:16:86:36":9,"s:87:2:91:Infinity":28,"f:94:16:94:36":10,"s:95:2:103:Infinity":29,"f:97:15:97:16":11,"b:99:6:101:Infinity:undefined:undefined:undefined:undefined":9,"s:99:6:101:Infinity":30,"s:100:8:100:Infinity":31,"f:106:16:106:34":12,"s:107:2:115:Infinity":32,"f:109:15:109:16":13,"b:111:6:113:Infinity:undefined:undefined:undefined:undefined":10,"s:111:6:113:Infinity":33,"s:112:8:112:Infinity":34,"f:118:16:118:40":14,"s:119:8:119:Infinity":35,"s:121:2:127:Infinity":36,"f:123:15:123:21":15,"s:124:6:124:Infinity":37,"s:125:6:125:Infinity":38,"f:130:16:130:40":16,"s:131:8:131:Infinity":39,"s:133:2:139:Infinity":40,"f:135:15:135:21":17,"s:136:6:136:Infinity":41,"s:137:6:137:Infinity":42}}}
[...]
:84:Infinity":9,"s:85:6:85:Infinity":10,"s:87:6:91:Infinity":11,"s:94:6:94:Infinity":12,"s:97:32:97:Infinity":13,"s:98:41:98:Infinity":14,"b:101:8:115:Infinity:117:8:124:Infinity:126:8:133:Infinity:135:8:142:Infinity":1,"s:100:6:143:Infinity":15,"s:102:10:114:Infinity":16,"s:103:12:103:Infinity":17,"b:104:12:113:Infinity:undefined:undefined:undefined:undefined":2,"s:104:12:113:Infinity":18,"b:104:16:104:47:104:47:104:62":3,"s:105:14:105:Infinity":19,"s:106:14:112:Infinity":20,"b:110:22:110:36:110:36:110:Infinity":4,"b:111:29:111:50:111:50:111:Infinity":5,"s:115:10:115:Infinity":21,"s:118:10:123:Infinity":22,"s:119:12:119:Infinity":23,"b:120:12:122:Infinity:undefined:undefined:undefined:undefined":6,"s:120:12:122:Infinity":24,"b:120:16:120:47:120:47:120:62":7,"s:121:14:121:Infinity":25,"s:124:10:124:Infinity":26,"s:127:10:132:Infinity":27,"s:128:12:128:Infinity":28,"b:129:12:131:Infinity:undefined:undefined:undefined:undefined":8,"s:129:12:131:Infinity":29,"b:129:16:129:47:129:47:129:62":9,"s:130:14:130:Infinity":30,"s:133:10:133:Infinity":31,"s:136:10:141:Infinity":32,"s:137:12:137:Infinity":33,"b:138:12:140:Infinity:undefined:undefined:undefined:undefined":10,"s:138:12:140:Infinity":34,"b:138:16:138:47:138:47:138:62":11,"s:139:14:139:Infinity":35,"s:142:10:142:Infinity":36,"s:145:6:145:Infinity":37,"b:148:6:178:Infinity:undefined:undefined:undefined:undefined":12,"s:148:6:178:Infinity":38,"b:148:10:148:41:148:41:148:54":13,"s:149:28:149:Infinity":39,"s:150:31:150:Infinity":40,"s:152:8:177:Infinity":41,"s:154:10:154:Infinity":42,"s:156:42:160:Infinity":43,"b:162:10:162:Infinity:undefined:undefined:undefined:undefined":14,"s:162:10:162:Infinity":44,"s:162:23:162:Infinity":45,"s:164:10:173:Infinity":46,"s:169:12:169:Infinity":47,"b:170:12:172:Infinity:undefined:undefined:undefined:undefined":15,"s:170:12:172:Infinity":48,"s:171:14:171:Infinity":49,"s:175:10:175:Infinity":50,"s:176:10:176:Infinity":51,"s:181:24:181:Infinity":52,"f:181:41:181:42":2,"s:181:53:181:67":53,"s:182:6:182:Infinity":54,"s:184:6:187:Infinity":55,"b:186:40:186:56:186:56:186:Infinity":16,"f:198:17:198:73":3,"s:199:49:199:Infinity":56,"s:200:17:200:Infinity":57,"s:201:17:201:Infinity":58,"s:202:19:202:Infinity":59,"b:202:19:202:55:202:55:202:Infinity":17,"s:203:19:203:Infinity":60,"b:203:19:203:55:203:55:203:Infinity":18,"s:204:17:204:Infinity":61,"s:207:22:207:Infinity":62,"s:208:22:208:Infinity":63,"s:209:22:209:Infinity":64,"b:209:22:209:36:209:36:209:Infinity":19,"s:211:21:211:Infinity":65,"b:214:4:227:Infinity:undefined:undefined:undefined:undefined":20,"s:214:4:227:Infinity":66,"b:214:9:214:22:214:22:214:36:214:36:214:42":21,"s:215:6:225:Infinity":67,"s:221:8:221:Infinity":68,"b:222:8:224:Infinity:undefined:undefined:undefined:undefined":22,"s:222:8:224:Infinity":69,"b:222:12:222:37:222:37:222:52":23,"s:223:10:223:Infinity":70,"s:226:6:226:Infinity":71,"b:230:4:239:Infinity:undefined:undefined:undefined:undefined":24,"s:230:4:239:Infinity":72,"b:230:9:230:22:230:22:230:36:230:36:230:42":25,"s:232:8:234:Infinity":73,"b:233:12:233:Infinity:234:12:234:Infinity":26,"b:232:8:232:21:232:21:232:Infinity":27,"b:233:47:233:69:233:69:233:76":28,"s:236:6:238:Infinity":74,"s:237:8:237:Infinity":75,"f:245:17:245:68":4,"s:246:41:246:Infinity":76,"s:247:17:247:Infinity":77,"s:248:17:248:Infinity":78,"s:251:21:251:Infinity":79,"s:254:20:258:Infinity":80,"f:254:33:254:34":5,"s:255:6:257:Infinity":81,"s:261:23:261:Infinity":82,"s:262:4:266:Infinity":83,"s:263:6:265:Infinity":84,"s:264:8:264:Infinity":85,"f:272:17:272:73":6,"s:273:41:273:Infinity":86,"s:275:6:277:Infinity":87,"b:276:10:276:Infinity:277:10:277:Infinity":29,"b:275:6:275:32:275:32:275:Infinity":30,"s:280:20:284:Infinity":88,"f:280:35:280:36":7,"s:281:6:283:Infinity":89,"s:286:23:286:Infinity":90,"s:287:4:291:Infinity":91,"s:288:6:290:Infinity":92,"s:289:8:289:Infinity":93,"f:297:17:297:66":8,"s:298:49:298:Infinity":94,"s:299:18:299:Infinity":95,"b:299:18:299:45:299:45:299:Infinity":31,"s:300:18:300:Infinity":96,"b:300:18:300:44:300:44:300:Infinity":32,"s:301:18:301:Infinity":97,"s:303:22:303:Infinity":98,"s:304:22:304:Infinity":99,"s:307:4:317:Infinity":100,"s:313:6:313:Infinity":101,"b:314:6:316:Infinity:undefined:undefined:undefined:undefined":33,"s:314:6:316:Infinity":102,"b:314:10:314:35:314:35:314:50":34,"s:315:8:315:Infinity":103,"s:318:4:318:Infinity":104,"s:321:4:330:Infinity":105,"s:326:6:326:Infinity":106,"b:327:6:329:Infinity:undefined:undefined:undefined:undefined":35,"s:327:6:329:Infinity":107,"b:327:10:327:35:327:35:327:50":36,"s:328:8:328:Infinity":108,"s:331:4:331:Infinity":109,"b:334:4:342:Infinity:undefined:undefined:undefined:undefined":37,"s:334:4:342:Infinity":110,"s:335:6:341:Infinity":111,"s:340:8:340:Infinity":112,"f:352:17:352:Infinity":9,"s:358:18:358:Infinity":113,"b:359:4:362:Infinity:undefined:undefined:undefined:undefined":38,"s:359:4:362:Infinity":114,"s:360:6:360:Infinity":115,"s:361:6:361:Infinity":116,"s:364:20:364:Infinity":117,"b:364:20:364:35:364:35:364:Infinity":39,"s:365:28:365:Infinity":118,"b:365:28:365:60:365:60:365:Infinity":40,"s:367:29:369:Infinity":119,"b:368:8:368:Infinity:369:8:369:Infinity":41,"b:368:55:368:82:368:82:368:101":42,"b:369:8:369:35:369:35:369:Infinity":43,"s:372:20:377:Infinity":120,"s:379:4:379:Infinity":121,"s:382:10:382:Infinity":122,"s:383:10:383:Infinity":123,"s:385:22:385:Infinity":124,"s:386:22:386:Infinity":125,"s:388:4:416:Infinity":126,"f:393:36:393:37":10,"s:393:46:399:8":127,"b:400:40:400:47:400:47:400:Infinity":44,"b:402:6:415:Infinity:410:6:415:Infinity":45,"s:402:6:415:Infinity":128,"b:402:10:402:35:402:35:402:50":46,"s:403:8:403:Infinity":129,"s:404:8:404:Infinity":130,"b:407:8:409:Infinity:undefined:undefined:undefined:undefined":47,"s:407:8:409:Infinity":131,"s:408:10:408:Infinity":132,"b:410:6:415:Infinity:412:6:415:Infinity":48,"s:410:6:415:Infinity":133,"s:411:8:411:Infinity":134,"b:411:22:411:43:411:43:411:Infinity":49,"b:412:6:415:Infinity:undefined:undefined:undefined:undefined":50,"s:412:6:415:Infinity":135,"s:413:8:413:Infinity":136,"s:414:8:414:Infinity":137,"s:419:4:419:Infinity":138,"s:422:17:422:Infinity":139,"s:425:4:425:Infinity":140,"s:426:4:434:Infinity":141,"s:436:4:442:Infinity":142,"s:445:4:445:Infinity":143,"f:455:10:455:Infinity":11,"b:460:4:468:Infinity:undefined:undefined:undefined:undefined":51,"s:460:4:468:Infinity":144,"b:460:8:460:36:460:36:460:57":52,"b:461:6:463:Infinity:undefined:undefined:undefined:undefined":53,"s:461:6:463:Infinity":145,"s:462:8:462:Infinity":146,"b:464:6:466:Infinity:undefined:undefined:undefined:undefined":54,"s:464:6:466:Infinity":147,"s:465:8:465:Infinity":148,"s:467:6:467:Infinity":149,"b:470:4:480:Infinity:undefined:undefined:undefined:undefined":55,"s:470:4:480:Infinity":150,"s:471:20:471:Infinity":151,"b:471:20:471:42:471:42:471:Infinity":56,"s:472:20:472:Infinity":152,"b:472:20:472:41:472:41:472:Infinity":57,"b:473:6:475:Infinity:undefined:undefined:undefined:undefined":58,"s:473:6:475:Infinity":153,"s:474:8:474:Infinity":154,"b:476:6:478:Infinity:undefined:undefined:undefined:undefined":59,"s:476:6:478:Infinity":155,"s:477:8:477:Infinity":156,"s:479:6:479:Infinity":157,"b:482:4:491:Infinity:undefined:undefined:undefined:undefined":60,"s:482:4:491:Infinity":158,"s:483:22:483:Infinity":159,"b:483:22:483:43:483:43:483:Infinity":61,"b:484:6:484:Infinity:undefined:undefined:undefined:undefined":62,"s:484:6:484:Infinity":160,"s:484:30:484:Infinity":161,"s:485:24:485:Infinity":162,"s:486:12:486:Infinity":163,"s:487:6:490:Infinity":164,"s:493:4:493:Infinity":165,"f:499:16:499:Infinity":12,"s:502:34:502:Infinity":166,"s:503:4:505:Infinity":167,"s:504:6:504:Infinity":168,"s:506:4:506:Infinity":169,"f:512:10:512:16":13,"s:513:4:513:Infinity":170,"f:513:23:513:24":14,"s:513:36:513:59":171}}}
,"/Users/Ivan_Habor/myprojects/agoryx-chat/lib/services/user.service.ts": {"path":"/Users/Ivan_Habor/myprojects/agoryx-chat/lib/services/user.service.ts","statementMap":{"0":{"start":{"line":37,"column":4},"end":{"line":37,"column":null}},"1":{"start":{"line":39,"column":17},"end":{"line":39,"column":null}},"2":{"start":{"line":40,"column":4},"end":{"line":40,"column":null}},"3":{"start":{"line":40,"column":15},"end":{"line":40,"column":null}},"4":{"start":{"line":42,"column":4},"end":{"line":52,"column":null}},"5":{"start":{"line":62,"column":4},"end":{"line":62,"column":null}},"6":{"start":{"line":65,"column":4},"end":{"line":73,"column":null}},"7":{"start":{"line":66,"column":27},"end":{"line":69,"column":null}},"8":{"start":{"line":70,"column":6},"end":{"line":72,"column":null}},"9":{"start":{"line":71,"column":8},"end":{"line":71,"column":null}},"10":{"start":{"line":75,"column":39},"end":{"line":75,"column":null}},"11":{"start":{"line":76,"column":4},"end":{"line":76,"column":null}},"12":{"start":{"line":76,"column":19},"end":{"line":76,"column":null}},"13":{"start":{"line":77,"column":4},"end":{"line":77,"column":null}},"14":{"start":{"line":77,"column":20},"end":{"line":77,"column":null}},"15":{"start":{"line":79,"column":17},"end":{"line":81,"column":null}},"16":{"start":{"line":83,"column":4},"end":{"line":83,"column":null}},"17":{"start":{"line":83,"column":15},"end":{"line":83,"column":null}},"18":{"start":{"line":85,"column":4},"end":{"line":95,"column":null}},"19":{"start":{"line":102,"column":4},"end":{"line":102,"column":null}},"20":{"start":{"line":104,"column":17},"end":{"line":104,"column":null}},"21":{"start":{"line":105,"column":4},"end":{"line":105,"column":null}},"22":{"start":{"line":105,"column":15},"end":{"line":105,"column":null}},"23":{"start":{"line":108,"column":26},"end":{"line":108,"column":null}},"24":{"start":{"line":109,"column":4},"end":{"line":109,"column":null}},"25":{"start":{"line":111,"column":29},"end":{"line":126,"column":null}},"26":{"start":{"line":128,"column":24},"end":{"line":132,"column":null}},"27":{"start":{"line":134,"column":4},"end":{"line":145,"column":null}},"28":{"start":{"line":152,"column":4},"end":{"line":152,"column":null}},"29":{"start":{"line":154,"column":19},"end":{"line":157,"column":null}},"30":{"start":{"line":159,"column":4},"end":{"line":159,"column":null}},"31":{"start":{"line":166,"column":4},"end":{"line":166,"column":null}},"32":{"start":{"line":168,"column":17},"end":{"line":168,"column":null}},"33":{"start":{"line":169,"column":4},"end":{"line":169,"column":null}},"34":{"start":{"line":184,"column":4},"end":{"line":184,"column":null}},"35":{"start":{"line":186,"column":4},"end":{"line":194,"column":null}}},"fnMap":{"0":{"name":"(anonymous_0)","decl":{"start":{"line":36,"column":15},"end":{"line":36,"column":26}},"loc":{"start":{"line":36,"column":71},"end":{"line":53,"column":null}},"line":36},"1":{"name":"(anonymous_1)","decl":{"start":{"line":58,"column":15},"end":{"line":58,"column":null}},"loc":{"start":{"line":61,"column":33},"end":{"line":96,"column":null}},"line":61},"2":{"name":"(anonymous_2)","decl":{"start":{"line":101,"column":15},"end":{"line":101,"column":34}},"loc":{"start":{"line":101,"column":83},"end":{"line":146,"column":null}},"line":101},"3":{"name":"(anonymous_3)","decl":{"start":{"line":151,"column":15},"end":{"line":151,"column":29}},"loc":{"start":{"line":151,"column":79},"end":{"line":160,"column":null}},"line":151},"4":{"name":"(anonymous_4)","decl":{"start":{"line":165,"column":15},"end":{"line":165,"column":32}},"loc":{"start":{"line":165,"column":82},"end":{"line":170,"column":null}},"line":165},"5":{"name":"(anonymous_5)","decl":{"start":{"line":175,"column":15},"end":{"line":175,"column":24}},"loc":{"start":{"line":183,"column":20},"end":{"line":195,"column":null}},"line":183}},"branchMap":{"0":{"loc":{"start":{"line":40,"column":4},"end":{"line":40,"column":null}},"type":"if","locations":[{"start":{"line":40,"column":4},"end":{"line":40,"column":null}},{"start":{},"end":{}}],"line":40},"1":{"loc":{"start":{"line":65,"column":4},"end":{"line":73,"column":null}},"type":"if","locations":[{"start":{"line":65,"column":4},"end":{"line":73,"column":null}},{"start":{},"end":{}}],"line":65},"2":{"loc":{"start":{"line":70,"column":6},"end":{"line":72,"column":null}},"type":"if","locations":[{"start":{"line":70,"column":6},"end":{"line":72,"column":null}},{"start":{},"end":{}}],"line":70},"3":{"loc":{"start":{"line":76,"column":4},"end":{"line":76,"column":null}},"type":"if","locations":[{"start":{"line":76,"column":4},"end":{"line":76,"column":null}},{"start":{},"end":{}}],"line":76},"4":{"loc":{"start":{"line":77,"column":4},"end":{"line":77,"column":null}},"type":"if","locations":[{"start":{"line":77,"column":4},"end":{"line":77,"column":null}},{"start":{},"end":{}}],"line":77},"5":{"loc":{"start":{"line":83,"column":4},"end":{"line":83,"column":null}},"type":"if","locations":[{"start":{"line":83,"column":4},"end":{"line":83,"column":null}},{"start":{},"end":{}}],"line":83},"6":{"loc":{"start":{"line":105,"column":4},"end":{"line":105,"column":null}},"type":"if","locations":[{"start":{"line":105,"column":4},"end":{"line":105,"column":null}},{"start":{},"end":{}}],"line":105},"7":{"loc":{"start":{"line":128,"column":24},"end":{"line":132,"column":null}},"type":"binary-expr","locations":[{"start":{"line":128,"column":24},"end":{"line":128,"column":47}},{"start":{"line":128,"column":47},"end":{"line":132,"column":null}}],"line":128},"8":{"loc":{"start":{"line":169,"column":11},"end":{"line":169,"column":null}},"type":"cond-expr","locations":[{"start":{"line":169,"column":18},"end":{"line":169,"column":53}},{"start":{"line":169,"column":53},"end":{"line":169,"column":null}}],"line":169}},"s":{"0":3,"1":3,"2":3,"3":1,"4":2,"5":6,"6":6,"7":4,"8":4,"9":1,"10":5,"11":5,"12":3,"13":5,"14":5,"15":5,"16":5,"17":1,"18":4,"19":5,"20":5,"21":5,"22":1,"23":4,"24":4,"25":4,"26":4,"27":5,"28":42,"29":42,"30":42,"31":24,"32":24,"33":24,"34":38,"35":38},"f":{"0":2,"1":2,"2":2,"3":2,"4":2,"5":2},"b":{"0":[1,2],"1":[4,2],"2":[1,3],"3":[3,2],"4":[3,2],"5":[1,4],"6":[1,4],"7":[4,2],"8":[23,1]},"meta":{"lastBranch":9,"lastFunction":6,"lastStatement":36,"seen":{"f:36:15:36:26":0,"s:37:4:37:Infinity":0,"s:39:17:39:Infinity":1,"b:40:4:40:Infinity:undefined:undefined:undefined:undefined":0,"s:40:4:40:Infinity":2,"s:40:15:40:Infinity":3,"s:42:4:52:Infinity":4,"f:58:15:58:Infinity":1,"s:62:4:62:Infinity":5,"b:65:4:73:Infinity:undefined:undefined:undefined:undefined":1,"s:65:4:73:Infinity":6,"s:66:27:69:Infinity":7,"b:70:6:72:Infinity:undefined:undefined:undefined:undefined":2,"s:70:6:72:Infinity":8,"s:71:8:71:Infinity":9,"s:75:39:75:Infinity":10,"b:76:4:76:Infinity:undefined:undefined:undefined:undefined":3,"s:76:4:76:Infinity":11,"s:76:19:76:Infinity":12,"b:77:4:77:Infinity:undefined:undefined:undefined:undefined":4,"s:77:4:77:Infinity":13,"s:77:20:77:Infinity":14,"s:79:17:81:Infinity":15,"b:83:4:83:Infinity:undefined:undefined:undefined:undefined":5,"s:83:4:83:Infinity":16,"s:83:15:83:Infinity":17,"s:85:4:95:Infinity":18,"f:101:15:101:34":2,"s:102:4:102:Infinity":19,"s:104:17:104:Infinity":20,"b:105:4:105:Infinity:undefined:undefined:undefined:undefined":6,"s:105:4:105:Infinity":21,"s:105:15:105:Infinity":22,"s:108:26:108:Infinity":23,"s:109:4:109:Infinity":24,"s:111:29:126:Infinity":25,"s:128:24:132:Infinity":26,"b:128:24:128:47:128:47:132:Infinity":7,"s:134:4:145:Infinity":27,"f:151:15:151:29":3,"s:152:4:152:Infinity":28,"s:154:19:157:Infinity":29,"s:159:4:159:Infinity":30,"f:165:15:165:32":4,"s:166:4:166:Infinity":31,"s:168:17:168:Infinity":32,"s:169:4:169:Infinity":33,"b:169:18:169:53:169:53:169:Infinity":8,"f:175:15:175:24":5,"s:184:4:184:Infinity":34,"s:186:4:194:Infinity":35}}}
,"/Users/Ivan_Habor/myprojects/agoryx-chat/lib/validations/index.ts": {"path":"/Users/Ivan_Habor/myprojects/agoryx-chat/lib/validations/index.ts","statementMap":{"0":{"start":{"line":7,"column":29},"end":{"line":11,"column":null}},"1":{"start":{"line":13,"column":30},"end":{"line":15,"column":null}},"2":{"start":{"line":17,"column":38},"end":{"line":17,"column":null}},"3":{"start":{"line":19,"column":30},"end":{"line":19,"column":null}},"4":{"start":{"line":21,"column":30},"end":{"line":21,"column":null}},"5":{"start":{"line":27,"column":32},"end":{"line":30,"column":null}},"6":{"start":{"line":38,"column":32},"end":{"line":41,"column":null}},"7":{"start":{"line":49,"column":33},"end":{"line":56,"column":null}},"8":{"start":{"line":58,"column":42},"end":{"line":61,"column":null}},"9":{"start":{"line":63,"column":40},"end":{"line":69,"column":null}},"10":{"start":{"line":71,"column":40},"end":{"line":77,"column":null}},"11":{"start":{"line":86,"column":32},"end":{"line":93,"column":null}},"12":{"start":{"line":95,"column":35},"end":{"line":98,"column":null}},"13":{"start":{"line":100,"column":35},"end":{"line":103,"column":null}},"14":{"start":{"line":112,"column":33},"end":{"line":122,"column":null}},"15":{"start":{"line":124,"column":33},"end":{"line":131,"column":null}},"16":{"start":{"line":140,"column":37},"end":{"line":145,"column":null}},"17":{"start":{"line":147,"column":38},"end":{"line":151,"column":null}},"18":{"start":{"line":153,"column":37},"end":{"line":157,"column":null}},"19":{"start":{"line":168,"column":17},"end":{"line":168,"column":null}},"20":{"start":{"line":169,"column":2},"end":{"line":172,"column":null}},"21":{"start":{"line":170,"column":19},"end":{"line":170,"column":null}},"22":{"start":{"line":170,"column":48},"end":{"line":170,"column":83}},"23":{"start":{"line":171,"column":4},"end":{"line":171,"column":null}},"24":{"start":{"line":173,"column":2},"end":{"line":173,"column":null}},"25":{"start":{"line":180,"column":41},"end":{"line":180,"column":null}},"26":{"start":{"line":181,"column":2},"end":{"line":183,"column":null}},"27":{"start":{"line":182,"column":4},"end":{"line":182,"column":null}},"28":{"start":{"line":184,"column":2},"end":{"line":184,"column":null}}},"fnMap":{"0":{"name":"parseOrThrow","decl":{"start":{"line":167,"column":16},"end":{"line":167,"column":32}},"loc":{"start":{"line":167,"column":74},"end":{"line":174,"column":null}},"line":167},"1":{"name":"(anonymous_1)","decl":{"start":{"line":170,"column":43},"end":{"line":170,"column":48}},"loc":{"start":{"line":170,"column":48},"end":{"line":170,"column":83}},"line":170},"2":{"name":"parseQueryParams","decl":{"start":{"line":176,"column":16},"end":{"line":176,"column":null}},"loc":{"start":{"line":179,"column":5},"end":{"line":185,"column":null}},"line":179},"3":{"name":"(anonymous_3)","decl":{"start":{"line":181,"column":23},"end":{"line":181,"column":24}},"loc":{"start":{"line":181,"column":39},"end":{"line":183,"column":3}},"line":181}},"branchMap":{"0":{"loc":{"start":{"line":169,"column":2},"end":{"line":172,"column":null}},"type":"if","locations":[{"start":{"line":169,"column":2},"end":{"line":172,"column":null}},{"start":{},"end":{}}],"line":169}},"s":{"0":2,"1":2,"2":2,"3":2,"4":2,"5":2,"6":2,"7":2,"8":2,"9":2,"10":2,"11":2,"12":2,"13":2,"14":2,"15":2,"16":2,"17":2,"18":2,"19":3,"20":3,"21":2,"22":6,"23":2,"24":1,"25":2,"26":2,"27":2,"28":2},"f":{"0":3,"1":6,"2":2,"3":2},"b":{"0":[2,1]},"meta":{"lastBranch":1,"lastFunction":4,"lastStatement":29,"seen":{"s:7:29:11:Infinity":0,"s:13:30:15:Infinity":1,"s:17:38:17:Infinity":2,"s:19:30:19:Infinity":3,"s:21:30:21:Infinity":4,"s:27:32:30:Infinity":5,"s:38:32:41:Infinity":6,"s:49:33:56:Infinity":7,"s:58:42:61:Infinity":8,"s:63:40:69:Infinity":9,"s:71:40:77:Infinity":10,"s:86:32:93:Infinity":11,"s:95:35:98:Infinity":12,"s:100:35:103:Infinity":13,"s:112:33:122:Infinity":14,"s:124:33:131:Infinity":15,"s:140:37:145:Infinity":16,"s:147:38:151:Infinity":17,"s:153:37:157:Infinity":18,"f:167:16:167:32":0,"s:168:17:168:Infinity":19,"b:169:2:172:Infinity:undefined:undefined:undefined:undefined":0,"s:169:2:172:Infinity":20,"s:170:19:170:Infinity":21,"f:170:43:170:48":1,"s:170:48:170:83":22,"s:171:4:171:Infinity":23,"s:173:2:173:Infinity":24,"f:176:16:176:Infinity":2,"s:180:41:180:Infinity":25,"s:181:2:183:Infinity":26,"f:181:23:181:24":3,"s:182:4:182:Infinity":27,"s:184:2:184:Infinity":28}}}
}
