TN:
SF:app/api/billing/checkout/route.ts
FN:5,POST
FN:22,(anonymous_1)
FNF:2
FNH:2
FNDA:6,POST
FNDA:2,(anonymous_1)
DA:6,6
DA:7,6
DA:8,6
DA:9,1
DA:12,5
DA:14,4
DA:15,2
DA:19,2
DA:22,2
DA:24,2
DA:29,1
DA:30,1
LF:12
LH:12
BRDA:8,0,0,1
BRDA:8,0,1,5
BRDA:14,1,0,2
BRDA:14,1,1,2
BRDA:14,2,0,4
BRDA:14,2,1,3
BRF:6
BRH:6
end_of_record
TN:
SF:app/api/billing/history/route.ts
FN:38,GET
FN:46,(anonymous_1)
FNF:2
FNH:2
FNDA:2,GET
FNDA:1,(anonymous_1)
DA:14,1
DA:39,2
DA:40,2
DA:41,2
DA:42,1
DA:46,1
DA:48,1
DA:53,0
DA:54,0
LF:9
LH:7
BRDA:41,0,0,1
BRDA:41,0,1,1
BRF:2
BRH:2
end_of_record
TN:
SF:app/api/billing/portal/route.ts
FN:5,POST
FN:16,(anonymous_1)
FNF:2
FNH:2
FNDA:3,POST
FNDA:1,(anonymous_1)
DA:6,3
DA:7,3
DA:8,3
DA:9,2
DA:13,1
DA:16,1
DA:18,1
DA:23,0
DA:24,0
LF:9
LH:7
BRDA:8,0,0,2
BRDA:8,0,1,1
BRF:2
BRH:2
end_of_record
TN:
SF:app/api/billing/subscription/route.ts
FN:7,PATCH
FN:55,DELETE
FNF:2
FNH:2
FNDA:8,PATCH
FNDA:4,DELETE
DA:8,8
DA:9,8
DA:10,8
DA:11,1
DA:14,7
DA:16,7
DA:17,2
DA:20,5
DA:23,5
DA:37,4
DA:38,1
DA:41,3
DA:47,1
DA:48,1
DA:56,4
DA:57,4
DA:58,4
DA:59,1
DA:62,3
DA:65,3
DA:75,2
DA:76,1
DA:79,1
DA:84,1
DA:85,1
LF:25
LH:25
BRDA:10,0,0,1
BRDA:10,0,1,7
BRDA:16,1,0,2
BRDA:16,1,1,5
BRDA:16,2,0,7
BRDA:16,2,1,6
BRDA:27,3,0,1
BRDA:27,3,1,4
BRDA:31,4,0,3
BRDA:31,4,1,2
BRDA:31,5,0,1
BRDA:31,5,1,1
BRDA:37,6,0,1
BRDA:37,6,1,3
BRDA:58,7,0,1
BRDA:58,7,1,3
BRDA:75,8,0,1
BRDA:75,8,1,1
BRF:18
BRH:18
end_of_record
TN:
SF:app/api/chat/route.ts
FN:32,POST
FN:48,(anonymous_1)
FN:56,(anonymous_2)
FN:118,PUT
FNF:4
FNH:4
FNDA:12,POST
FNDA:10,(anonymous_1)
FNDA:11,(anonymous_2)
FNDA:6,PUT
DA:4,1
DA:5,1
DA:33,12
DA:34,12
DA:42,11
DA:45,11
DA:48,11
DA:54,11
DA:55,11
DA:57,11
DA:58,11
DA:66,14
DA:67,4
DA:72,10
DA:73,9
DA:78,1
DA:79,1
DA:86,10
DA:88,1
DA:93,1
DA:98,11
DA:106,1
DA:119,6
DA:121,6
DA:122,1
DA:125,5
DA:126,5
DA:128,4
DA:129,4
DA:139,2
DA:141,3
LF:31
LH:31
BRDA:38,0,0,11
BRDA:39,1,0,11
BRDA:40,2,0,11
BRDA:49,3,0,5
BRDA:49,3,1,5
BRDA:61,4,0,11
BRDA:61,4,1,10
BRDA:64,5,0,1
BRDA:64,5,1,10
BRDA:66,6,0,4
BRDA:66,6,1,10
BRDA:66,7,0,14
BRDA:66,7,1,4
BRDA:72,8,0,9
BRDA:72,8,1,1
BRDA:78,9,0,1
BRDA:78,9,1,0
BRDA:90,10,0,1
BRDA:90,10,1,0
BRDA:107,11,0,1
BRDA:107,11,1,0
BRDA:121,12,0,1
BRDA:121,12,1,5
BRDA:139,13,0,2
BRDA:139,13,1,1
BRDA:142,14,0,2
BRDA:142,14,1,1
BRF:27
BRH:24
end_of_record
TN:
SF:app/api/conversations/[id]/messages/route.ts
FN:19,GET
FN:53,(anonymous_1)
FN:69,POST
FN:106,(anonymous_3)
FN:128,(anonymous_4)
FN:155,(anonymous_5)
FNF:6
FNH:6
FNDA:6,GET
FNDA:1,(anonymous_1)
FNDA:5,POST
FNDA:1,(anonymous_3)
FNDA:2,(anonymous_4)
FNDA:1,(anonymous_5)
DA:20,6
DA:21,6
DA:22,1
DA:25,5
DA:26,5
DA:27,5
DA:30,5
DA:31,5
DA:32,1
DA:35,4
DA:40,6
DA:41,6
DA:43,3
DA:52,1
DA:53,1
DA:54,1
DA:57,0
DA:58,0
DA:70,5
DA:71,5
DA:72,1
DA:75,4
DA:76,4
DA:79,4
DA:80,4
DA:81,1
DA:85,3
DA:86,3
DA:89,3
DA:90,2
DA:91,2
DA:92,4
DA:106,2
DA:112,5
DA:126,5
DA:127,5
DA:129,2
DA:130,2
DA:131,6
DA:132,6
DA:134,2
DA:136,0
DA:140,0
DA:141,0
DA:146,5
DA:154,1
DA:155,1
DA:156,1
DA:159,0
DA:160,0
LF:50
LH:43
BRDA:21,0,0,1
BRDA:21,0,1,5
BRDA:31,1,0,1
BRDA:31,1,1,4
BRDA:36,2,0,4
BRDA:36,2,1,2
BRDA:37,3,0,6
BRDA:37,3,1,3
BRDA:40,4,0,6
BRDA:40,4,1,2
BRDA:52,5,0,1
BRDA:52,5,1,0
BRDA:71,6,0,1
BRDA:71,6,1,4
BRDA:80,7,0,1
BRDA:80,7,1,3
BRDA:96,8,0,4
BRDA:96,8,1,4
BRDA:97,9,0,4
BRDA:97,9,1,4
BRDA:138,10,0,0
BRDA:138,10,1,0
BRDA:154,11,0,1
BRDA:154,11,1,0
BRF:24
BRH:20
end_of_record
TN:
SF:lib/api/auth.ts
FN:41,requireAuth
FN:82,requireAdmin
FN:99,isAuthError
FN:106,authErrorResponse
FNF:4
FNH:4
FNDA:9,requireAuth
FNDA:4,requireAdmin
FNDA:5,isAuthError
FNDA:4,authErrorResponse
DA:42,9
DA:44,9
DA:45,3
DA:48,6
DA:49,2
DA:52,4
DA:83,4
DA:85,4
DA:86,2
DA:89,2
DA:90,1
DA:93,1
DA:100,5
DA:107,4
LF:14
LH:14
BRDA:44,0,0,3
BRDA:44,0,1,6
BRDA:48,1,0,2
BRDA:48,1,1,4
BRDA:85,2,0,2
BRDA:85,2,1,2
BRDA:89,3,0,1
BRDA:89,3,1,1
BRF:8
BRH:8
end_of_record
TN:
SF:lib/db/models/Agent.ts
FNF:0
FNH:0
DA:32,1
DA:57,1
DA:60,1
LF:3
LH:3
BRDA:60,0,0,1
BRDA:60,0,1,1
BRF:2
BRH:2
end_of_record
TN:
SF:lib/db/models/Conversation.ts
FN:67,(anonymous_0)
FN:72,(anonymous_1)
FNF:2
FNH:0
FNDA:0,(anonymous_0)
FNDA:0,(anonymous_1)
DA:30,4
DA:42,4
DA:50,4
DA:67,0
DA:72,0
DA:79,4
DA:82,4
LF:7
LH:5
BRDA:82,0,0,4
BRDA:82,0,1,4
BRF:2
BRH:2
end_of_record
TN:
SF:lib/db/models/Message.ts
FNF:0
FNH:0
DA:32,4
DA:44,4
DA:52,4
DA:77,4
DA:80,4
LF:5
LH:5
BRDA:80,0,0,4
BRDA:80,0,1,4
BRF:2
BRH:2
end_of_record
TN:
SF:lib/db/models/UsageLog.ts
FNF:0
FNH:0
DA:16,3
DA:41,3
DA:44,3
LF:3
LH:3
BRDA:44,0,0,3
BRDA:44,0,1,3
BRF:2
BRH:2
end_of_record
TN:
SF:lib/db/models/User.ts
FNF:0
FNH:0
DA:28,4
DA:66,4
LF:2
LH:2
BRDA:66,0,0,4
BRDA:66,0,1,4
BRF:2
BRH:2
end_of_record
TN:
SF:lib/hooks/useAgentStream.ts
FN:55,useAgentStream
FN:68,(anonymous_1)
FN:77,(anonymous_2)
FN:105,(anonymous_3)
FN:165,processEvent
FN:173,(anonymous_5)
FN:188,(anonymous_6)
FN:204,(anonymous_7)
FN:216,(anonymous_8)
FNF:9
FNH:9
FNDA:43,useAgentStream
FNDA:2,(anonymous_1)
FNDA:17,(anonymous_2)
FNDA:1,(anonymous_3)
FNDA:35,processEvent
FNDA:7,(anonymous_5)
FNDA:7,(anonymous_6)
FNDA:5,(anonymous_7)
FNDA:5,(anonymous_8)
DA:56,43
DA:57,43
DA:59,43
DA:60,43
DA:63,43
DA:64,43
DA:65,43
DA:66,43
DA:68,43
DA:69,2
DA:70,2
DA:71,2
DA:73,2
DA:76,43
DA:83,17
DA:84,17
DA:85,17
DA:86,17
DA:87,17
DA:88,17
DA:91,17
DA:93,17
DA:94,17
DA:104,15
DA:105,2
DA:106,2
DA:109,13
DA:110,1
DA:113,12
DA:114,12
DA:115,12
DA:117,12
DA:118,47
DA:119,47
DA:121,35
DA:124,35
DA:125,35
DA:127,47
DA:128,70
DA:129,35
DA:130,35
DA:131,35
DA:133,0
DA:140,12
DA:141,0
DA:142,0
DA:143,0
DA:150,12
DA:153,12
DA:155,4
DA:157,1
DA:159,3
DA:161,16
DA:162,16
DA:166,35
DA:168,2
DA:169,2
DA:172,7
DA:173,7
DA:174,7
DA:175,7
DA:181,7
DA:184,7
DA:187,7
DA:188,7
DA:189,7
DA:190,7
DA:191,7
DA:192,7
DA:197,7
DA:200,7
DA:203,5
DA:204,5
DA:205,5
DA:206,5
DA:207,5
DA:208,5
DA:213,5
DA:215,5
DA:216,5
DA:219,5
DA:222,3
DA:223,3
DA:227,10
DA:230,1
DA:231,1
DA:238,43
LF:87
LH:83
BRDA:69,0,0,2
BRDA:69,0,1,0
BRDA:104,1,0,2
BRDA:104,1,1,13
BRDA:106,2,0,2
BRDA:106,2,1,1
BRDA:109,3,0,1
BRDA:109,3,1,12
BRDA:119,4,0,12
BRDA:119,4,1,35
BRDA:125,5,0,35
BRDA:125,5,1,35
BRDA:128,6,0,35
BRDA:128,6,1,35
BRDA:140,7,0,0
BRDA:140,7,1,12
BRDA:155,8,0,1
BRDA:155,8,1,3
BRDA:166,9,0,2
BRDA:166,9,1,7
BRDA:166,9,2,7
BRDA:166,9,3,5
BRDA:166,9,4,3
BRDA:166,9,5,10
BRDA:166,9,6,1
BRDA:168,10,0,2
BRDA:168,10,1,0
BRDA:172,11,0,7
BRDA:172,11,1,0
BRDA:172,12,0,7
BRDA:172,12,1,7
BRDA:187,13,0,7
BRDA:187,13,1,0
BRDA:187,14,0,7
BRDA:187,14,1,7
BRDA:191,15,0,7
BRDA:191,15,1,0
BRDA:203,16,0,5
BRDA:203,16,1,0
BRDA:207,17,0,5
BRDA:207,17,1,0
BRDA:215,18,0,5
BRDA:215,18,1,0
BRDA:222,19,0,3
BRDA:222,19,1,0
BRDA:230,20,0,1
BRDA:230,20,1,0
BRF:47
BRH:36
end_of_record
TN:
SF:lib/hooks/useAgents.ts
FN:32,fetchAgents
FN:40,createAgent
FN:47,(anonymous_2)
FN:53,updateAgent
FN:60,(anonymous_4)
FN:66,deleteAgent
FN:71,(anonymous_6)
FN:83,useAgents
FN:94,useAgentsMap
FN:99,(anonymous_9)
FN:113,useCreateAgent
FN:118,(anonymous_11)
FN:127,useUpdateAgent
FN:132,(anonymous_13)
FN:141,useDeleteAgent
FN:146,(anonymous_15)
FNF:16
FNH:13
FNDA:6,fetchAgents
FNDA:3,createAgent
FNDA:0,(anonymous_2)
FNDA:3,updateAgent
FNDA:0,(anonymous_4)
FNDA:3,deleteAgent
FNDA:0,(anonymous_6)
FNDA:11,useAgents
FNDA:5,useAgentsMap
FNDA:4,(anonymous_9)
FNDA:5,useCreateAgent
FNDA:2,(anonymous_11)
FNDA:5,useUpdateAgent
FNDA:2,(anonymous_13)
FNDA:4,useDeleteAgent
FNDA:1,(anonymous_15)
DA:33,6
DA:34,5
DA:35,1
DA:37,4
DA:41,3
DA:46,3
DA:47,1
DA:48,1
DA:50,2
DA:54,3
DA:59,3
DA:60,1
DA:61,1
DA:63,2
DA:67,3
DA:70,3
DA:71,2
DA:72,2
DA:84,11
DA:95,5
DA:97,5
DA:100,4
DA:101,4
DA:107,5
DA:114,5
DA:116,5
DA:119,2
DA:128,5
DA:130,5
DA:133,2
DA:142,4
DA:144,4
DA:147,1
LF:33
LH:33
BRDA:34,0,0,1
BRDA:34,0,1,4
BRDA:46,1,0,1
BRDA:46,1,1,2
BRDA:48,2,0,1
BRDA:48,2,1,0
BRDA:59,3,0,1
BRDA:59,3,1,2
BRDA:61,4,0,1
BRDA:61,4,1,0
BRDA:70,5,0,2
BRDA:70,5,1,1
BRDA:72,6,0,2
BRDA:72,6,1,0
BRDA:97,7,0,2
BRDA:97,7,1,3
BRF:16
BRH:13
end_of_record
TN:
SF:lib/hooks/useBilling.ts
FN:30,fetchBillingHistory
FN:38,createCheckoutSession
FN:45,(anonymous_2)
FN:51,createPortalSession
FN:56,(anonymous_4)
FN:62,updateSubscription
FN:69,(anonymous_6)
FN:75,cancelSubscription
FN:80,(anonymous_8)
FN:86,useBillingHistory
FN:94,useCreateCheckout
FN:97,(anonymous_11)
FN:106,useCreatePortal
FN:109,(anonymous_13)
FN:118,useUpdateSubscription
FN:123,(anonymous_15)
FN:130,useCancelSubscription
FN:135,(anonymous_17)
FNF:18
FNH:15
FNDA:3,fetchBillingHistory
FNDA:3,createCheckoutSession
FNDA:1,(anonymous_2)
FNDA:2,createPortalSession
FNDA:0,(anonymous_4)
FNDA:3,updateSubscription
FNDA:0,(anonymous_6)
FNDA:2,cancelSubscription
FNDA:0,(anonymous_8)
FNDA:6,useBillingHistory
FNDA:4,useCreateCheckout
FNDA:1,(anonymous_11)
FNDA:3,useCreatePortal
FNDA:1,(anonymous_13)
FNDA:5,useUpdateSubscription
FNDA:2,(anonymous_15)
FNDA:3,useCancelSubscription
FNDA:1,(anonymous_17)
DA:31,3
DA:32,3
DA:33,1
DA:35,2
DA:39,3
DA:44,3
DA:45,2
DA:46,2
DA:48,1
DA:52,2
DA:55,2
DA:56,1
DA:57,1
DA:59,1
DA:63,3
DA:68,3
DA:69,1
DA:70,1
DA:72,2
DA:76,2
DA:79,2
DA:80,1
DA:81,1
DA:83,1
DA:87,6
DA:95,4
DA:99,1
DA:100,1
DA:107,3
DA:111,1
DA:112,1
DA:119,5
DA:121,5
DA:124,2
DA:125,2
DA:131,3
DA:133,3
DA:136,1
DA:137,1
LF:39
LH:39
BRDA:32,0,0,1
BRDA:32,0,1,2
BRDA:44,1,0,2
BRDA:44,1,1,1
BRDA:46,2,0,2
BRDA:46,2,1,1
BRDA:55,3,0,1
BRDA:55,3,1,1
BRDA:57,4,0,1
BRDA:57,4,1,0
BRDA:68,5,0,1
BRDA:68,5,1,2
BRDA:70,6,0,1
BRDA:70,6,1,0
BRDA:79,7,0,1
BRDA:79,7,1,1
BRDA:81,8,0,1
BRDA:81,8,1,0
BRDA:99,9,0,1
BRDA:99,9,1,0
BRDA:111,10,0,1
BRDA:111,10,1,0
BRF:22
BRH:17
end_of_record
TN:
SF:lib/hooks/useConversations.ts
FN:57,fetchConversations
FN:68,fetchConversation
FN:76,createConversation
FN:90,updateConversation
FN:105,deleteConversation
FN:121,useConversations
FN:124,(anonymous_6)
FN:132,useConversation
FN:135,(anonymous_8)
FN:144,useCreateConversation
FN:149,(anonymous_10)
FN:158,useUpdateConversation
FN:162,(anonymous_12)
FN:164,(anonymous_13)
FN:174,useDeleteConversation
FN:179,(anonymous_15)
FNF:16
FNH:16
FNDA:3,fetchConversations
FNDA:2,fetchConversation
FNDA:2,createConversation
FNDA:2,updateConversation
FNDA:2,deleteConversation
FNDA:6,useConversations
FNDA:3,(anonymous_6)
FNDA:5,useConversation
FNDA:2,(anonymous_8)
FNDA:3,useCreateConversation
FNDA:1,(anonymous_10)
FNDA:3,useUpdateConversation
FNDA:2,(anonymous_12)
FNDA:1,(anonymous_13)
FNDA:3,useDeleteConversation
FNDA:1,(anonymous_15)
DA:61,3
DA:62,3
DA:63,1
DA:65,2
DA:69,2
DA:70,2
DA:71,1
DA:73,1
DA:79,2
DA:84,2
DA:85,1
DA:87,1
DA:94,2
DA:99,2
DA:100,1
DA:102,1
DA:106,2
DA:109,2
DA:110,1
DA:122,6
DA:124,3
DA:133,5
DA:135,2
DA:145,3
DA:147,3
DA:150,1
DA:159,3
DA:161,3
DA:163,2
DA:165,1
DA:166,1
DA:175,3
DA:177,3
DA:180,1
DA:181,1
LF:35
LH:35
BRDA:58,0,0,3
BRDA:59,1,0,3
BRDA:62,2,0,1
BRDA:62,2,1,2
BRDA:70,3,0,1
BRDA:70,3,1,1
BRDA:84,4,0,1
BRDA:84,4,1,1
BRDA:99,5,0,1
BRDA:99,5,1,1
BRDA:109,6,0,1
BRDA:109,6,1,1
BRDA:121,7,0,6
BRDA:121,8,0,6
BRF:14
BRH:14
end_of_record
TN:
SF:lib/hooks/useCredits.ts
FN:26,fetchCredits
FN:41,useCredits
FN:53,useHasCredits
FNF:3
FNH:3
FNDA:9,fetchCredits
FNDA:17,useCredits
FNDA:9,useHasCredits
DA:27,9
DA:28,8
DA:29,1
DA:31,7
DA:42,17
DA:54,9
DA:56,9
LF:7
LH:7
BRDA:28,0,0,1
BRDA:28,0,1,7
BRDA:53,1,0,9
BRDA:57,2,0,4
BRDA:57,2,1,5
BRDA:58,3,0,9
BRDA:58,3,1,5
BRF:7
BRH:7
end_of_record
TN:
SF:lib/hooks/useMessages.ts
FN:30,fetchMessages
FN:45,updateMessage
FN:71,useMessages
FN:79,(anonymous_3)
FN:88,useUpdateMessage
FN:93,(anonymous_5)
FNF:6
FNH:6
FNDA:3,fetchMessages
FNDA:4,updateMessage
FNDA:7,useMessages
FNDA:3,(anonymous_3)
FNDA:7,useUpdateMessage
FNDA:3,(anonymous_5)
DA:36,3
DA:39,3
DA:40,1
DA:42,2
DA:50,4
DA:58,4
DA:59,1
DA:61,3
DA:77,7
DA:79,3
DA:89,7
DA:91,7
DA:94,3
DA:97,3
LF:14
LH:14
BRDA:32,0,0,3
BRDA:33,1,0,3
BRDA:34,2,0,3
BRDA:39,3,0,1
BRDA:39,3,1,2
BRDA:58,4,0,1
BRDA:58,4,1,3
BRDA:73,5,0,7
BRDA:74,6,0,7
BRDA:75,7,0,7
BRF:10
BRH:10
end_of_record
TN:
SF:lib/hooks/useToast.tsx
FN:26,useToast
FN:38,ToastProvider
FN:41,(anonymous_2)
FN:42,(anonymous_3)
FN:42,(anonymous_4)
FN:46,(anonymous_5)
FN:50,(anonymous_6)
FN:53,(anonymous_7)
FN:62,(anonymous_8)
FN:67,(anonymous_9)
FN:72,(anonymous_10)
FN:77,(anonymous_11)
FNF:12
FNH:12
FNDA:45,useToast
FNDA:43,ToastProvider
FNDA:7,(anonymous_2)
FNDA:7,(anonymous_3)
FNDA:10,(anonymous_4)
FNDA:32,(anonymous_5)
FNDA:32,(anonymous_6)
FNDA:4,(anonymous_7)
FNDA:2,(anonymous_8)
FNDA:2,(anonymous_9)
FNDA:1,(anonymous_10)
FNDA:1,(anonymous_11)
DA:24,1
DA:27,45
DA:28,45
DA:29,2
DA:31,43
DA:39,43
DA:41,43
DA:42,10
DA:45,43
DA:47,32
DA:48,32
DA:50,32
DA:52,32
DA:53,16
DA:54,4
DA:61,43
DA:62,2
DA:66,43
DA:67,2
DA:71,43
DA:72,1
DA:76,43
DA:77,1
DA:81,43
DA:91,43
LF:25
LH:25
BRDA:28,0,0,2
BRDA:28,0,1,43
BRDA:46,1,0,32
BRDA:52,2,0,16
BRDA:52,2,1,16
BRF:5
BRH:5
end_of_record
TN:
SF:lib/providers/gemini.provider.ts
FN:8,(anonymous_0)
FN:12,(anonymous_1)
FN:19,(anonymous_2)
FN:30,(anonymous_3)
FNF:4
FNH:4
FNDA:15,(anonymous_0)
FNDA:11,(anonymous_1)
FNDA:10,(anonymous_2)
FNDA:3,(anonymous_3)
DA:5,15
DA:9,15
DA:13,11
DA:15,11
DA:17,11
DA:19,10
DA:22,11
DA:27,11
DA:29,11
DA:30,3
DA:31,3
DA:32,2
DA:33,1
DA:34,1
DA:38,11
DA:41,11
DA:50,9
DA:52,9
DA:53,13
DA:54,5
DA:56,13
DA:57,11
DA:61,9
DA:63,2
LF:24
LH:24
BRDA:19,0,0,5
BRDA:19,0,1,5
BRDA:22,1,0,2
BRDA:22,1,1,9
BRDA:29,2,0,3
BRDA:29,2,1,8
BRDA:31,3,0,2
BRDA:31,3,1,1
BRDA:31,4,0,3
BRDA:31,4,1,2
BRDA:31,4,2,1
BRDA:33,5,0,1
BRDA:33,5,1,0
BRDA:45,6,0,11
BRDA:45,6,1,10
BRDA:46,7,0,1
BRDA:46,7,1,10
BRDA:53,8,0,5
BRDA:53,8,1,8
BRDA:56,9,0,11
BRDA:56,9,1,2
BRDA:65,10,0,1
BRDA:65,10,1,1
BRF:23
BRH:22
end_of_record
TN:
SF:lib/providers/index.ts
FN:12,getProvider
FN:35,getProviderFromModel
FNF:2
FNH:2
FNDA:4,getProvider
FNDA:13,getProviderFromModel
DA:13,4
DA:15,3
DA:16,3
DA:17,1
DA:19,2
DA:27,1
DA:36,13
DA:37,10
DA:38,5
DA:39,2
LF:10
LH:10
BRDA:12,0,0,4
BRDA:13,1,0,3
BRDA:13,1,1,1
BRDA:16,2,0,1
BRDA:16,2,1,2
BRDA:36,3,0,3
BRDA:36,3,1,10
BRDA:37,4,0,5
BRDA:37,4,1,5
BRDA:37,5,0,10
BRDA:37,5,1,7
BRDA:38,6,0,3
BRDA:38,6,1,2
BRF:13
BRH:13
end_of_record
TN:
SF:lib/services/admin.service.ts
FN:68,(anonymous_0)
FN:124,(anonymous_1)
FN:132,(anonymous_2)
FN:153,(anonymous_3)
FN:190,(anonymous_4)
FN:211,(anonymous_5)
FN:250,(anonymous_6)
FN:289,(anonymous_7)
FN:309,(anonymous_8)
FNF:9
FNH:9
FNDA:1,(anonymous_0)
FNDA:8,(anonymous_1)
FNDA:7,(anonymous_2)
FNDA:1,(anonymous_3)
FNDA:62,(anonymous_4)
FNDA:1,(anonymous_5)
FNDA:1,(anonymous_6)
FNDA:76,(anonymous_7)
FNDA:1,(anonymous_8)
DA:69,7
DA:78,7
DA:110,7
DA:119,7
DA:120,7
DA:123,7
DA:124,7
DA:125,8
DA:126,8
DA:131,7
DA:132,7
DA:133,7
DA:134,7
DA:138,7
DA:157,10
DA:159,10
DA:160,10
DA:163,10
DA:165,10
DA:166,3
DA:172,10
DA:173,2
DA:176,10
DA:177,2
DA:180,10
DA:189,10
DA:190,62
DA:215,8
DA:217,8
DA:218,1
DA:221,7
DA:222,7
DA:223,7
DA:224,7
DA:225,7
DA:227,7
DA:231,7
DA:233,6
DA:254,8
DA:256,8
DA:257,8
DA:260,8
DA:262,8
DA:263,3
DA:264,1
DA:266,2
DA:269,7
DA:270,3
DA:271,3
DA:272,2
DA:274,3
DA:275,2
DA:279,7
DA:288,7
DA:289,76
DA:310,3
DA:312,3
DA:313,1
DA:316,2
DA:317,2
DA:319,1
LF:61
LH:61
BRDA:119,0,0,7
BRDA:119,0,1,6
BRDA:120,1,0,7
BRDA:120,1,1,1
BRDA:125,2,0,8
BRDA:125,2,1,0
BRDA:133,3,0,7
BRDA:133,3,1,0
BRDA:165,4,0,3
BRDA:165,4,1,7
BRDA:172,5,0,2
BRDA:172,5,1,8
BRDA:176,6,0,2
BRDA:176,6,1,8
BRDA:217,7,0,1
BRDA:217,7,1,7
BRDA:222,8,0,4
BRDA:222,8,1,3
BRDA:223,9,0,2
BRDA:223,9,1,5
BRDA:224,10,0,2
BRDA:224,10,1,5
BRDA:225,11,0,2
BRDA:225,11,1,5
BRDA:231,12,0,1
BRDA:231,12,1,6
BRDA:262,13,0,3
BRDA:262,13,1,5
BRDA:263,14,0,1
BRDA:263,14,1,2
BRDA:269,15,0,3
BRDA:269,15,1,4
BRDA:269,16,0,7
BRDA:269,16,1,5
BRDA:271,17,0,2
BRDA:271,17,1,1
BRDA:274,18,0,2
BRDA:274,18,1,1
BRDA:312,19,0,1
BRDA:312,19,1,2
BRDA:317,20,0,1
BRDA:317,20,1,1
BRF:42
BRH:40
end_of_record
TN:
SF:lib/services/agent.service.ts
FN:23,(anonymous_0)
FN:30,(anonymous_1)
FN:43,(anonymous_2)
FN:62,(anonymous_3)
FN:104,(anonymous_4)
FN:153,(anonymous_5)
FN:197,(anonymous_6)
FN:216,(anonymous_7)
FNF:8
FNH:8
FNDA:1,(anonymous_0)
FNDA:45,(anonymous_1)
FNDA:4,(anonymous_2)
FNDA:1,(anonymous_3)
FNDA:1,(anonymous_4)
FNDA:1,(anonymous_5)
FNDA:1,(anonymous_6)
FNDA:1,(anonymous_7)
DA:24,5
DA:27,5
DA:30,45
DA:43,5
DA:56,5
DA:64,19
DA:65,2
DA:66,2
DA:80,17
DA:81,17
DA:86,17
DA:88,15
DA:108,6
DA:111,6
DA:112,1
DA:116,5
DA:121,5
DA:122,1
DA:125,4
DA:137,4
DA:159,5
DA:160,1
DA:163,4
DA:165,4
DA:166,4
DA:167,4
DA:168,4
DA:169,4
DA:170,4
DA:171,4
DA:173,4
DA:179,4
DA:181,2
DA:199,4
DA:200,1
DA:203,3
DA:205,3
DA:210,3
DA:218,13
DA:219,10
DA:223,3
DA:224,3
DA:229,3
LF:43
LH:43
BRDA:64,0,0,2
BRDA:64,0,1,17
BRDA:86,1,0,2
BRDA:86,1,1,15
BRDA:111,2,0,1
BRDA:111,2,1,5
BRDA:121,3,0,1
BRDA:121,3,1,4
BRDA:159,4,0,1
BRDA:159,4,1,4
BRDA:166,5,0,4
BRDA:166,5,1,0
BRDA:167,6,0,1
BRDA:167,6,1,3
BRDA:168,7,0,0
BRDA:168,7,1,4
BRDA:169,8,0,1
BRDA:169,8,1,3
BRDA:170,9,0,1
BRDA:170,9,1,3
BRDA:171,10,0,0
BRDA:171,10,1,4
BRDA:179,11,0,2
BRDA:179,11,1,2
BRDA:199,12,0,1
BRDA:199,12,1,3
BRDA:218,13,0,10
BRDA:218,13,1,3
BRF:28
BRH:25
end_of_record
TN:
SF:lib/services/conversation.service.ts
FN:49,(anonymous_0)
FN:68,(anonymous_1)
FN:85,(anonymous_2)
FN:116,(anonymous_3)
FN:149,(anonymous_4)
FN:191,(anonymous_5)
FN:214,(anonymous_6)
FN:228,(anonymous_7)
FNF:8
FNH:8
FNDA:3,(anonymous_0)
FNDA:9,(anonymous_1)
FNDA:3,(anonymous_2)
FNDA:3,(anonymous_3)
FNDA:3,(anonymous_4)
FNDA:3,(anonymous_5)
FNDA:3,(anonymous_6)
FNDA:3,(anonymous_7)
DA:53,6
DA:55,6
DA:56,6
DA:58,6
DA:67,6
DA:68,9
DA:89,3
DA:91,3
DA:100,3
DA:120,3
DA:122,3
DA:123,1
DA:126,2
DA:131,2
DA:133,1
DA:154,4
DA:156,4
DA:157,1
DA:160,3
DA:161,3
DA:162,3
DA:163,3
DA:164,3
DA:165,3
DA:167,3
DA:173,3
DA:175,2
DA:192,4
DA:194,4
DA:195,1
DA:198,3
DA:203,3
DA:206,2
DA:208,2
DA:215,26
DA:217,26
DA:219,26
DA:229,4
DA:231,4
DA:232,1
DA:235,3
DA:240,3
LF:42
LH:42
BRDA:93,0,0,3
BRDA:93,0,1,1
BRDA:94,1,0,3
BRDA:94,1,1,2
BRDA:95,2,0,3
BRDA:95,2,1,2
BRDA:96,3,0,3
BRDA:96,3,1,2
BRDA:97,4,0,3
BRDA:97,4,1,2
BRDA:122,5,0,1
BRDA:122,5,1,2
BRDA:131,6,0,1
BRDA:131,6,1,1
BRDA:156,7,0,1
BRDA:156,7,1,3
BRDA:161,8,0,3
BRDA:161,8,1,0
BRDA:162,9,0,1
BRDA:162,9,1,2
BRDA:163,10,0,0
BRDA:163,10,1,3
BRDA:164,11,0,1
BRDA:164,11,1,2
BRDA:165,12,0,1
BRDA:165,12,1,2
BRDA:173,13,0,1
BRDA:173,13,1,2
BRDA:194,14,0,1
BRDA:194,14,1,3
BRDA:203,15,0,1
BRDA:203,15,1,2
BRDA:217,16,0,1
BRDA:217,16,1,25
BRDA:231,17,0,1
BRDA:231,17,1,3
BRF:36
BRH:34
end_of_record
TN:
SF:lib/services/message.service.ts
FN:36,(anonymous_0)
FN:61,(anonymous_1)
FN:84,(anonymous_2)
FN:121,(anonymous_3)
FN:162,(anonymous_4)
FN:171,(anonymous_5)
FN:210,(anonymous_6)
FN:242,(anonymous_7)
FN:271,(anonymous_8)
FNF:9
FNH:9
FNDA:2,(anonymous_0)
FNDA:9,(anonymous_1)
FNDA:2,(anonymous_2)
FNDA:2,(anonymous_3)
FNDA:2,(anonymous_4)
FNDA:2,(anonymous_5)
FNDA:2,(anonymous_6)
FNDA:2,(anonymous_7)
FNDA:2,(anonymous_8)
DA:41,6
DA:43,6
DA:44,1
DA:47,5
DA:48,5
DA:49,5
DA:51,6
DA:60,5
DA:61,9
DA:89,23
DA:91,23
DA:100,23
DA:102,23
DA:130,41
DA:132,41
DA:143,41
DA:163,46
DA:165,46
DA:175,5
DA:177,5
DA:178,1
DA:181,4
DA:185,5
DA:189,4
DA:191,3
DA:211,4
DA:213,4
DA:214,1
DA:217,3
DA:218,3
DA:220,2
DA:221,2
DA:223,2
DA:243,3
DA:245,3
DA:246,1
DA:249,2
DA:250,2
DA:252,1
DA:272,3
DA:274,3
DA:275,1
DA:278,2
DA:279,2
LF:44
LH:44
BRDA:39,0,0,6
BRDA:43,1,0,1
BRDA:43,1,1,5
BRDA:49,2,0,4
BRDA:49,2,1,1
BRDA:137,3,0,39
BRDA:137,3,1,2
BRDA:177,4,0,1
BRDA:177,4,1,4
BRDA:181,5,0,1
BRDA:181,5,1,3
BRDA:189,6,0,1
BRDA:189,6,1,3
BRDA:213,7,0,1
BRDA:213,7,1,3
BRDA:218,8,0,1
BRDA:218,8,1,2
BRDA:245,9,0,1
BRDA:245,9,1,2
BRDA:250,10,0,1
BRDA:250,10,1,1
BRDA:274,11,0,1
BRDA:274,11,1,2
BRDA:279,12,0,1
BRDA:279,12,1,1
BRF:25
BRH:25
end_of_record
TN:
SF:lib/services/orchestration.service.ts
FN:54,(anonymous_0)
FN:61,(anonymous_1)
FN:181,(anonymous_2)
FN:198,(anonymous_3)
FN:245,(anonymous_4)
FN:254,(anonymous_5)
FN:272,(anonymous_6)
FN:280,(anonymous_7)
FN:297,(anonymous_8)
FN:352,(anonymous_9)
FN:393,(anonymous_10)
FN:455,(anonymous_11)
FN:499,(anonymous_12)
FN:512,(anonymous_13)
FN:513,(anonymous_14)
FNF:15
FNH:12
FNDA:20,(anonymous_0)
FNDA:20,(anonymous_1)
FNDA:23,(anonymous_2)
FNDA:14,(anonymous_3)
FNDA:1,(anonymous_4)
FNDA:2,(anonymous_5)
FNDA:2,(anonymous_6)
FNDA:5,(anonymous_7)
FNDA:2,(anonymous_8)
FNDA:39,(anonymous_9)
FNDA:1,(anonymous_10)
FNDA:0,(anonymous_11)
FNDA:7,(anonymous_12)
FNDA:0,(anonymous_13)
FNDA:0,(anonymous_14)
DA:7,1
DA:51,20
DA:52,20
DA:55,20
DA:62,20
DA:64,20
DA:68,20
DA:69,1
DA:73,1
DA:77,19
DA:85,19
DA:87,19
DA:94,19
DA:97,19
DA:98,19
DA:100,19
DA:102,14
DA:103,83
DA:104,83
DA:105,23
DA:106,23
DA:115,13
DA:118,1
DA:119,6
DA:120,6
DA:121,2
DA:124,1
DA:127,2
DA:128,15
DA:129,15
DA:130,5
DA:133,2
DA:136,2
DA:137,15
DA:138,15
DA:139,5
DA:142,2
DA:145,18
DA:148,18
DA:149,0
DA:150,0
DA:152,0
DA:154,0
DA:156,0
DA:162,0
DA:164,0
DA:169,0
DA:170,0
DA:171,0
DA:175,0
DA:176,0
DA:181,23
DA:182,18
DA:184,1
DA:199,14
DA:200,14
DA:201,14
DA:202,14
DA:203,14
DA:204,14
DA:207,14
DA:208,14
DA:209,14
DA:211,14
DA:214,14
DA:215,13
DA:221,40
DA:222,40
DA:223,15
DA:226,13
DA:230,14
DA:232,14
DA:236,14
DA:237,43
DA:246,1
DA:247,1
DA:248,1
DA:251,1
DA:254,1
DA:255,2
DA:261,1
DA:262,1
DA:263,2
DA:264,6
DA:273,2
DA:275,2
DA:280,2
DA:281,5
DA:286,2
DA:287,2
DA:288,5
DA:289,15
DA:298,2
DA:299,2
DA:300,2
DA:301,2
DA:303,2
DA:304,2
DA:307,2
DA:313,6
DA:314,6
DA:315,2
DA:318,2
DA:321,2
DA:326,6
DA:327,6
DA:328,2
DA:331,2
DA:334,2
DA:335,1
DA:340,3
DA:358,39
DA:359,39
DA:360,1
DA:361,1
DA:364,38
DA:365,39
DA:367,39
DA:372,39
DA:379,38
DA:382,38
DA:383,38
DA:385,38
DA:386,38
DA:388,38
DA:393,1
DA:402,80
DA:403,43
DA:404,43
DA:407,43
DA:408,10
DA:410,37
DA:411,35
DA:412,2
DA:413,2
DA:414,2
DA:419,35
DA:422,35
DA:425,35
DA:426,35
DA:436,35
DA:445,35
DA:460,0
DA:461,0
DA:462,0
DA:464,0
DA:465,0
DA:467,0
DA:470,0
DA:471,0
DA:472,0
DA:473,0
DA:474,0
DA:476,0
DA:477,0
DA:479,0
DA:482,0
DA:483,0
DA:484,0
DA:485,0
DA:486,0
DA:487,0
DA:493,0
DA:502,7
DA:503,7
DA:504,21
DA:506,7
DA:513,0
LF:168
LH:134
BRDA:68,0,0,1
BRDA:68,0,1,19
BRDA:100,1,0,14
BRDA:100,1,1,1
BRDA:100,1,2,2
BRDA:100,1,3,2
BRDA:104,2,0,23
BRDA:104,2,1,60
BRDA:104,3,0,83
BRDA:104,3,1,23
BRDA:110,4,0,23
BRDA:110,4,1,0
BRDA:111,5,0,23
BRDA:111,5,1,0
BRDA:120,6,0,2
BRDA:120,6,1,4
BRDA:120,7,0,6
BRDA:120,7,1,2
BRDA:129,8,0,5
BRDA:129,8,1,10
BRDA:129,9,0,15
BRDA:129,9,1,5
BRDA:138,10,0,5
BRDA:138,10,1,10
BRDA:138,11,0,15
BRDA:138,11,1,5
BRDA:148,12,0,0
BRDA:148,12,1,18
BRDA:148,13,0,18
BRDA:148,13,1,0
BRDA:162,14,0,0
BRDA:162,14,1,0
BRDA:170,15,0,0
BRDA:170,15,1,0
BRDA:186,16,0,1
BRDA:186,16,1,0
BRDA:202,17,0,14
BRDA:202,17,1,1
BRDA:203,18,0,14
BRDA:203,18,1,0
BRDA:209,19,0,14
BRDA:209,19,1,14
BRDA:214,20,0,13
BRDA:214,20,1,1
BRDA:214,21,0,14
BRDA:214,21,1,14
BRDA:214,21,2,13
BRDA:222,22,0,15
BRDA:222,22,1,25
BRDA:222,23,0,40
BRDA:222,23,1,15
BRDA:230,24,0,14
BRDA:230,24,1,0
BRDA:230,25,0,14
BRDA:230,25,1,13
BRDA:230,25,2,14
BRDA:232,26,0,12
BRDA:232,26,1,2
BRDA:232,27,0,14
BRDA:232,27,1,13
BRDA:233,28,0,12
BRDA:233,28,1,0
BRDA:275,29,0,1
BRDA:275,29,1,1
BRDA:275,30,0,2
BRDA:275,30,1,1
BRDA:299,31,0,2
BRDA:299,31,1,0
BRDA:300,32,0,2
BRDA:300,32,1,0
BRDA:314,33,0,2
BRDA:314,33,1,4
BRDA:314,34,0,6
BRDA:314,34,1,2
BRDA:327,35,0,2
BRDA:327,35,1,4
BRDA:327,36,0,6
BRDA:327,36,1,2
BRDA:334,37,0,1
BRDA:334,37,1,1
BRDA:359,38,0,1
BRDA:359,38,1,38
BRDA:364,39,0,38
BRDA:364,39,1,0
BRDA:365,40,0,39
BRDA:365,40,1,38
BRDA:367,41,0,5
BRDA:367,41,1,33
BRDA:368,42,0,5
BRDA:368,42,1,0
BRDA:369,43,0,33
BRDA:369,43,1,0
BRDA:400,44,0,21
BRDA:400,44,1,17
BRDA:402,45,0,43
BRDA:402,45,1,37
BRDA:402,46,0,80
BRDA:402,46,1,43
BRDA:407,47,0,10
BRDA:407,47,1,33
BRDA:410,48,0,35
BRDA:410,48,1,2
BRDA:411,49,0,35
BRDA:411,49,1,0
BRDA:412,50,0,2
BRDA:412,50,1,0
BRDA:460,51,0,0
BRDA:460,51,1,0
BRDA:460,52,0,0
BRDA:460,52,1,0
BRDA:461,53,0,0
BRDA:461,53,1,0
BRDA:464,54,0,0
BRDA:464,54,1,0
BRDA:470,55,0,0
BRDA:470,55,1,0
BRDA:471,56,0,0
BRDA:471,56,1,0
BRDA:472,57,0,0
BRDA:472,57,1,0
BRDA:473,58,0,0
BRDA:473,58,1,0
BRDA:476,59,0,0
BRDA:476,59,1,0
BRDA:482,60,0,0
BRDA:482,60,1,0
BRDA:483,61,0,0
BRDA:483,61,1,0
BRDA:484,62,0,0
BRDA:484,62,1,0
BRF:130
BRH:87
end_of_record
TN:
SF:lib/services/user.service.ts
FN:36,(anonymous_0)
FN:58,(anonymous_1)
FN:101,(anonymous_2)
FN:151,(anonymous_3)
FN:165,(anonymous_4)
FN:175,(anonymous_5)
FNF:6
FNH:6
FNDA:2,(anonymous_0)
FNDA:2,(anonymous_1)
FNDA:2,(anonymous_2)
FNDA:2,(anonymous_3)
FNDA:2,(anonymous_4)
FNDA:2,(anonymous_5)
DA:37,3
DA:39,3
DA:40,3
DA:42,2
DA:62,6
DA:65,6
DA:66,4
DA:70,4
DA:71,1
DA:75,5
DA:76,5
DA:77,5
DA:79,5
DA:83,5
DA:85,4
DA:102,5
DA:104,5
DA:105,5
DA:108,4
DA:109,4
DA:111,4
DA:128,4
DA:134,5
DA:152,42
DA:154,42
DA:159,42
DA:166,24
DA:168,24
DA:169,24
DA:184,38
DA:186,38
LF:31
LH:31
BRDA:40,0,0,1
BRDA:40,0,1,2
BRDA:65,1,0,4
BRDA:65,1,1,2
BRDA:70,2,0,1
BRDA:70,2,1,3
BRDA:76,3,0,3
BRDA:76,3,1,2
BRDA:77,4,0,3
BRDA:77,4,1,2
BRDA:83,5,0,1
BRDA:83,5,1,4
BRDA:105,6,0,1
BRDA:105,6,1,4
BRDA:128,7,0,4
BRDA:128,7,1,2
BRDA:169,8,0,23
BRDA:169,8,1,1
BRF:18
BRH:18
end_of_record
TN:
SF:lib/validations/index.ts
FN:167,parseOrThrow
FN:170,(anonymous_1)
FN:176,parseQueryParams
FN:181,(anonymous_3)
FNF:4
FNH:4
FNDA:3,parseOrThrow
FNDA:6,(anonymous_1)
FNDA:2,parseQueryParams
FNDA:2,(anonymous_3)
DA:7,2
DA:13,2
DA:17,2
DA:19,2
DA:21,2
DA:27,2
DA:38,2
DA:49,2
DA:58,2
DA:63,2
DA:71,2
DA:86,2
DA:95,2
DA:100,2
DA:112,2
DA:124,2
DA:140,2
DA:147,2
DA:153,2
DA:168,3
DA:169,3
DA:170,6
DA:171,2
DA:173,1
DA:180,2
DA:181,2
DA:182,2
DA:184,2
LF:28
LH:28
BRDA:169,0,0,2
BRDA:169,0,1,1
BRF:2
BRH:2
end_of_record
